0:0:0:0:0:0:0:1 - - [27/Nov/2023:21:16:36 +0100] "GET /favicon.ico HTTP/1.1" 200 37
0:0:0:0:0:0:0:1 - - [27/Nov/2023:21:16:40 +0100] "GET /logout HTTP/1.1" 302 -
0:0:0:0:0:0:0:1 - - [27/Nov/2023:21:16:41 +0100] "GET /login?logout HTTP/1.1" 200 2625
0:0:0:0:0:0:0:1 - - [27/Nov/2023:21:16:41 +0100] "GET /webjars/jquery/3.7.1/jquery.min.js HTTP/1.1" 200 87533
0:0:0:0:0:0:0:1 - - [27/Nov/2023:21:16:41 +0100] "GET /webjars/bootstrap/5.3.2/js/bootstrap.bundle.min.js HTTP/1.1" 200 80663
0:0:0:0:0:0:0:1 - - [27/Nov/2023:21:16:41 +0100] "GET /webjars/bootstrap/5.3.2/css/bootstrap.min.css HTTP/1.1" 200 232948
0:0:0:0:0:0:0:1 - - [27/Nov/2023:21:16:41 +0100] "GET /favicon.ico HTTP/1.1" 200 37
0:0:0:0:0:0:0:1 - - [27/Nov/2023:21:16:46 +0100] "POST /login HTTP/1.1" 302 -
0:0:0:0:0:0:0:1 - - [27/Nov/2023:21:16:47 +0100] "GET /welcome HTTP/1.1" 302 -
0:0:0:0:0:0:0:1 - - [27/Nov/2023:21:16:47 +0100] "GET /welcome/admin?lang=de HTTP/1.1" 200 4666
0:0:0:0:0:0:0:1 - - [27/Nov/2023:21:16:47 +0100] "GET /webjars/bootstrap/5.3.2/js/bootstrap.bundle.min.js HTTP/1.1" 200 80663
0:0:0:0:0:0:0:1 - - [27/Nov/2023:21:16:47 +0100] "GET /webjars/bootstrap/5.3.2/css/bootstrap.min.css HTTP/1.1" 200 232948
0:0:0:0:0:0:0:1 - - [27/Nov/2023:21:16:47 +0100] "GET /webjars/jquery/3.7.1/jquery.min.js HTTP/1.1" 200 87533
0:0:0:0:0:0:0:1 - - [27/Nov/2023:21:16:47 +0100] "GET /favicon.ico HTTP/1.1" 200 37
0:0:0:0:0:0:0:1 - - [27/Nov/2023:21:37:42 +0100] "GET /favicon.ico HTTP/1.1" 200 37
0:0:0:0:0:0:0:1 - - [27/Nov/2023:21:39:22 +0100] "GET /welcome/admin?lang=de HTTP/1.1" 200 4666
0:0:0:0:0:0:0:1 - - [27/Nov/2023:21:39:22 +0100] "GET /webjars/bootstrap/5.3.2/js/bootstrap.bundle.min.js HTTP/1.1" 200 80663
0:0:0:0:0:0:0:1 - - [27/Nov/2023:21:39:22 +0100] "GET /webjars/jquery/3.7.1/jquery.min.js HTTP/1.1" 200 87533
0:0:0:0:0:0:0:1 - - [27/Nov/2023:21:39:22 +0100] "GET /webjars/bootstrap/5.3.2/css/bootstrap.min.css HTTP/1.1" 200 232948
0:0:0:0:0:0:0:1 - - [27/Nov/2023:21:39:22 +0100] "GET /favicon.ico HTTP/1.1" 200 37
0:0:0:0:0:0:0:1 - - [27/Nov/2023:21:40:41 +0100] "GET /welcome/admin?lang=de HTTP/1.1" 200 4679
0:0:0:0:0:0:0:1 - - [27/Nov/2023:21:40:41 +0100] "GET /webjars/bootstrap/5.3.2/css/bootstrap.min.css HTTP/1.1" 200 232948
0:0:0:0:0:0:0:1 - - [27/Nov/2023:21:40:41 +0100] "GET /webjars/jquery/3.7.1/jquery.min.js HTTP/1.1" 200 87533
0:0:0:0:0:0:0:1 - - [27/Nov/2023:21:40:41 +0100] "GET /webjars/bootstrap/5.3.2/js/bootstrap.bundle.min.js HTTP/1.1" 200 80663
0:0:0:0:0:0:0:1 - - [27/Nov/2023:21:40:41 +0100] "GET /favicon.ico HTTP/1.1" 200 37
0:0:0:0:0:0:0:1 - - [27/Nov/2023:21:40:42 +0100] "GET /welcome/admin?lang=de HTTP/1.1" 200 4679
0:0:0:0:0:0:0:1 - - [27/Nov/2023:21:40:42 +0100] "GET /webjars/jquery/3.7.1/jquery.min.js HTTP/1.1" 200 87533
0:0:0:0:0:0:0:1 - - [27/Nov/2023:21:40:42 +0100] "GET /webjars/bootstrap/5.3.2/css/bootstrap.min.css HTTP/1.1" 200 232948
0:0:0:0:0:0:0:1 - - [27/Nov/2023:21:40:42 +0100] "GET /webjars/bootstrap/5.3.2/js/bootstrap.bundle.min.js HTTP/1.1" 200 80663
0:0:0:0:0:0:0:1 - - [27/Nov/2023:21:40:42 +0100] "GET /favicon.ico HTTP/1.1" 200 37
0:0:0:0:0:0:0:1 - - [27/Nov/2023:21:54:30 +0100] "GET /welcome/admin?lang=de HTTP/1.1" 200 4685
0:0:0:0:0:0:0:1 - - [27/Nov/2023:21:54:30 +0100] "GET /webjars/bootstrap/5.3.2/css/bootstrap.min.css HTTP/1.1" 200 232948
0:0:0:0:0:0:0:1 - - [27/Nov/2023:21:54:30 +0100] "GET /webjars/bootstrap/5.3.2/js/bootstrap.bundle.min.js HTTP/1.1" 200 80663
0:0:0:0:0:0:0:1 - - [27/Nov/2023:21:54:30 +0100] "GET /webjars/jquery/3.7.1/jquery.min.js HTTP/1.1" 200 87533
0:0:0:0:0:0:0:1 - - [27/Nov/2023:21:54:30 +0100] "GET /favicon.ico HTTP/1.1" 200 37
0:0:0:0:0:0:0:1 - - [27/Nov/2023:21:54:35 +0100] "GET /togglelockuser?id=1 HTTP/1.1" 200 -
0:0:0:0:0:0:0:1 - - [27/Nov/2023:21:54:35 +0100] "GET /favicon.ico HTTP/1.1" 200 37
0:0:0:0:0:0:0:1 - - [27/Nov/2023:21:56:25 +0100] "GET /togglelockuser?id=1 HTTP/1.1" 200 1559
0:0:0:0:0:0:0:1 - - [27/Nov/2023:21:56:25 +0100] "GET /webjars/jquery/3.7.1/jquery.min.js HTTP/1.1" 200 87533
0:0:0:0:0:0:0:1 - - [27/Nov/2023:21:56:25 +0100] "GET /webjars/bootstrap/5.3.2/css/bootstrap.min.css HTTP/1.1" 200 232948
0:0:0:0:0:0:0:1 - - [27/Nov/2023:21:56:25 +0100] "GET /webjars/bootstrap/5.3.2/js/bootstrap.bundle.min.js HTTP/1.1" 200 80663
0:0:0:0:0:0:0:1 - - [27/Nov/2023:21:56:25 +0100] "GET /favicon.ico HTTP/1.1" 200 37
0:0:0:0:0:0:0:1 - - [27/Nov/2023:21:56:27 +0100] "GET /togglelockuser?id=1 HTTP/1.1" 200 1559
0:0:0:0:0:0:0:1 - - [27/Nov/2023:21:56:27 +0100] "GET /webjars/bootstrap/5.3.2/js/bootstrap.bundle.min.js HTTP/1.1" 200 80663
0:0:0:0:0:0:0:1 - - [27/Nov/2023:21:56:27 +0100] "GET /webjars/jquery/3.7.1/jquery.min.js HTTP/1.1" 200 87533
0:0:0:0:0:0:0:1 - - [27/Nov/2023:21:56:27 +0100] "GET /webjars/bootstrap/5.3.2/css/bootstrap.min.css HTTP/1.1" 200 232948
0:0:0:0:0:0:0:1 - - [27/Nov/2023:21:56:27 +0100] "GET /favicon.ico HTTP/1.1" 200 37
0:0:0:0:0:0:0:1 - - [27/Nov/2023:21:56:29 +0100] "GET /logout HTTP/1.1" 302 -
0:0:0:0:0:0:0:1 - - [27/Nov/2023:21:56:29 +0100] "GET /login?logout HTTP/1.1" 200 2625
0:0:0:0:0:0:0:1 - - [27/Nov/2023:21:56:29 +0100] "GET /webjars/bootstrap/5.3.2/js/bootstrap.bundle.min.js HTTP/1.1" 200 80663
0:0:0:0:0:0:0:1 - - [27/Nov/2023:21:56:29 +0100] "GET /webjars/jquery/3.7.1/jquery.min.js HTTP/1.1" 200 87533
0:0:0:0:0:0:0:1 - - [27/Nov/2023:21:56:29 +0100] "GET /webjars/bootstrap/5.3.2/css/bootstrap.min.css HTTP/1.1" 200 232948
0:0:0:0:0:0:0:1 - - [27/Nov/2023:21:56:29 +0100] "GET /favicon.ico HTTP/1.1" 200 37
0:0:0:0:0:0:0:1 - - [27/Nov/2023:21:56:34 +0100] "POST /login HTTP/1.1" 302 -
0:0:0:0:0:0:0:1 - - [27/Nov/2023:21:56:34 +0100] "GET /welcome HTTP/1.1" 302 -
0:0:0:0:0:0:0:1 - - [27/Nov/2023:21:56:34 +0100] "GET /welcome/admin?lang=de HTTP/1.1" 200 4685
0:0:0:0:0:0:0:1 - - [27/Nov/2023:21:56:34 +0100] "GET /webjars/jquery/3.7.1/jquery.min.js HTTP/1.1" 200 87533
0:0:0:0:0:0:0:1 - - [27/Nov/2023:21:56:34 +0100] "GET /webjars/bootstrap/5.3.2/js/bootstrap.bundle.min.js HTTP/1.1" 200 80663
0:0:0:0:0:0:0:1 - - [27/Nov/2023:21:56:34 +0100] "GET /webjars/bootstrap/5.3.2/css/bootstrap.min.css HTTP/1.1" 200 232948
0:0:0:0:0:0:0:1 - - [27/Nov/2023:21:56:34 +0100] "GET /favicon.ico HTTP/1.1" 200 37
0:0:0:0:0:0:0:1 - - [27/Nov/2023:21:56:42 +0100] "GET /togglelockuser?id=1 HTTP/1.1" 200 1559
0:0:0:0:0:0:0:1 - - [27/Nov/2023:21:56:42 +0100] "GET /webjars/bootstrap/5.3.2/js/bootstrap.bundle.min.js HTTP/1.1" 200 80663
0:0:0:0:0:0:0:1 - - [27/Nov/2023:21:56:42 +0100] "GET /webjars/jquery/3.7.1/jquery.min.js HTTP/1.1" 200 87533
0:0:0:0:0:0:0:1 - - [27/Nov/2023:21:56:42 +0100] "GET /webjars/bootstrap/5.3.2/css/bootstrap.min.css HTTP/1.1" 200 232948
0:0:0:0:0:0:0:1 - - [27/Nov/2023:21:56:42 +0100] "GET /favicon.ico HTTP/1.1" 200 37
0:0:0:0:0:0:0:1 - - [27/Nov/2023:21:58:11 +0100] "GET /logout HTTP/1.1" 302 -
0:0:0:0:0:0:0:1 - - [27/Nov/2023:21:58:11 +0100] "GET /login?logout HTTP/1.1" 200 2625
0:0:0:0:0:0:0:1 - - [27/Nov/2023:21:58:11 +0100] "GET /webjars/jquery/3.7.1/jquery.min.js HTTP/1.1" 200 87533
0:0:0:0:0:0:0:1 - - [27/Nov/2023:21:58:11 +0100] "GET /webjars/bootstrap/5.3.2/js/bootstrap.bundle.min.js HTTP/1.1" 200 80663
0:0:0:0:0:0:0:1 - - [27/Nov/2023:21:58:11 +0100] "GET /webjars/bootstrap/5.3.2/css/bootstrap.min.css HTTP/1.1" 200 232948
0:0:0:0:0:0:0:1 - - [27/Nov/2023:21:58:11 +0100] "GET /favicon.ico HTTP/1.1" 200 37
0:0:0:0:0:0:0:1 - - [27/Nov/2023:21:58:15 +0100] "POST /login HTTP/1.1" 302 -
0:0:0:0:0:0:0:1 - - [27/Nov/2023:21:58:15 +0100] "GET /welcome HTTP/1.1" 302 -
0:0:0:0:0:0:0:1 - - [27/Nov/2023:21:58:15 +0100] "GET /welcome/admin?lang=de HTTP/1.1" 200 4688
0:0:0:0:0:0:0:1 - - [27/Nov/2023:21:58:15 +0100] "GET /webjars/jquery/3.7.1/jquery.min.js HTTP/1.1" 200 87533
0:0:0:0:0:0:0:1 - - [27/Nov/2023:21:58:15 +0100] "GET /webjars/bootstrap/5.3.2/css/bootstrap.min.css HTTP/1.1" 200 232948
0:0:0:0:0:0:0:1 - - [27/Nov/2023:21:58:15 +0100] "GET /webjars/bootstrap/5.3.2/js/bootstrap.bundle.min.js HTTP/1.1" 200 80663
0:0:0:0:0:0:0:1 - - [27/Nov/2023:21:58:15 +0100] "GET /favicon.ico HTTP/1.1" 200 37
0:0:0:0:0:0:0:1 - - [27/Nov/2023:21:58:20 +0100] "GET /togglelockuser?id=1 HTTP/1.1" 302 -
0:0:0:0:0:0:0:1 - - [27/Nov/2023:21:58:20 +0100] "GET /welcome/admin?lang=de HTTP/1.1" 200 4685
0:0:0:0:0:0:0:1 - - [27/Nov/2023:21:58:20 +0100] "GET /webjars/bootstrap/5.3.2/js/bootstrap.bundle.min.js HTTP/1.1" 200 80663
0:0:0:0:0:0:0:1 - - [27/Nov/2023:21:58:20 +0100] "GET /webjars/jquery/3.7.1/jquery.min.js HTTP/1.1" 200 87533
0:0:0:0:0:0:0:1 - - [27/Nov/2023:21:58:20 +0100] "GET /webjars/bootstrap/5.3.2/css/bootstrap.min.css HTTP/1.1" 200 232948
0:0:0:0:0:0:0:1 - - [27/Nov/2023:21:58:20 +0100] "GET /favicon.ico HTTP/1.1" 200 37
0:0:0:0:0:0:0:1 - - [27/Nov/2023:21:58:23 +0100] "GET /togglelockuser?id=1 HTTP/1.1" 302 -
0:0:0:0:0:0:0:1 - - [27/Nov/2023:21:58:23 +0100] "GET /welcome/admin?lang=de HTTP/1.1" 200 4688
0:0:0:0:0:0:0:1 - - [27/Nov/2023:21:58:23 +0100] "GET /webjars/jquery/3.7.1/jquery.min.js HTTP/1.1" 200 87533
0:0:0:0:0:0:0:1 - - [27/Nov/2023:21:58:23 +0100] "GET /webjars/bootstrap/5.3.2/css/bootstrap.min.css HTTP/1.1" 200 232948
0:0:0:0:0:0:0:1 - - [27/Nov/2023:21:58:23 +0100] "GET /webjars/bootstrap/5.3.2/js/bootstrap.bundle.min.js HTTP/1.1" 200 80663
0:0:0:0:0:0:0:1 - - [27/Nov/2023:21:58:24 +0100] "GET /favicon.ico HTTP/1.1" 200 37
0:0:0:0:0:0:0:1 - - [27/Nov/2023:21:58:27 +0100] "GET /togglelockuser?id=1 HTTP/1.1" 302 -
0:0:0:0:0:0:0:1 - - [27/Nov/2023:21:58:27 +0100] "GET /welcome/admin?lang=de HTTP/1.1" 200 4685
0:0:0:0:0:0:0:1 - - [27/Nov/2023:21:58:27 +0100] "GET /webjars/bootstrap/5.3.2/js/bootstrap.bundle.min.js HTTP/1.1" 200 80663
0:0:0:0:0:0:0:1 - - [27/Nov/2023:21:58:27 +0100] "GET /webjars/jquery/3.7.1/jquery.min.js HTTP/1.1" 200 87533
0:0:0:0:0:0:0:1 - - [27/Nov/2023:21:58:27 +0100] "GET /webjars/bootstrap/5.3.2/css/bootstrap.min.css HTTP/1.1" 200 232948
0:0:0:0:0:0:0:1 - - [27/Nov/2023:21:58:27 +0100] "GET /favicon.ico HTTP/1.1" 200 37
0:0:0:0:0:0:0:1 - - [27/Nov/2023:21:58:29 +0100] "GET /togglelockuser?id=1 HTTP/1.1" 302 -
0:0:0:0:0:0:0:1 - - [27/Nov/2023:21:58:29 +0100] "GET /welcome/admin?lang=de HTTP/1.1" 200 4688
0:0:0:0:0:0:0:1 - - [27/Nov/2023:21:58:29 +0100] "GET /webjars/bootstrap/5.3.2/js/bootstrap.bundle.min.js HTTP/1.1" 200 80663
0:0:0:0:0:0:0:1 - - [27/Nov/2023:21:58:29 +0100] "GET /webjars/bootstrap/5.3.2/css/bootstrap.min.css HTTP/1.1" 200 232948
0:0:0:0:0:0:0:1 - - [27/Nov/2023:21:58:29 +0100] "GET /webjars/jquery/3.7.1/jquery.min.js HTTP/1.1" 200 87533
0:0:0:0:0:0:0:1 - - [27/Nov/2023:21:58:29 +0100] "GET /favicon.ico HTTP/1.1" 200 37
0:0:0:0:0:0:0:1 - - [27/Nov/2023:21:58:49 +0100] "GET /togglelockuser?id=1 HTTP/1.1" 302 -
0:0:0:0:0:0:0:1 - - [27/Nov/2023:21:58:49 +0100] "GET /welcome/admin?lang=de HTTP/1.1" 200 4685
0:0:0:0:0:0:0:1 - - [27/Nov/2023:21:58:49 +0100] "GET /webjars/jquery/3.7.1/jquery.min.js HTTP/1.1" 200 87533
0:0:0:0:0:0:0:1 - - [27/Nov/2023:21:58:49 +0100] "GET /webjars/bootstrap/5.3.2/css/bootstrap.min.css HTTP/1.1" 200 232948
0:0:0:0:0:0:0:1 - - [27/Nov/2023:21:58:49 +0100] "GET /webjars/bootstrap/5.3.2/js/bootstrap.bundle.min.js HTTP/1.1" 200 80663
0:0:0:0:0:0:0:1 - - [27/Nov/2023:21:58:49 +0100] "GET /favicon.ico HTTP/1.1" 200 37
0:0:0:0:0:0:0:1 - - [27/Nov/2023:21:59:09 +0100] "GET /togglelockuser?id=1 HTTP/1.1" 302 -
0:0:0:0:0:0:0:1 - - [27/Nov/2023:21:59:09 +0100] "GET /welcome/admin?lang=de HTTP/1.1" 200 4688
0:0:0:0:0:0:0:1 - - [27/Nov/2023:21:59:09 +0100] "GET /webjars/jquery/3.7.1/jquery.min.js HTTP/1.1" 200 87533
0:0:0:0:0:0:0:1 - - [27/Nov/2023:21:59:09 +0100] "GET /webjars/bootstrap/5.3.2/js/bootstrap.bundle.min.js HTTP/1.1" 200 80663
0:0:0:0:0:0:0:1 - - [27/Nov/2023:21:59:09 +0100] "GET /webjars/bootstrap/5.3.2/css/bootstrap.min.css HTTP/1.1" 200 232948
0:0:0:0:0:0:0:1 - - [27/Nov/2023:21:59:09 +0100] "GET /favicon.ico HTTP/1.1" 200 37
0:0:0:0:0:0:0:1 - - [27/Nov/2023:21:59:45 +0100] "GET /togglelockuser?id=1 HTTP/1.1" 302 -
0:0:0:0:0:0:0:1 - - [27/Nov/2023:21:59:45 +0100] "GET /welcome/admin?lang=de HTTP/1.1" 200 4685
0:0:0:0:0:0:0:1 - - [27/Nov/2023:21:59:45 +0100] "GET /webjars/bootstrap/5.3.2/js/bootstrap.bundle.min.js HTTP/1.1" 200 80663
0:0:0:0:0:0:0:1 - - [27/Nov/2023:21:59:45 +0100] "GET /webjars/jquery/3.7.1/jquery.min.js HTTP/1.1" 200 87533
0:0:0:0:0:0:0:1 - - [27/Nov/2023:21:59:45 +0100] "GET /webjars/bootstrap/5.3.2/css/bootstrap.min.css HTTP/1.1" 200 232948
0:0:0:0:0:0:0:1 - - [27/Nov/2023:21:59:45 +0100] "GET /favicon.ico HTTP/1.1" 200 37
0:0:0:0:0:0:0:1 - - [27/Nov/2023:21:59:48 +0100] "GET /togglelockuser?id=1 HTTP/1.1" 302 -
0:0:0:0:0:0:0:1 - - [27/Nov/2023:21:59:48 +0100] "GET /welcome/admin?lang=de HTTP/1.1" 200 4688
0:0:0:0:0:0:0:1 - - [27/Nov/2023:21:59:48 +0100] "GET /webjars/jquery/3.7.1/jquery.min.js HTTP/1.1" 200 87533
0:0:0:0:0:0:0:1 - - [27/Nov/2023:21:59:48 +0100] "GET /webjars/bootstrap/5.3.2/js/bootstrap.bundle.min.js HTTP/1.1" 200 80663
0:0:0:0:0:0:0:1 - - [27/Nov/2023:21:59:48 +0100] "GET /webjars/bootstrap/5.3.2/css/bootstrap.min.css HTTP/1.1" 200 232948
0:0:0:0:0:0:0:1 - - [27/Nov/2023:21:59:48 +0100] "GET /favicon.ico HTTP/1.1" 200 37
0:0:0:0:0:0:0:1 - - [27/Nov/2023:22:00:08 +0100] "GET /welcome/admin?lang=de HTTP/1.1" 200 4688
127.0.0.1 - - [27/Nov/2023:22:00:08 +0100] "GET /webjars/jquery/3.7.1/jquery.min.js HTTP/1.1" 200 87533
127.0.0.1 - - [27/Nov/2023:22:00:08 +0100] "GET /webjars/bootstrap/5.3.2/js/bootstrap.bundle.min.js HTTP/1.1" 200 80663
0:0:0:0:0:0:0:1 - - [27/Nov/2023:22:00:08 +0100] "GET /webjars/bootstrap/5.3.2/css/bootstrap.min.css HTTP/1.1" 200 232948
0:0:0:0:0:0:0:1 - - [27/Nov/2023:22:00:08 +0100] "GET /favicon.ico HTTP/1.1" 200 37
0:0:0:0:0:0:0:1 - - [27/Nov/2023:22:00:09 +0100] "GET /welcome/admin?lang=de HTTP/1.1" 200 4688
127.0.0.1 - - [27/Nov/2023:22:00:09 +0100] "GET /webjars/bootstrap/5.3.2/js/bootstrap.bundle.min.js HTTP/1.1" 200 80663
127.0.0.1 - - [27/Nov/2023:22:00:09 +0100] "GET /webjars/jquery/3.7.1/jquery.min.js HTTP/1.1" 200 87533
0:0:0:0:0:0:0:1 - - [27/Nov/2023:22:00:09 +0100] "GET /webjars/bootstrap/5.3.2/css/bootstrap.min.css HTTP/1.1" 200 232948
0:0:0:0:0:0:0:1 - - [27/Nov/2023:22:00:09 +0100] "GET /favicon.ico HTTP/1.1" 200 37
0:0:0:0:0:0:0:1 - - [27/Nov/2023:22:00:18 +0100] "GET /togglelockuser?id=1 HTTP/1.1" 302 -
0:0:0:0:0:0:0:1 - - [27/Nov/2023:22:00:18 +0100] "GET /welcome/admin?lang=de HTTP/1.1" 200 4685
0:0:0:0:0:0:0:1 - - [27/Nov/2023:22:00:18 +0100] "GET /webjars/bootstrap/5.3.2/css/bootstrap.min.css HTTP/1.1" 200 232948
127.0.0.1 - - [27/Nov/2023:22:00:18 +0100] "GET /webjars/jquery/3.7.1/jquery.min.js HTTP/1.1" 200 87533
127.0.0.1 - - [27/Nov/2023:22:00:18 +0100] "GET /webjars/bootstrap/5.3.2/js/bootstrap.bundle.min.js HTTP/1.1" 200 80663
127.0.0.1 - - [27/Nov/2023:22:00:18 +0100] "GET /favicon.ico HTTP/1.1" 200 37
127.0.0.1 - - [27/Nov/2023:22:00:27 +0100] "GET /togglelockuser?id=1 HTTP/1.1" 302 -
127.0.0.1 - - [27/Nov/2023:22:00:27 +0100] "GET /welcome/admin?lang=de HTTP/1.1" 200 4688
127.0.0.1 - - [27/Nov/2023:22:00:27 +0100] "GET /webjars/bootstrap/5.3.2/css/bootstrap.min.css HTTP/1.1" 200 232948
0:0:0:0:0:0:0:1 - - [27/Nov/2023:22:00:27 +0100] "GET /webjars/bootstrap/5.3.2/js/bootstrap.bundle.min.js HTTP/1.1" 200 80663
127.0.0.1 - - [27/Nov/2023:22:00:27 +0100] "GET /webjars/jquery/3.7.1/jquery.min.js HTTP/1.1" 200 87533
127.0.0.1 - - [27/Nov/2023:22:00:27 +0100] "GET /favicon.ico HTTP/1.1" 200 37
0:0:0:0:0:0:0:1 - - [27/Nov/2023:22:12:44 +0100] "GET /welcome/admin?lang=de HTTP/1.1" 200 4697
0:0:0:0:0:0:0:1 - - [27/Nov/2023:22:12:44 +0100] "GET /webjars/bootstrap/5.3.2/css/bootstrap.min.css HTTP/1.1" 200 232948
0:0:0:0:0:0:0:1 - - [27/Nov/2023:22:12:44 +0100] "GET /webjars/bootstrap/5.3.2/js/bootstrap.bundle.min.js HTTP/1.1" 200 80663
0:0:0:0:0:0:0:1 - - [27/Nov/2023:22:12:44 +0100] "GET /webjars/jquery/3.7.1/jquery.min.js HTTP/1.1" 200 87533
0:0:0:0:0:0:0:1 - - [27/Nov/2023:22:12:44 +0100] "GET /favicon.ico HTTP/1.1" 200 37
0:0:0:0:0:0:0:1 - - [27/Nov/2023:22:12:49 +0100] "GET /togglelockuser?id=1 HTTP/1.1" 302 -
0:0:0:0:0:0:0:1 - - [27/Nov/2023:22:12:49 +0100] "GET /welcome/admin?lang=de HTTP/1.1" 200 4694
0:0:0:0:0:0:0:1 - - [27/Nov/2023:22:12:49 +0100] "GET /webjars/bootstrap/5.3.2/js/bootstrap.bundle.min.js HTTP/1.1" 200 80663
0:0:0:0:0:0:0:1 - - [27/Nov/2023:22:12:49 +0100] "GET /webjars/bootstrap/5.3.2/css/bootstrap.min.css HTTP/1.1" 200 232948
0:0:0:0:0:0:0:1 - - [27/Nov/2023:22:12:49 +0100] "GET /webjars/jquery/3.7.1/jquery.min.js HTTP/1.1" 200 87533
0:0:0:0:0:0:0:1 - - [27/Nov/2023:22:12:49 +0100] "GET /favicon.ico HTTP/1.1" 200 37
0:0:0:0:0:0:0:1 - - [27/Nov/2023:22:12:52 +0100] "GET /togglelockuser?id=1 HTTP/1.1" 302 -
0:0:0:0:0:0:0:1 - - [27/Nov/2023:22:12:52 +0100] "GET /welcome/admin?lang=de HTTP/1.1" 200 4697
0:0:0:0:0:0:0:1 - - [27/Nov/2023:22:12:52 +0100] "GET /webjars/bootstrap/5.3.2/js/bootstrap.bundle.min.js HTTP/1.1" 200 80663
0:0:0:0:0:0:0:1 - - [27/Nov/2023:22:12:52 +0100] "GET /webjars/jquery/3.7.1/jquery.min.js HTTP/1.1" 200 87533
0:0:0:0:0:0:0:1 - - [27/Nov/2023:22:12:52 +0100] "GET /webjars/bootstrap/5.3.2/css/bootstrap.min.css HTTP/1.1" 200 232948
0:0:0:0:0:0:0:1 - - [27/Nov/2023:22:12:52 +0100] "GET /favicon.ico HTTP/1.1" 200 37
0:0:0:0:0:0:0:1 - - [27/Nov/2023:22:13:05 +0100] "GET /welcome/admin?lang=de HTTP/1.1" 200 4697
0:0:0:0:0:0:0:1 - - [27/Nov/2023:22:13:05 +0100] "GET /favicon.ico HTTP/1.1" 200 37
0:0:0:0:0:0:0:1 - - [27/Nov/2023:22:14:01 +0100] "GET /welcome/admin?lang=de HTTP/1.1" 200 4702
0:0:0:0:0:0:0:1 - - [27/Nov/2023:22:14:01 +0100] "GET /webjars/bootstrap/5.3.2/css/bootstrap.min.css HTTP/1.1" 200 232948
0:0:0:0:0:0:0:1 - - [27/Nov/2023:22:14:01 +0100] "GET /webjars/bootstrap/5.3.2/js/bootstrap.bundle.min.js HTTP/1.1" 200 80663
0:0:0:0:0:0:0:1 - - [27/Nov/2023:22:14:01 +0100] "GET /webjars/jquery/3.7.1/jquery.min.js HTTP/1.1" 200 87533
0:0:0:0:0:0:0:1 - - [27/Nov/2023:22:14:01 +0100] "GET /favicon.ico HTTP/1.1" 200 37
0:0:0:0:0:0:0:1 - - [27/Nov/2023:22:14:04 +0100] "GET /togglelockuser?id=1 HTTP/1.1" 302 -
0:0:0:0:0:0:0:1 - - [27/Nov/2023:22:14:04 +0100] "GET /welcome/admin?lang=de HTTP/1.1" 200 4698
0:0:0:0:0:0:0:1 - - [27/Nov/2023:22:14:05 +0100] "GET /webjars/jquery/3.7.1/jquery.min.js HTTP/1.1" 200 87533
0:0:0:0:0:0:0:1 - - [27/Nov/2023:22:14:05 +0100] "GET /webjars/bootstrap/5.3.2/js/bootstrap.bundle.min.js HTTP/1.1" 200 80663
0:0:0:0:0:0:0:1 - - [27/Nov/2023:22:14:05 +0100] "GET /webjars/bootstrap/5.3.2/css/bootstrap.min.css HTTP/1.1" 200 232948
0:0:0:0:0:0:0:1 - - [27/Nov/2023:22:14:05 +0100] "GET /favicon.ico HTTP/1.1" 200 37
0:0:0:0:0:0:0:1 - - [27/Nov/2023:22:14:08 +0100] "GET /togglelockuser?id=1 HTTP/1.1" 302 -
0:0:0:0:0:0:0:1 - - [27/Nov/2023:22:14:08 +0100] "GET /welcome/admin?lang=de HTTP/1.1" 200 4702
0:0:0:0:0:0:0:1 - - [27/Nov/2023:22:14:08 +0100] "GET /webjars/bootstrap/5.3.2/js/bootstrap.bundle.min.js HTTP/1.1" 200 80663
0:0:0:0:0:0:0:1 - - [27/Nov/2023:22:14:08 +0100] "GET /webjars/jquery/3.7.1/jquery.min.js HTTP/1.1" 200 87533
0:0:0:0:0:0:0:1 - - [27/Nov/2023:22:14:08 +0100] "GET /webjars/bootstrap/5.3.2/css/bootstrap.min.css HTTP/1.1" 200 232948
0:0:0:0:0:0:0:1 - - [27/Nov/2023:22:14:08 +0100] "GET /favicon.ico HTTP/1.1" 200 37
0:0:0:0:0:0:0:1 - - [27/Nov/2023:22:14:10 +0100] "GET /togglelockuser?id=1 HTTP/1.1" 302 -
0:0:0:0:0:0:0:1 - - [27/Nov/2023:22:14:10 +0100] "GET /welcome/admin?lang=de HTTP/1.1" 200 4698
0:0:0:0:0:0:0:1 - - [27/Nov/2023:22:14:10 +0100] "GET /webjars/jquery/3.7.1/jquery.min.js HTTP/1.1" 200 87533
0:0:0:0:0:0:0:1 - - [27/Nov/2023:22:14:10 +0100] "GET /webjars/bootstrap/5.3.2/css/bootstrap.min.css HTTP/1.1" 200 232948
0:0:0:0:0:0:0:1 - - [27/Nov/2023:22:14:10 +0100] "GET /webjars/bootstrap/5.3.2/js/bootstrap.bundle.min.js HTTP/1.1" 200 80663
0:0:0:0:0:0:0:1 - - [27/Nov/2023:22:14:11 +0100] "GET /favicon.ico HTTP/1.1" 200 37
0:0:0:0:0:0:0:1 - - [27/Nov/2023:22:14:11 +0100] "GET /togglelockuser?id=1 HTTP/1.1" 302 -
0:0:0:0:0:0:0:1 - - [27/Nov/2023:22:14:11 +0100] "GET /welcome/admin?lang=de HTTP/1.1" 200 4702
0:0:0:0:0:0:0:1 - - [27/Nov/2023:22:14:11 +0100] "GET /webjars/bootstrap/5.3.2/js/bootstrap.bundle.min.js HTTP/1.1" 200 80663
0:0:0:0:0:0:0:1 - - [27/Nov/2023:22:14:11 +0100] "GET /webjars/jquery/3.7.1/jquery.min.js HTTP/1.1" 200 87533
0:0:0:0:0:0:0:1 - - [27/Nov/2023:22:14:11 +0100] "GET /webjars/bootstrap/5.3.2/css/bootstrap.min.css HTTP/1.1" 200 232948
0:0:0:0:0:0:0:1 - - [27/Nov/2023:22:14:11 +0100] "GET /favicon.ico HTTP/1.1" 200 37
0:0:0:0:0:0:0:1 - - [27/Nov/2023:22:14:12 +0100] "GET /togglelockuser?id=1 HTTP/1.1" 302 -
0:0:0:0:0:0:0:1 - - [27/Nov/2023:22:14:13 +0100] "GET /welcome/admin?lang=de HTTP/1.1" 200 4698
0:0:0:0:0:0:0:1 - - [27/Nov/2023:22:14:13 +0100] "GET /webjars/jquery/3.7.1/jquery.min.js HTTP/1.1" 200 87533
0:0:0:0:0:0:0:1 - - [27/Nov/2023:22:14:13 +0100] "GET /webjars/bootstrap/5.3.2/js/bootstrap.bundle.min.js HTTP/1.1" 200 80663
0:0:0:0:0:0:0:1 - - [27/Nov/2023:22:14:13 +0100] "GET /webjars/bootstrap/5.3.2/css/bootstrap.min.css HTTP/1.1" 200 232948
0:0:0:0:0:0:0:1 - - [27/Nov/2023:22:14:13 +0100] "GET /favicon.ico HTTP/1.1" 200 37
0:0:0:0:0:0:0:1 - - [27/Nov/2023:22:14:15 +0100] "GET /welcome/admin?lang=en HTTP/1.1" 200 4669
0:0:0:0:0:0:0:1 - - [27/Nov/2023:22:14:15 +0100] "GET /webjars/jquery/3.7.1/jquery.min.js HTTP/1.1" 200 87533
0:0:0:0:0:0:0:1 - - [27/Nov/2023:22:14:15 +0100] "GET /webjars/bootstrap/5.3.2/js/bootstrap.bundle.min.js HTTP/1.1" 200 80663
0:0:0:0:0:0:0:1 - - [27/Nov/2023:22:14:15 +0100] "GET /webjars/bootstrap/5.3.2/css/bootstrap.min.css HTTP/1.1" 200 232948
0:0:0:0:0:0:0:1 - - [27/Nov/2023:22:14:16 +0100] "GET /favicon.ico HTTP/1.1" 200 37
0:0:0:0:0:0:0:1 - - [27/Nov/2023:22:14:17 +0100] "GET /togglelockuser?id=1 HTTP/1.1" 302 -
0:0:0:0:0:0:0:1 - - [27/Nov/2023:22:14:17 +0100] "GET /welcome/admin?lang=en HTTP/1.1" 200 4672
0:0:0:0:0:0:0:1 - - [27/Nov/2023:22:14:17 +0100] "GET /webjars/jquery/3.7.1/jquery.min.js HTTP/1.1" 200 87533
0:0:0:0:0:0:0:1 - - [27/Nov/2023:22:14:17 +0100] "GET /webjars/bootstrap/5.3.2/css/bootstrap.min.css HTTP/1.1" 200 232948
0:0:0:0:0:0:0:1 - - [27/Nov/2023:22:14:17 +0100] "GET /webjars/bootstrap/5.3.2/js/bootstrap.bundle.min.js HTTP/1.1" 200 80663
0:0:0:0:0:0:0:1 - - [27/Nov/2023:22:14:17 +0100] "GET /favicon.ico HTTP/1.1" 200 37
0:0:0:0:0:0:0:1 - - [27/Nov/2023:22:14:18 +0100] "GET /togglelockuser?id=1 HTTP/1.1" 302 -
0:0:0:0:0:0:0:1 - - [27/Nov/2023:22:14:18 +0100] "GET /welcome/admin?lang=en HTTP/1.1" 200 4669
0:0:0:0:0:0:0:1 - - [27/Nov/2023:22:14:18 +0100] "GET /webjars/bootstrap/5.3.2/css/bootstrap.min.css HTTP/1.1" 200 232948
0:0:0:0:0:0:0:1 - - [27/Nov/2023:22:14:18 +0100] "GET /webjars/jquery/3.7.1/jquery.min.js HTTP/1.1" 200 87533
0:0:0:0:0:0:0:1 - - [27/Nov/2023:22:14:18 +0100] "GET /webjars/bootstrap/5.3.2/js/bootstrap.bundle.min.js HTTP/1.1" 200 80663
0:0:0:0:0:0:0:1 - - [27/Nov/2023:22:14:18 +0100] "GET /favicon.ico HTTP/1.1" 200 37
0:0:0:0:0:0:0:1 - - [27/Nov/2023:22:14:20 +0100] "GET /togglelockuser?id=1 HTTP/1.1" 302 -
0:0:0:0:0:0:0:1 - - [27/Nov/2023:22:14:20 +0100] "GET /welcome/admin?lang=en HTTP/1.1" 200 4672
0:0:0:0:0:0:0:1 - - [27/Nov/2023:22:14:20 +0100] "GET /webjars/jquery/3.7.1/jquery.min.js HTTP/1.1" 200 87533
0:0:0:0:0:0:0:1 - - [27/Nov/2023:22:14:20 +0100] "GET /webjars/bootstrap/5.3.2/js/bootstrap.bundle.min.js HTTP/1.1" 200 80663
0:0:0:0:0:0:0:1 - - [27/Nov/2023:22:14:20 +0100] "GET /webjars/bootstrap/5.3.2/css/bootstrap.min.css HTTP/1.1" 200 232948
0:0:0:0:0:0:0:1 - - [27/Nov/2023:22:14:20 +0100] "GET /favicon.ico HTTP/1.1" 200 37
0:0:0:0:0:0:0:1 - - [27/Nov/2023:22:14:21 +0100] "GET /togglelockuser?id=1 HTTP/1.1" 302 -
0:0:0:0:0:0:0:1 - - [27/Nov/2023:22:14:21 +0100] "GET /welcome/admin?lang=en HTTP/1.1" 200 4669
0:0:0:0:0:0:0:1 - - [27/Nov/2023:22:14:21 +0100] "GET /webjars/bootstrap/5.3.2/js/bootstrap.bundle.min.js HTTP/1.1" 200 80663
0:0:0:0:0:0:0:1 - - [27/Nov/2023:22:14:21 +0100] "GET /webjars/jquery/3.7.1/jquery.min.js HTTP/1.1" 200 87533
0:0:0:0:0:0:0:1 - - [27/Nov/2023:22:14:21 +0100] "GET /webjars/bootstrap/5.3.2/css/bootstrap.min.css HTTP/1.1" 200 232948
0:0:0:0:0:0:0:1 - - [27/Nov/2023:22:14:21 +0100] "GET /favicon.ico HTTP/1.1" 200 37
0:0:0:0:0:0:0:1 - - [27/Nov/2023:22:14:22 +0100] "GET /togglelockuser?id=1 HTTP/1.1" 302 -
0:0:0:0:0:0:0:1 - - [27/Nov/2023:22:14:22 +0100] "GET /welcome/admin?lang=en HTTP/1.1" 200 4672
0:0:0:0:0:0:0:1 - - [27/Nov/2023:22:14:22 +0100] "GET /webjars/jquery/3.7.1/jquery.min.js HTTP/1.1" 200 87533
0:0:0:0:0:0:0:1 - - [27/Nov/2023:22:14:22 +0100] "GET /webjars/bootstrap/5.3.2/css/bootstrap.min.css HTTP/1.1" 200 232948
0:0:0:0:0:0:0:1 - - [27/Nov/2023:22:14:22 +0100] "GET /webjars/bootstrap/5.3.2/js/bootstrap.bundle.min.js HTTP/1.1" 200 80663
0:0:0:0:0:0:0:1 - - [27/Nov/2023:22:14:22 +0100] "GET /favicon.ico HTTP/1.1" 200 37
0:0:0:0:0:0:0:1 - - [27/Nov/2023:22:15:46 +0100] "GET /welcome/admin?lang=en HTTP/1.1" 200 4276
0:0:0:0:0:0:0:1 - - [27/Nov/2023:22:15:46 +0100] "GET /webjars/bootstrap/5.3.2/js/bootstrap.bundle.min.js HTTP/1.1" 200 80663
0:0:0:0:0:0:0:1 - - [27/Nov/2023:22:15:46 +0100] "GET /webjars/bootstrap/5.3.2/css/bootstrap.min.css HTTP/1.1" 200 232948
0:0:0:0:0:0:0:1 - - [27/Nov/2023:22:15:46 +0100] "GET /webjars/jquery/3.7.1/jquery.min.js HTTP/1.1" 200 87533
0:0:0:0:0:0:0:1 - - [27/Nov/2023:22:15:46 +0100] "GET /favicon.ico HTTP/1.1" 200 37
0:0:0:0:0:0:0:1 - - [27/Nov/2023:22:15:50 +0100] "GET /togglelockuser?id=1 HTTP/1.1" 302 -
0:0:0:0:0:0:0:1 - - [27/Nov/2023:22:15:50 +0100] "GET /welcome/admin?lang=en HTTP/1.1" 200 4273
0:0:0:0:0:0:0:1 - - [27/Nov/2023:22:15:50 +0100] "GET /webjars/jquery/3.7.1/jquery.min.js HTTP/1.1" 200 87533
0:0:0:0:0:0:0:1 - - [27/Nov/2023:22:15:50 +0100] "GET /webjars/bootstrap/5.3.2/js/bootstrap.bundle.min.js HTTP/1.1" 200 80663
0:0:0:0:0:0:0:1 - - [27/Nov/2023:22:15:50 +0100] "GET /webjars/bootstrap/5.3.2/css/bootstrap.min.css HTTP/1.1" 200 232948
0:0:0:0:0:0:0:1 - - [27/Nov/2023:22:15:50 +0100] "GET /favicon.ico HTTP/1.1" 200 37
0:0:0:0:0:0:0:1 - - [27/Nov/2023:22:16:07 +0100] "GET /welcome/admin?lang=de HTTP/1.1" 200 4302
0:0:0:0:0:0:0:1 - - [27/Nov/2023:22:16:07 +0100] "GET /webjars/bootstrap/5.3.2/js/bootstrap.bundle.min.js HTTP/1.1" 200 80663
0:0:0:0:0:0:0:1 - - [27/Nov/2023:22:16:07 +0100] "GET /webjars/bootstrap/5.3.2/css/bootstrap.min.css HTTP/1.1" 200 232948
0:0:0:0:0:0:0:1 - - [27/Nov/2023:22:16:07 +0100] "GET /webjars/jquery/3.7.1/jquery.min.js HTTP/1.1" 200 87533
0:0:0:0:0:0:0:1 - - [27/Nov/2023:22:16:07 +0100] "GET /favicon.ico HTTP/1.1" 200 37
0:0:0:0:0:0:0:1 - - [27/Nov/2023:22:16:22 +0100] "GET /togglelockuser?id=1 HTTP/1.1" 302 -
0:0:0:0:0:0:0:1 - - [27/Nov/2023:22:16:22 +0100] "GET /welcome/admin?lang=de HTTP/1.1" 200 4306
0:0:0:0:0:0:0:1 - - [27/Nov/2023:22:16:23 +0100] "GET /webjars/jquery/3.7.1/jquery.min.js HTTP/1.1" 200 87533
0:0:0:0:0:0:0:1 - - [27/Nov/2023:22:16:23 +0100] "GET /webjars/bootstrap/5.3.2/css/bootstrap.min.css HTTP/1.1" 200 232948
0:0:0:0:0:0:0:1 - - [27/Nov/2023:22:16:23 +0100] "GET /webjars/bootstrap/5.3.2/js/bootstrap.bundle.min.js HTTP/1.1" 200 80663
0:0:0:0:0:0:0:1 - - [27/Nov/2023:22:16:23 +0100] "GET /favicon.ico HTTP/1.1" 200 37
0:0:0:0:0:0:0:1 - - [27/Nov/2023:22:16:28 +0100] "GET /togglelockuser?id=1 HTTP/1.1" 302 -
0:0:0:0:0:0:0:1 - - [27/Nov/2023:22:16:28 +0100] "GET /welcome/admin?lang=de HTTP/1.1" 200 4302
0:0:0:0:0:0:0:1 - - [27/Nov/2023:22:16:28 +0100] "GET /webjars/bootstrap/5.3.2/js/bootstrap.bundle.min.js HTTP/1.1" 200 80663
0:0:0:0:0:0:0:1 - - [27/Nov/2023:22:16:28 +0100] "GET /webjars/bootstrap/5.3.2/css/bootstrap.min.css HTTP/1.1" 200 232948
0:0:0:0:0:0:0:1 - - [27/Nov/2023:22:16:28 +0100] "GET /webjars/jquery/3.7.1/jquery.min.js HTTP/1.1" 200 87533
0:0:0:0:0:0:0:1 - - [27/Nov/2023:22:16:28 +0100] "GET /favicon.ico HTTP/1.1" 200 37
0:0:0:0:0:0:0:1 - - [27/Nov/2023:22:16:31 +0100] "GET /togglelockuser?id=1 HTTP/1.1" 302 -
0:0:0:0:0:0:0:1 - - [27/Nov/2023:22:16:31 +0100] "GET /welcome/admin?lang=de HTTP/1.1" 200 4306
0:0:0:0:0:0:0:1 - - [27/Nov/2023:22:16:31 +0100] "GET /webjars/jquery/3.7.1/jquery.min.js HTTP/1.1" 200 87533
0:0:0:0:0:0:0:1 - - [27/Nov/2023:22:16:31 +0100] "GET /webjars/bootstrap/5.3.2/css/bootstrap.min.css HTTP/1.1" 200 232948
0:0:0:0:0:0:0:1 - - [27/Nov/2023:22:16:31 +0100] "GET /webjars/bootstrap/5.3.2/js/bootstrap.bundle.min.js HTTP/1.1" 200 80663
0:0:0:0:0:0:0:1 - - [27/Nov/2023:22:16:31 +0100] "GET /favicon.ico HTTP/1.1" 200 37
0:0:0:0:0:0:0:1 - - [27/Nov/2023:22:16:54 +0100] "GET /togglelockuser?id=1 HTTP/1.1" 302 -
0:0:0:0:0:0:0:1 - - [27/Nov/2023:22:16:54 +0100] "GET /welcome/admin?lang=de HTTP/1.1" 200 4302
0:0:0:0:0:0:0:1 - - [27/Nov/2023:22:16:54 +0100] "GET /webjars/bootstrap/5.3.2/js/bootstrap.bundle.min.js HTTP/1.1" 200 80663
0:0:0:0:0:0:0:1 - - [27/Nov/2023:22:16:54 +0100] "GET /webjars/jquery/3.7.1/jquery.min.js HTTP/1.1" 200 87533
0:0:0:0:0:0:0:1 - - [27/Nov/2023:22:16:54 +0100] "GET /webjars/bootstrap/5.3.2/css/bootstrap.min.css HTTP/1.1" 200 232948
0:0:0:0:0:0:0:1 - - [27/Nov/2023:22:16:54 +0100] "GET /favicon.ico HTTP/1.1" 200 37
0:0:0:0:0:0:0:1 - - [27/Nov/2023:22:16:59 +0100] "GET /togglelockuser?id=1 HTTP/1.1" 302 -
0:0:0:0:0:0:0:1 - - [27/Nov/2023:22:16:59 +0100] "GET /welcome/admin?lang=de HTTP/1.1" 200 4306
0:0:0:0:0:0:0:1 - - [27/Nov/2023:22:16:59 +0100] "GET /webjars/bootstrap/5.3.2/js/bootstrap.bundle.min.js HTTP/1.1" 200 80663
0:0:0:0:0:0:0:1 - - [27/Nov/2023:22:16:59 +0100] "GET /webjars/jquery/3.7.1/jquery.min.js HTTP/1.1" 200 87533
0:0:0:0:0:0:0:1 - - [27/Nov/2023:22:16:59 +0100] "GET /webjars/bootstrap/5.3.2/css/bootstrap.min.css HTTP/1.1" 200 232948
0:0:0:0:0:0:0:1 - - [27/Nov/2023:22:16:59 +0100] "GET /favicon.ico HTTP/1.1" 200 37
0:0:0:0:0:0:0:1 - - [27/Nov/2023:22:17:32 +0100] "GET /togglelockuser?id=1 HTTP/1.1" 302 -
0:0:0:0:0:0:0:1 - - [27/Nov/2023:22:17:32 +0100] "GET /welcome/admin?lang=de HTTP/1.1" 200 4302
0:0:0:0:0:0:0:1 - - [27/Nov/2023:22:17:32 +0100] "GET /webjars/bootstrap/5.3.2/css/bootstrap.min.css HTTP/1.1" 200 232948
0:0:0:0:0:0:0:1 - - [27/Nov/2023:22:17:32 +0100] "GET /webjars/bootstrap/5.3.2/js/bootstrap.bundle.min.js HTTP/1.1" 200 80663
0:0:0:0:0:0:0:1 - - [27/Nov/2023:22:17:32 +0100] "GET /webjars/jquery/3.7.1/jquery.min.js HTTP/1.1" 200 87533
0:0:0:0:0:0:0:1 - - [27/Nov/2023:22:17:32 +0100] "GET /favicon.ico HTTP/1.1" 200 37
0:0:0:0:0:0:0:1 - - [27/Nov/2023:22:17:33 +0100] "GET /togglelockuser?id=1 HTTP/1.1" 302 -
0:0:0:0:0:0:0:1 - - [27/Nov/2023:22:17:33 +0100] "GET /welcome/admin?lang=de HTTP/1.1" 200 4306
0:0:0:0:0:0:0:1 - - [27/Nov/2023:22:17:33 +0100] "GET /webjars/bootstrap/5.3.2/js/bootstrap.bundle.min.js HTTP/1.1" 200 80663
0:0:0:0:0:0:0:1 - - [27/Nov/2023:22:17:33 +0100] "GET /webjars/jquery/3.7.1/jquery.min.js HTTP/1.1" 200 87533
0:0:0:0:0:0:0:1 - - [27/Nov/2023:22:17:33 +0100] "GET /webjars/bootstrap/5.3.2/css/bootstrap.min.css HTTP/1.1" 200 232948
0:0:0:0:0:0:0:1 - - [27/Nov/2023:22:17:33 +0100] "GET /favicon.ico HTTP/1.1" 200 37
0:0:0:0:0:0:0:1 - - [27/Nov/2023:22:17:35 +0100] "GET /togglelockuser?id=1 HTTP/1.1" 302 -
0:0:0:0:0:0:0:1 - - [27/Nov/2023:22:17:35 +0100] "GET /welcome/admin?lang=de HTTP/1.1" 200 4302
0:0:0:0:0:0:0:1 - - [27/Nov/2023:22:17:35 +0100] "GET /webjars/bootstrap/5.3.2/js/bootstrap.bundle.min.js HTTP/1.1" 200 80663
0:0:0:0:0:0:0:1 - - [27/Nov/2023:22:17:35 +0100] "GET /webjars/jquery/3.7.1/jquery.min.js HTTP/1.1" 200 87533
0:0:0:0:0:0:0:1 - - [27/Nov/2023:22:17:35 +0100] "GET /webjars/bootstrap/5.3.2/css/bootstrap.min.css HTTP/1.1" 200 232948
0:0:0:0:0:0:0:1 - - [27/Nov/2023:22:17:35 +0100] "GET /favicon.ico HTTP/1.1" 200 37
0:0:0:0:0:0:0:1 - - [27/Nov/2023:22:17:40 +0100] "GET /togglelockuser?id=1 HTTP/1.1" 302 -
0:0:0:0:0:0:0:1 - - [27/Nov/2023:22:17:40 +0100] "GET /welcome/admin?lang=de HTTP/1.1" 200 4306
0:0:0:0:0:0:0:1 - - [27/Nov/2023:22:17:40 +0100] "GET /webjars/jquery/3.7.1/jquery.min.js HTTP/1.1" 200 87533
0:0:0:0:0:0:0:1 - - [27/Nov/2023:22:17:40 +0100] "GET /webjars/bootstrap/5.3.2/css/bootstrap.min.css HTTP/1.1" 200 232948
0:0:0:0:0:0:0:1 - - [27/Nov/2023:22:17:40 +0100] "GET /webjars/bootstrap/5.3.2/js/bootstrap.bundle.min.js HTTP/1.1" 200 80663
0:0:0:0:0:0:0:1 - - [27/Nov/2023:22:17:40 +0100] "GET /favicon.ico HTTP/1.1" 200 37
0:0:0:0:0:0:0:1 - - [27/Nov/2023:22:20:57 +0100] "GET /logout HTTP/1.1" 302 -
0:0:0:0:0:0:0:1 - - [27/Nov/2023:22:20:57 +0100] "GET /login?logout HTTP/1.1" 200 2625
0:0:0:0:0:0:0:1 - - [27/Nov/2023:22:20:57 +0100] "GET /webjars/jquery/3.7.1/jquery.min.js HTTP/1.1" 200 87533
0:0:0:0:0:0:0:1 - - [27/Nov/2023:22:20:57 +0100] "GET /webjars/bootstrap/5.3.2/js/bootstrap.bundle.min.js HTTP/1.1" 200 80663
0:0:0:0:0:0:0:1 - - [27/Nov/2023:22:20:57 +0100] "GET /webjars/bootstrap/5.3.2/css/bootstrap.min.css HTTP/1.1" 200 232948
0:0:0:0:0:0:0:1 - - [27/Nov/2023:22:20:57 +0100] "GET /favicon.ico HTTP/1.1" 200 37
0:0:0:0:0:0:0:1 - - [27/Nov/2023:22:21:03 +0100] "POST /login HTTP/1.1" 302 -
0:0:0:0:0:0:0:1 - - [27/Nov/2023:22:21:03 +0100] "GET /welcome HTTP/1.1" 302 -
0:0:0:0:0:0:0:1 - - [27/Nov/2023:22:21:03 +0100] "GET /welcome/admin?lang=de HTTP/1.1" 200 4306
0:0:0:0:0:0:0:1 - - [27/Nov/2023:22:21:03 +0100] "GET /webjars/jquery/3.7.1/jquery.min.js HTTP/1.1" 200 87533
0:0:0:0:0:0:0:1 - - [27/Nov/2023:22:21:03 +0100] "GET /webjars/bootstrap/5.3.2/css/bootstrap.min.css HTTP/1.1" 200 232948
0:0:0:0:0:0:0:1 - - [27/Nov/2023:22:21:03 +0100] "GET /webjars/bootstrap/5.3.2/js/bootstrap.bundle.min.js HTTP/1.1" 200 80663
0:0:0:0:0:0:0:1 - - [27/Nov/2023:22:21:03 +0100] "GET /favicon.ico HTTP/1.1" 200 37
0:0:0:0:0:0:0:1 - - [27/Nov/2023:22:21:08 +0100] "GET /togglelockuser?id=1 HTTP/1.1" 302 -
0:0:0:0:0:0:0:1 - - [27/Nov/2023:22:21:08 +0100] "GET /welcome/admin?lang=de HTTP/1.1" 200 4302
0:0:0:0:0:0:0:1 - - [27/Nov/2023:22:21:08 +0100] "GET /webjars/bootstrap/5.3.2/css/bootstrap.min.css HTTP/1.1" 200 232948
0:0:0:0:0:0:0:1 - - [27/Nov/2023:22:21:08 +0100] "GET /webjars/jquery/3.7.1/jquery.min.js HTTP/1.1" 200 87533
0:0:0:0:0:0:0:1 - - [27/Nov/2023:22:21:08 +0100] "GET /webjars/bootstrap/5.3.2/js/bootstrap.bundle.min.js HTTP/1.1" 200 80663
0:0:0:0:0:0:0:1 - - [27/Nov/2023:22:21:08 +0100] "GET /favicon.ico HTTP/1.1" 200 37
0:0:0:0:0:0:0:1 - - [27/Nov/2023:22:21:18 +0100] "GET /togglelockuser?id=1 HTTP/1.1" 302 -
0:0:0:0:0:0:0:1 - - [27/Nov/2023:22:21:18 +0100] "GET /welcome/admin?lang=de HTTP/1.1" 200 4306
0:0:0:0:0:0:0:1 - - [27/Nov/2023:22:21:18 +0100] "GET /webjars/bootstrap/5.3.2/css/bootstrap.min.css HTTP/1.1" 200 232948
0:0:0:0:0:0:0:1 - - [27/Nov/2023:22:21:18 +0100] "GET /webjars/jquery/3.7.1/jquery.min.js HTTP/1.1" 200 87533
0:0:0:0:0:0:0:1 - - [27/Nov/2023:22:21:18 +0100] "GET /webjars/bootstrap/5.3.2/js/bootstrap.bundle.min.js HTTP/1.1" 200 80663
0:0:0:0:0:0:0:1 - - [27/Nov/2023:22:21:18 +0100] "GET /favicon.ico HTTP/1.1" 200 37
0:0:0:0:0:0:0:1 - - [27/Nov/2023:22:21:45 +0100] "GET /welcome/admin?lang=de HTTP/1.1" 200 4306
0:0:0:0:0:0:0:1 - - [27/Nov/2023:22:21:45 +0100] "GET /webjars/bootstrap/5.3.2/js/bootstrap.bundle.min.js HTTP/1.1" 200 80663
0:0:0:0:0:0:0:1 - - [27/Nov/2023:22:21:45 +0100] "GET /webjars/jquery/3.7.1/jquery.min.js HTTP/1.1" 200 87533
0:0:0:0:0:0:0:1 - - [27/Nov/2023:22:21:45 +0100] "GET /webjars/bootstrap/5.3.2/css/bootstrap.min.css HTTP/1.1" 200 232948
0:0:0:0:0:0:0:1 - - [27/Nov/2023:22:21:45 +0100] "GET /favicon.ico HTTP/1.1" 200 37
0:0:0:0:0:0:0:1 - - [27/Nov/2023:22:21:49 +0100] "GET /togglelockuser?id=1 HTTP/1.1" 302 -
0:0:0:0:0:0:0:1 - - [27/Nov/2023:22:21:49 +0100] "GET /welcome/admin?lang=de HTTP/1.1" 200 4302
0:0:0:0:0:0:0:1 - - [27/Nov/2023:22:21:49 +0100] "GET /webjars/bootstrap/5.3.2/js/bootstrap.bundle.min.js HTTP/1.1" 200 80663
0:0:0:0:0:0:0:1 - - [27/Nov/2023:22:21:49 +0100] "GET /webjars/jquery/3.7.1/jquery.min.js HTTP/1.1" 200 87533
0:0:0:0:0:0:0:1 - - [27/Nov/2023:22:21:49 +0100] "GET /webjars/bootstrap/5.3.2/css/bootstrap.min.css HTTP/1.1" 200 232948
0:0:0:0:0:0:0:1 - - [27/Nov/2023:22:21:49 +0100] "GET /favicon.ico HTTP/1.1" 200 37
0:0:0:0:0:0:0:1 - - [27/Nov/2023:22:21:53 +0100] "GET /togglelockuser?id=1 HTTP/1.1" 302 -
0:0:0:0:0:0:0:1 - - [27/Nov/2023:22:21:53 +0100] "GET /welcome/admin?lang=de HTTP/1.1" 200 4306
0:0:0:0:0:0:0:1 - - [27/Nov/2023:22:21:53 +0100] "GET /webjars/bootstrap/5.3.2/css/bootstrap.min.css HTTP/1.1" 200 232948
0:0:0:0:0:0:0:1 - - [27/Nov/2023:22:21:53 +0100] "GET /webjars/jquery/3.7.1/jquery.min.js HTTP/1.1" 200 87533
0:0:0:0:0:0:0:1 - - [27/Nov/2023:22:21:53 +0100] "GET /webjars/bootstrap/5.3.2/js/bootstrap.bundle.min.js HTTP/1.1" 200 80663
0:0:0:0:0:0:0:1 - - [27/Nov/2023:22:21:53 +0100] "GET /favicon.ico HTTP/1.1" 200 37
0:0:0:0:0:0:0:1 - - [27/Nov/2023:22:22:50 +0100] "GET /logout HTTP/1.1" 302 -
0:0:0:0:0:0:0:1 - - [27/Nov/2023:22:22:50 +0100] "GET /login?logout HTTP/1.1" 200 2625
0:0:0:0:0:0:0:1 - - [27/Nov/2023:22:22:50 +0100] "GET /webjars/bootstrap/5.3.2/js/bootstrap.bundle.min.js HTTP/1.1" 200 80663
0:0:0:0:0:0:0:1 - - [27/Nov/2023:22:22:50 +0100] "GET /webjars/jquery/3.7.1/jquery.min.js HTTP/1.1" 200 87533
0:0:0:0:0:0:0:1 - - [27/Nov/2023:22:22:50 +0100] "GET /webjars/bootstrap/5.3.2/css/bootstrap.min.css HTTP/1.1" 200 232948
0:0:0:0:0:0:0:1 - - [27/Nov/2023:22:22:50 +0100] "GET /favicon.ico HTTP/1.1" 200 37
0:0:0:0:0:0:0:1 - - [27/Nov/2023:22:22:58 +0100] "POST /login HTTP/1.1" 302 -
0:0:0:0:0:0:0:1 - - [27/Nov/2023:22:22:59 +0100] "GET /failure HTTP/1.1" 200 63
0:0:0:0:0:0:0:1 - - [27/Nov/2023:22:22:59 +0100] "GET /favicon.ico HTTP/1.1" 200 37
0:0:0:0:0:0:0:1 - - [27/Nov/2023:22:23:03 +0100] "GET /login?logout HTTP/1.1" 200 2625
0:0:0:0:0:0:0:1 - - [27/Nov/2023:22:23:03 +0100] "GET /webjars/bootstrap/5.3.2/js/bootstrap.bundle.min.js HTTP/1.1" 200 80663
0:0:0:0:0:0:0:1 - - [27/Nov/2023:22:23:03 +0100] "GET /webjars/jquery/3.7.1/jquery.min.js HTTP/1.1" 200 87533
0:0:0:0:0:0:0:1 - - [27/Nov/2023:22:23:03 +0100] "GET /webjars/bootstrap/5.3.2/css/bootstrap.min.css HTTP/1.1" 200 232948
0:0:0:0:0:0:0:1 - - [27/Nov/2023:22:23:03 +0100] "GET /favicon.ico HTTP/1.1" 200 37
0:0:0:0:0:0:0:1 - - [27/Nov/2023:22:23:08 +0100] "POST /login HTTP/1.1" 302 -
0:0:0:0:0:0:0:1 - - [27/Nov/2023:22:23:08 +0100] "GET /failure HTTP/1.1" 200 63
0:0:0:0:0:0:0:1 - - [27/Nov/2023:22:23:08 +0100] "GET /favicon.ico HTTP/1.1" 200 37
0:0:0:0:0:0:0:1 - - [27/Nov/2023:22:23:11 +0100] "GET /login?logout HTTP/1.1" 200 2625
0:0:0:0:0:0:0:1 - - [27/Nov/2023:22:23:11 +0100] "GET /webjars/bootstrap/5.3.2/js/bootstrap.bundle.min.js HTTP/1.1" 200 80663
0:0:0:0:0:0:0:1 - - [27/Nov/2023:22:23:11 +0100] "GET /webjars/jquery/3.7.1/jquery.min.js HTTP/1.1" 200 87533
0:0:0:0:0:0:0:1 - - [27/Nov/2023:22:23:11 +0100] "GET /webjars/bootstrap/5.3.2/css/bootstrap.min.css HTTP/1.1" 200 232948
0:0:0:0:0:0:0:1 - - [27/Nov/2023:22:23:11 +0100] "GET /favicon.ico HTTP/1.1" 200 37
0:0:0:0:0:0:0:1 - - [27/Nov/2023:22:23:15 +0100] "POST /login HTTP/1.1" 302 -
0:0:0:0:0:0:0:1 - - [27/Nov/2023:22:23:15 +0100] "GET /welcome HTTP/1.1" 302 -
0:0:0:0:0:0:0:1 - - [27/Nov/2023:22:23:15 +0100] "GET /welcome/admin?lang=de HTTP/1.1" 200 4306
0:0:0:0:0:0:0:1 - - [27/Nov/2023:22:23:15 +0100] "GET /webjars/bootstrap/5.3.2/js/bootstrap.bundle.min.js HTTP/1.1" 200 80663
0:0:0:0:0:0:0:1 - - [27/Nov/2023:22:23:15 +0100] "GET /webjars/bootstrap/5.3.2/css/bootstrap.min.css HTTP/1.1" 200 232948
0:0:0:0:0:0:0:1 - - [27/Nov/2023:22:23:15 +0100] "GET /webjars/jquery/3.7.1/jquery.min.js HTTP/1.1" 200 87533
0:0:0:0:0:0:0:1 - - [27/Nov/2023:22:23:15 +0100] "GET /favicon.ico HTTP/1.1" 200 37
0:0:0:0:0:0:0:1 - - [27/Nov/2023:22:23:18 +0100] "GET /togglelockuser?id=1 HTTP/1.1" 302 -
0:0:0:0:0:0:0:1 - - [27/Nov/2023:22:23:18 +0100] "GET /welcome/admin?lang=de HTTP/1.1" 200 4302
0:0:0:0:0:0:0:1 - - [27/Nov/2023:22:23:18 +0100] "GET /webjars/jquery/3.7.1/jquery.min.js HTTP/1.1" 200 87533
0:0:0:0:0:0:0:1 - - [27/Nov/2023:22:23:18 +0100] "GET /webjars/bootstrap/5.3.2/css/bootstrap.min.css HTTP/1.1" 200 232948
0:0:0:0:0:0:0:1 - - [27/Nov/2023:22:23:18 +0100] "GET /webjars/bootstrap/5.3.2/js/bootstrap.bundle.min.js HTTP/1.1" 200 80663
0:0:0:0:0:0:0:1 - - [27/Nov/2023:22:23:18 +0100] "GET /favicon.ico HTTP/1.1" 200 37
0:0:0:0:0:0:0:1 - - [27/Nov/2023:22:23:43 +0100] "GET /favicon.ico HTTP/1.1" 200 37
0:0:0:0:0:0:0:1 - - [27/Nov/2023:22:24:15 +0100] "GET /welcome/admin?lang=de HTTP/1.1" 200 4302
0:0:0:0:0:0:0:1 - - [27/Nov/2023:22:24:15 +0100] "GET /favicon.ico HTTP/1.1" 200 37
0:0:0:0:0:0:0:1 - - [27/Nov/2023:22:24:37 +0100] "GET /togglelockuser?id=1 HTTP/1.1" 302 -
0:0:0:0:0:0:0:1 - - [27/Nov/2023:22:24:37 +0100] "GET /welcome/admin?lang=de HTTP/1.1" 200 4306
0:0:0:0:0:0:0:1 - - [27/Nov/2023:22:24:37 +0100] "GET /webjars/bootstrap/5.3.2/js/bootstrap.bundle.min.js HTTP/1.1" 200 80663
0:0:0:0:0:0:0:1 - - [27/Nov/2023:22:24:37 +0100] "GET /webjars/jquery/3.7.1/jquery.min.js HTTP/1.1" 200 87533
0:0:0:0:0:0:0:1 - - [27/Nov/2023:22:24:37 +0100] "GET /webjars/bootstrap/5.3.2/css/bootstrap.min.css HTTP/1.1" 200 232948
0:0:0:0:0:0:0:1 - - [27/Nov/2023:22:24:38 +0100] "GET /favicon.ico HTTP/1.1" 200 37
0:0:0:0:0:0:0:1 - - [27/Nov/2023:22:25:07 +0100] "GET /togglelockuser?id=1 HTTP/1.1" 302 -
0:0:0:0:0:0:0:1 - - [27/Nov/2023:22:25:08 +0100] "GET /welcome/admin?lang=de HTTP/1.1" 200 4302
0:0:0:0:0:0:0:1 - - [27/Nov/2023:22:25:08 +0100] "GET /webjars/bootstrap/5.3.2/css/bootstrap.min.css HTTP/1.1" 200 232948
0:0:0:0:0:0:0:1 - - [27/Nov/2023:22:25:08 +0100] "GET /webjars/bootstrap/5.3.2/js/bootstrap.bundle.min.js HTTP/1.1" 200 80663
0:0:0:0:0:0:0:1 - - [27/Nov/2023:22:25:08 +0100] "GET /webjars/jquery/3.7.1/jquery.min.js HTTP/1.1" 200 87533
0:0:0:0:0:0:0:1 - - [27/Nov/2023:22:25:08 +0100] "GET /favicon.ico HTTP/1.1" 200 37
0:0:0:0:0:0:0:1 - - [27/Nov/2023:22:25:12 +0100] "GET /togglelockuser?id=1 HTTP/1.1" 302 -
0:0:0:0:0:0:0:1 - - [27/Nov/2023:22:25:12 +0100] "GET /welcome/admin?lang=de HTTP/1.1" 200 4306
0:0:0:0:0:0:0:1 - - [27/Nov/2023:22:25:12 +0100] "GET /webjars/bootstrap/5.3.2/css/bootstrap.min.css HTTP/1.1" 200 232948
0:0:0:0:0:0:0:1 - - [27/Nov/2023:22:25:12 +0100] "GET /webjars/bootstrap/5.3.2/js/bootstrap.bundle.min.js HTTP/1.1" 200 80663
0:0:0:0:0:0:0:1 - - [27/Nov/2023:22:25:12 +0100] "GET /webjars/jquery/3.7.1/jquery.min.js HTTP/1.1" 200 87533
0:0:0:0:0:0:0:1 - - [27/Nov/2023:22:25:12 +0100] "GET /favicon.ico HTTP/1.1" 200 37
0:0:0:0:0:0:0:1 - - [27/Nov/2023:22:25:14 +0100] "GET /togglelockuser?id=1 HTTP/1.1" 302 -
0:0:0:0:0:0:0:1 - - [27/Nov/2023:22:25:14 +0100] "GET /welcome/admin?lang=de HTTP/1.1" 200 4302
0:0:0:0:0:0:0:1 - - [27/Nov/2023:22:25:14 +0100] "GET /webjars/jquery/3.7.1/jquery.min.js HTTP/1.1" 200 87533
0:0:0:0:0:0:0:1 - - [27/Nov/2023:22:25:14 +0100] "GET /webjars/bootstrap/5.3.2/js/bootstrap.bundle.min.js HTTP/1.1" 200 80663
0:0:0:0:0:0:0:1 - - [27/Nov/2023:22:25:14 +0100] "GET /webjars/bootstrap/5.3.2/css/bootstrap.min.css HTTP/1.1" 200 232948
0:0:0:0:0:0:0:1 - - [27/Nov/2023:22:25:14 +0100] "GET /favicon.ico HTTP/1.1" 200 37
0:0:0:0:0:0:0:1 - - [27/Nov/2023:22:25:17 +0100] "GET /togglelockuser?id=1 HTTP/1.1" 302 -
0:0:0:0:0:0:0:1 - - [27/Nov/2023:22:25:17 +0100] "GET /welcome/admin?lang=de HTTP/1.1" 200 4306
0:0:0:0:0:0:0:1 - - [27/Nov/2023:22:25:17 +0100] "GET /webjars/jquery/3.7.1/jquery.min.js HTTP/1.1" 200 87533
0:0:0:0:0:0:0:1 - - [27/Nov/2023:22:25:17 +0100] "GET /webjars/bootstrap/5.3.2/css/bootstrap.min.css HTTP/1.1" 200 232948
0:0:0:0:0:0:0:1 - - [27/Nov/2023:22:25:17 +0100] "GET /webjars/bootstrap/5.3.2/js/bootstrap.bundle.min.js HTTP/1.1" 200 80663
0:0:0:0:0:0:0:1 - - [27/Nov/2023:22:25:17 +0100] "GET /favicon.ico HTTP/1.1" 200 37
0:0:0:0:0:0:0:1 - - [27/Nov/2023:22:25:35 +0100] "GET /welcome/admin?lang=de HTTP/1.1" 200 4306
0:0:0:0:0:0:0:1 - - [27/Nov/2023:22:25:35 +0100] "GET /webjars/bootstrap/5.3.2/css/bootstrap.min.css HTTP/1.1" 200 232948
0:0:0:0:0:0:0:1 - - [27/Nov/2023:22:25:35 +0100] "GET /webjars/jquery/3.7.1/jquery.min.js HTTP/1.1" 200 87533
0:0:0:0:0:0:0:1 - - [27/Nov/2023:22:25:35 +0100] "GET /webjars/bootstrap/5.3.2/js/bootstrap.bundle.min.js HTTP/1.1" 200 80663
0:0:0:0:0:0:0:1 - - [27/Nov/2023:22:25:36 +0100] "GET /favicon.ico HTTP/1.1" 200 37
0:0:0:0:0:0:0:1 - - [27/Nov/2023:22:25:38 +0100] "GET /togglelockuser?id=1 HTTP/1.1" 302 -
0:0:0:0:0:0:0:1 - - [27/Nov/2023:22:25:38 +0100] "GET /welcome/admin?lang=de HTTP/1.1" 200 4305
0:0:0:0:0:0:0:1 - - [27/Nov/2023:22:25:38 +0100] "GET /webjars/bootstrap/5.3.2/js/bootstrap.bundle.min.js HTTP/1.1" 200 80663
0:0:0:0:0:0:0:1 - - [27/Nov/2023:22:25:38 +0100] "GET /webjars/jquery/3.7.1/jquery.min.js HTTP/1.1" 200 87533
0:0:0:0:0:0:0:1 - - [27/Nov/2023:22:25:38 +0100] "GET /webjars/bootstrap/5.3.2/css/bootstrap.min.css HTTP/1.1" 200 232948
0:0:0:0:0:0:0:1 - - [27/Nov/2023:22:25:38 +0100] "GET /favicon.ico HTTP/1.1" 200 37
0:0:0:0:0:0:0:1 - - [27/Nov/2023:22:25:41 +0100] "GET /welcome/admin?lang=de HTTP/1.1" 200 4305
0:0:0:0:0:0:0:1 - - [27/Nov/2023:22:25:41 +0100] "GET /webjars/bootstrap/5.3.2/css/bootstrap.min.css HTTP/1.1" 200 232948
0:0:0:0:0:0:0:1 - - [27/Nov/2023:22:25:41 +0100] "GET /webjars/jquery/3.7.1/jquery.min.js HTTP/1.1" 200 87533
0:0:0:0:0:0:0:1 - - [27/Nov/2023:22:25:41 +0100] "GET /webjars/bootstrap/5.3.2/js/bootstrap.bundle.min.js HTTP/1.1" 200 80663
0:0:0:0:0:0:0:1 - - [27/Nov/2023:22:25:41 +0100] "GET /favicon.ico HTTP/1.1" 200 37
0:0:0:0:0:0:0:1 - - [27/Nov/2023:22:25:46 +0100] "GET /togglelockuser?id=1 HTTP/1.1" 302 -
0:0:0:0:0:0:0:1 - - [27/Nov/2023:22:25:46 +0100] "GET /welcome/admin?lang=de HTTP/1.1" 200 4306
0:0:0:0:0:0:0:1 - - [27/Nov/2023:22:25:46 +0100] "GET /webjars/bootstrap/5.3.2/css/bootstrap.min.css HTTP/1.1" 200 232948
0:0:0:0:0:0:0:1 - - [27/Nov/2023:22:25:46 +0100] "GET /webjars/bootstrap/5.3.2/js/bootstrap.bundle.min.js HTTP/1.1" 200 80663
0:0:0:0:0:0:0:1 - - [27/Nov/2023:22:25:46 +0100] "GET /webjars/jquery/3.7.1/jquery.min.js HTTP/1.1" 200 87533
0:0:0:0:0:0:0:1 - - [27/Nov/2023:22:25:46 +0100] "GET /favicon.ico HTTP/1.1" 200 37
0:0:0:0:0:0:0:1 - - [27/Nov/2023:22:25:49 +0100] "GET /togglelockuser?id=1 HTTP/1.1" 302 -
0:0:0:0:0:0:0:1 - - [27/Nov/2023:22:25:49 +0100] "GET /welcome/admin?lang=de HTTP/1.1" 200 4305
0:0:0:0:0:0:0:1 - - [27/Nov/2023:22:25:49 +0100] "GET /webjars/bootstrap/5.3.2/js/bootstrap.bundle.min.js HTTP/1.1" 200 80663
0:0:0:0:0:0:0:1 - - [27/Nov/2023:22:25:49 +0100] "GET /webjars/jquery/3.7.1/jquery.min.js HTTP/1.1" 200 87533
0:0:0:0:0:0:0:1 - - [27/Nov/2023:22:25:49 +0100] "GET /webjars/bootstrap/5.3.2/css/bootstrap.min.css HTTP/1.1" 200 232948
0:0:0:0:0:0:0:1 - - [27/Nov/2023:22:25:49 +0100] "GET /favicon.ico HTTP/1.1" 200 37
0:0:0:0:0:0:0:1 - - [27/Nov/2023:22:25:51 +0100] "GET /welcome/admin?lang=de HTTP/1.1" 200 4305
0:0:0:0:0:0:0:1 - - [27/Nov/2023:22:25:51 +0100] "GET /webjars/bootstrap/5.3.2/js/bootstrap.bundle.min.js HTTP/1.1" 200 80663
0:0:0:0:0:0:0:1 - - [27/Nov/2023:22:25:51 +0100] "GET /webjars/jquery/3.7.1/jquery.min.js HTTP/1.1" 200 87533
0:0:0:0:0:0:0:1 - - [27/Nov/2023:22:25:51 +0100] "GET /webjars/bootstrap/5.3.2/css/bootstrap.min.css HTTP/1.1" 200 232948
0:0:0:0:0:0:0:1 - - [27/Nov/2023:22:25:51 +0100] "GET /favicon.ico HTTP/1.1" 200 37
0:0:0:0:0:0:0:1 - - [27/Nov/2023:22:26:05 +0100] "GET /welcome/admin?lang=de HTTP/1.1" 200 4305
0:0:0:0:0:0:0:1 - - [27/Nov/2023:22:26:05 +0100] "GET /webjars/jquery/3.7.1/jquery.min.js HTTP/1.1" 200 87533
0:0:0:0:0:0:0:1 - - [27/Nov/2023:22:26:05 +0100] "GET /webjars/bootstrap/5.3.2/css/bootstrap.min.css HTTP/1.1" 200 232948
0:0:0:0:0:0:0:1 - - [27/Nov/2023:22:26:05 +0100] "GET /webjars/bootstrap/5.3.2/js/bootstrap.bundle.min.js HTTP/1.1" 200 80663
0:0:0:0:0:0:0:1 - - [27/Nov/2023:22:26:05 +0100] "GET /favicon.ico HTTP/1.1" 200 37
0:0:0:0:0:0:0:1 - - [27/Nov/2023:22:26:06 +0100] "GET /togglelockuser?id=1 HTTP/1.1" 302 -
0:0:0:0:0:0:0:1 - - [27/Nov/2023:22:26:06 +0100] "GET /welcome/admin?lang=de HTTP/1.1" 200 4306
0:0:0:0:0:0:0:1 - - [27/Nov/2023:22:26:06 +0100] "GET /webjars/jquery/3.7.1/jquery.min.js HTTP/1.1" 200 87533
0:0:0:0:0:0:0:1 - - [27/Nov/2023:22:26:06 +0100] "GET /webjars/bootstrap/5.3.2/css/bootstrap.min.css HTTP/1.1" 200 232948
0:0:0:0:0:0:0:1 - - [27/Nov/2023:22:26:06 +0100] "GET /webjars/bootstrap/5.3.2/js/bootstrap.bundle.min.js HTTP/1.1" 200 80663
0:0:0:0:0:0:0:1 - - [27/Nov/2023:22:26:06 +0100] "GET /favicon.ico HTTP/1.1" 200 37
0:0:0:0:0:0:0:1 - - [27/Nov/2023:22:26:08 +0100] "GET /togglelockuser?id=1 HTTP/1.1" 302 -
0:0:0:0:0:0:0:1 - - [27/Nov/2023:22:26:08 +0100] "GET /welcome/admin?lang=de HTTP/1.1" 200 4305
0:0:0:0:0:0:0:1 - - [27/Nov/2023:22:26:08 +0100] "GET /webjars/bootstrap/5.3.2/js/bootstrap.bundle.min.js HTTP/1.1" 200 80663
0:0:0:0:0:0:0:1 - - [27/Nov/2023:22:26:08 +0100] "GET /webjars/bootstrap/5.3.2/css/bootstrap.min.css HTTP/1.1" 200 232948
0:0:0:0:0:0:0:1 - - [27/Nov/2023:22:26:08 +0100] "GET /webjars/jquery/3.7.1/jquery.min.js HTTP/1.1" 200 87533
0:0:0:0:0:0:0:1 - - [27/Nov/2023:22:26:08 +0100] "GET /favicon.ico HTTP/1.1" 200 37
0:0:0:0:0:0:0:1 - - [27/Nov/2023:22:26:09 +0100] "GET /togglelockuser?id=1 HTTP/1.1" 302 -
0:0:0:0:0:0:0:1 - - [27/Nov/2023:22:26:09 +0100] "GET /welcome/admin?lang=de HTTP/1.1" 200 4306
0:0:0:0:0:0:0:1 - - [27/Nov/2023:22:26:09 +0100] "GET /webjars/bootstrap/5.3.2/js/bootstrap.bundle.min.js HTTP/1.1" 200 80663
0:0:0:0:0:0:0:1 - - [27/Nov/2023:22:26:09 +0100] "GET /webjars/jquery/3.7.1/jquery.min.js HTTP/1.1" 200 87533
0:0:0:0:0:0:0:1 - - [27/Nov/2023:22:26:09 +0100] "GET /webjars/bootstrap/5.3.2/css/bootstrap.min.css HTTP/1.1" 200 232948
0:0:0:0:0:0:0:1 - - [27/Nov/2023:22:26:09 +0100] "GET /favicon.ico HTTP/1.1" 200 37
0:0:0:0:0:0:0:1 - - [27/Nov/2023:22:26:15 +0100] "GET /welcome/admin?lang=de HTTP/1.1" 200 4306
0:0:0:0:0:0:0:1 - - [27/Nov/2023:22:26:15 +0100] "GET /webjars/bootstrap/5.3.2/js/bootstrap.bundle.min.js HTTP/1.1" 200 80663
0:0:0:0:0:0:0:1 - - [27/Nov/2023:22:26:15 +0100] "GET /webjars/bootstrap/5.3.2/css/bootstrap.min.css HTTP/1.1" 200 232948
0:0:0:0:0:0:0:1 - - [27/Nov/2023:22:26:15 +0100] "GET /webjars/jquery/3.7.1/jquery.min.js HTTP/1.1" 200 87533
0:0:0:0:0:0:0:1 - - [27/Nov/2023:22:26:15 +0100] "GET /favicon.ico HTTP/1.1" 200 37
0:0:0:0:0:0:0:1 - - [27/Nov/2023:22:26:40 +0100] "GET /togglelockuser?id=1 HTTP/1.1" 302 -
0:0:0:0:0:0:0:1 - - [27/Nov/2023:22:26:40 +0100] "GET /welcome/admin?lang=de HTTP/1.1" 200 4305
0:0:0:0:0:0:0:1 - - [27/Nov/2023:22:26:40 +0100] "GET /webjars/bootstrap/5.3.2/js/bootstrap.bundle.min.js HTTP/1.1" 200 80663
0:0:0:0:0:0:0:1 - - [27/Nov/2023:22:26:40 +0100] "GET /webjars/jquery/3.7.1/jquery.min.js HTTP/1.1" 200 87533
0:0:0:0:0:0:0:1 - - [27/Nov/2023:22:26:40 +0100] "GET /webjars/bootstrap/5.3.2/css/bootstrap.min.css HTTP/1.1" 200 232948
0:0:0:0:0:0:0:1 - - [27/Nov/2023:22:26:40 +0100] "GET /favicon.ico HTTP/1.1" 200 37
0:0:0:0:0:0:0:1 - - [27/Nov/2023:22:27:22 +0100] "GET /welcome/admin?lang=en HTTP/1.1" 200 4276
0:0:0:0:0:0:0:1 - - [27/Nov/2023:22:27:22 +0100] "GET /webjars/jquery/3.7.1/jquery.min.js HTTP/1.1" 200 87533
0:0:0:0:0:0:0:1 - - [27/Nov/2023:22:27:22 +0100] "GET /webjars/bootstrap/5.3.2/css/bootstrap.min.css HTTP/1.1" 200 232948
0:0:0:0:0:0:0:1 - - [27/Nov/2023:22:27:22 +0100] "GET /webjars/bootstrap/5.3.2/js/bootstrap.bundle.min.js HTTP/1.1" 200 80663
0:0:0:0:0:0:0:1 - - [27/Nov/2023:22:27:22 +0100] "GET /favicon.ico HTTP/1.1" 200 37
0:0:0:0:0:0:0:1 - - [27/Nov/2023:22:27:27 +0100] "GET /togglelockuser?id=1 HTTP/1.1" 302 -
0:0:0:0:0:0:0:1 - - [27/Nov/2023:22:27:27 +0100] "GET /welcome/admin?lang=en HTTP/1.1" 200 4276
0:0:0:0:0:0:0:1 - - [27/Nov/2023:22:27:27 +0100] "GET /webjars/jquery/3.7.1/jquery.min.js HTTP/1.1" 200 87533
0:0:0:0:0:0:0:1 - - [27/Nov/2023:22:27:27 +0100] "GET /webjars/bootstrap/5.3.2/js/bootstrap.bundle.min.js HTTP/1.1" 200 80663
0:0:0:0:0:0:0:1 - - [27/Nov/2023:22:27:27 +0100] "GET /webjars/bootstrap/5.3.2/css/bootstrap.min.css HTTP/1.1" 200 232948
0:0:0:0:0:0:0:1 - - [27/Nov/2023:22:27:28 +0100] "GET /favicon.ico HTTP/1.1" 200 37
0:0:0:0:0:0:0:1 - - [27/Nov/2023:22:27:36 +0100] "GET /welcome/admin?lang=de HTTP/1.1" 200 4306
0:0:0:0:0:0:0:1 - - [27/Nov/2023:22:27:36 +0100] "GET /webjars/jquery/3.7.1/jquery.min.js HTTP/1.1" 200 87533
0:0:0:0:0:0:0:1 - - [27/Nov/2023:22:27:36 +0100] "GET /webjars/bootstrap/5.3.2/js/bootstrap.bundle.min.js HTTP/1.1" 200 80663
0:0:0:0:0:0:0:1 - - [27/Nov/2023:22:27:36 +0100] "GET /webjars/bootstrap/5.3.2/css/bootstrap.min.css HTTP/1.1" 200 232948
0:0:0:0:0:0:0:1 - - [27/Nov/2023:22:27:36 +0100] "GET /favicon.ico HTTP/1.1" 200 37
0:0:0:0:0:0:0:1 - - [27/Nov/2023:22:27:44 +0100] "GET /welcome/admin?lang=en HTTP/1.1" 200 4276
0:0:0:0:0:0:0:1 - - [27/Nov/2023:22:27:44 +0100] "GET /webjars/bootstrap/5.3.2/js/bootstrap.bundle.min.js HTTP/1.1" 200 80663
0:0:0:0:0:0:0:1 - - [27/Nov/2023:22:27:44 +0100] "GET /webjars/jquery/3.7.1/jquery.min.js HTTP/1.1" 200 87533
0:0:0:0:0:0:0:1 - - [27/Nov/2023:22:27:44 +0100] "GET /webjars/bootstrap/5.3.2/css/bootstrap.min.css HTTP/1.1" 200 232948
0:0:0:0:0:0:0:1 - - [27/Nov/2023:22:27:44 +0100] "GET /favicon.ico HTTP/1.1" 200 37
0:0:0:0:0:0:0:1 - - [27/Nov/2023:22:29:51 +0100] "GET /togglelockuser?id=1 HTTP/1.1" 302 -
0:0:0:0:0:0:0:1 - - [27/Nov/2023:22:29:51 +0100] "GET /welcome/admin?lang=en HTTP/1.1" 200 4276
0:0:0:0:0:0:0:1 - - [27/Nov/2023:22:29:51 +0100] "GET /webjars/bootstrap/5.3.2/js/bootstrap.bundle.min.js HTTP/1.1" 200 80663
0:0:0:0:0:0:0:1 - - [27/Nov/2023:22:29:51 +0100] "GET /webjars/jquery/3.7.1/jquery.min.js HTTP/1.1" 200 87533
0:0:0:0:0:0:0:1 - - [27/Nov/2023:22:29:51 +0100] "GET /webjars/bootstrap/5.3.2/css/bootstrap.min.css HTTP/1.1" 200 232948
0:0:0:0:0:0:0:1 - - [27/Nov/2023:22:29:51 +0100] "GET /favicon.ico HTTP/1.1" 200 37
0:0:0:0:0:0:0:1 - - [27/Nov/2023:22:29:54 +0100] "GET /togglelockuser?id=1 HTTP/1.1" 302 -
0:0:0:0:0:0:0:1 - - [27/Nov/2023:22:29:54 +0100] "GET /welcome/admin?lang=en HTTP/1.1" 200 4276
0:0:0:0:0:0:0:1 - - [27/Nov/2023:22:29:54 +0100] "GET /webjars/bootstrap/5.3.2/css/bootstrap.min.css HTTP/1.1" 200 232948
0:0:0:0:0:0:0:1 - - [27/Nov/2023:22:29:54 +0100] "GET /webjars/bootstrap/5.3.2/js/bootstrap.bundle.min.js HTTP/1.1" 200 80663
0:0:0:0:0:0:0:1 - - [27/Nov/2023:22:29:54 +0100] "GET /webjars/jquery/3.7.1/jquery.min.js HTTP/1.1" 200 87533
0:0:0:0:0:0:0:1 - - [27/Nov/2023:22:29:54 +0100] "GET /favicon.ico HTTP/1.1" 200 37
0:0:0:0:0:0:0:1 - - [27/Nov/2023:22:29:55 +0100] "GET /togglelockuser?id=1 HTTP/1.1" 302 -
0:0:0:0:0:0:0:1 - - [27/Nov/2023:22:29:55 +0100] "GET /welcome/admin?lang=en HTTP/1.1" 200 4276
0:0:0:0:0:0:0:1 - - [27/Nov/2023:22:29:55 +0100] "GET /webjars/jquery/3.7.1/jquery.min.js HTTP/1.1" 200 87533
0:0:0:0:0:0:0:1 - - [27/Nov/2023:22:29:55 +0100] "GET /webjars/bootstrap/5.3.2/css/bootstrap.min.css HTTP/1.1" 200 232948
0:0:0:0:0:0:0:1 - - [27/Nov/2023:22:29:55 +0100] "GET /webjars/bootstrap/5.3.2/js/bootstrap.bundle.min.js HTTP/1.1" 200 80663
0:0:0:0:0:0:0:1 - - [27/Nov/2023:22:29:55 +0100] "GET /favicon.ico HTTP/1.1" 200 37
0:0:0:0:0:0:0:1 - - [27/Nov/2023:22:29:58 +0100] "GET /togglelockuser?id=1 HTTP/1.1" 302 -
0:0:0:0:0:0:0:1 - - [27/Nov/2023:22:29:58 +0100] "GET /welcome/admin?lang=en HTTP/1.1" 200 4276
0:0:0:0:0:0:0:1 - - [27/Nov/2023:22:29:58 +0100] "GET /webjars/jquery/3.7.1/jquery.min.js HTTP/1.1" 200 87533
0:0:0:0:0:0:0:1 - - [27/Nov/2023:22:29:58 +0100] "GET /webjars/bootstrap/5.3.2/js/bootstrap.bundle.min.js HTTP/1.1" 200 80663
0:0:0:0:0:0:0:1 - - [27/Nov/2023:22:29:58 +0100] "GET /webjars/bootstrap/5.3.2/css/bootstrap.min.css HTTP/1.1" 200 232948
0:0:0:0:0:0:0:1 - - [27/Nov/2023:22:29:58 +0100] "GET /favicon.ico HTTP/1.1" 200 37
0:0:0:0:0:0:0:1 - - [27/Nov/2023:22:30:13 +0100] "GET /togglelockuser?id=1 HTTP/1.1" 302 -
0:0:0:0:0:0:0:1 - - [27/Nov/2023:22:30:13 +0100] "GET /welcome/admin?lang=en HTTP/1.1" 200 4276
0:0:0:0:0:0:0:1 - - [27/Nov/2023:22:30:13 +0100] "GET /webjars/jquery/3.7.1/jquery.min.js HTTP/1.1" 200 87533
0:0:0:0:0:0:0:1 - - [27/Nov/2023:22:30:13 +0100] "GET /webjars/bootstrap/5.3.2/css/bootstrap.min.css HTTP/1.1" 200 232948
0:0:0:0:0:0:0:1 - - [27/Nov/2023:22:30:13 +0100] "GET /webjars/bootstrap/5.3.2/js/bootstrap.bundle.min.js HTTP/1.1" 200 80663
0:0:0:0:0:0:0:1 - - [27/Nov/2023:22:30:13 +0100] "GET /favicon.ico HTTP/1.1" 200 37
0:0:0:0:0:0:0:1 - - [27/Nov/2023:22:31:45 +0100] "GET /welcome/admin?lang=en HTTP/1.1" 200 4281
0:0:0:0:0:0:0:1 - - [27/Nov/2023:22:31:45 +0100] "GET /webjars/bootstrap/5.3.2/js/bootstrap.bundle.min.js HTTP/1.1" 200 80663
0:0:0:0:0:0:0:1 - - [27/Nov/2023:22:31:45 +0100] "GET /webjars/jquery/3.7.1/jquery.min.js HTTP/1.1" 200 87533
0:0:0:0:0:0:0:1 - - [27/Nov/2023:22:31:45 +0100] "GET /webjars/bootstrap/5.3.2/css/bootstrap.min.css HTTP/1.1" 200 232948
0:0:0:0:0:0:0:1 - - [27/Nov/2023:22:31:45 +0100] "GET /favicon.ico HTTP/1.1" 200 37
0:0:0:0:0:0:0:1 - - [27/Nov/2023:22:31:50 +0100] "GET /welcome/admin?lang=de HTTP/1.1" 200 4310
0:0:0:0:0:0:0:1 - - [27/Nov/2023:22:31:50 +0100] "GET /webjars/jquery/3.7.1/jquery.min.js HTTP/1.1" 200 87533
0:0:0:0:0:0:0:1 - - [27/Nov/2023:22:31:50 +0100] "GET /webjars/bootstrap/5.3.2/css/bootstrap.min.css HTTP/1.1" 200 232948
0:0:0:0:0:0:0:1 - - [27/Nov/2023:22:31:50 +0100] "GET /webjars/bootstrap/5.3.2/js/bootstrap.bundle.min.js HTTP/1.1" 200 80663
0:0:0:0:0:0:0:1 - - [27/Nov/2023:22:31:50 +0100] "GET /favicon.ico HTTP/1.1" 200 37
0:0:0:0:0:0:0:1 - - [27/Nov/2023:22:32:15 +0100] "GET /logout HTTP/1.1" 302 -
0:0:0:0:0:0:0:1 - - [27/Nov/2023:22:32:15 +0100] "GET /login?logout HTTP/1.1" 200 2630
0:0:0:0:0:0:0:1 - - [27/Nov/2023:22:32:15 +0100] "GET /webjars/jquery/3.7.1/jquery.min.js HTTP/1.1" 200 87533
0:0:0:0:0:0:0:1 - - [27/Nov/2023:22:32:15 +0100] "GET /webjars/bootstrap/5.3.2/js/bootstrap.bundle.min.js HTTP/1.1" 200 80663
0:0:0:0:0:0:0:1 - - [27/Nov/2023:22:32:15 +0100] "GET /webjars/bootstrap/5.3.2/css/bootstrap.min.css HTTP/1.1" 200 232948
0:0:0:0:0:0:0:1 - - [27/Nov/2023:22:32:15 +0100] "GET /favicon.ico HTTP/1.1" 200 37
0:0:0:0:0:0:0:1 - - [27/Nov/2023:22:32:21 +0100] "POST /login HTTP/1.1" 302 -
0:0:0:0:0:0:0:1 - - [27/Nov/2023:22:32:21 +0100] "GET /welcome HTTP/1.1" 302 -
0:0:0:0:0:0:0:1 - - [27/Nov/2023:22:32:21 +0100] "GET /welcome/admin?lang=de HTTP/1.1" 200 4310
0:0:0:0:0:0:0:1 - - [27/Nov/2023:22:32:21 +0100] "GET /webjars/jquery/3.7.1/jquery.min.js HTTP/1.1" 200 87533
0:0:0:0:0:0:0:1 - - [27/Nov/2023:22:32:21 +0100] "GET /webjars/bootstrap/5.3.2/css/bootstrap.min.css HTTP/1.1" 200 232948
0:0:0:0:0:0:0:1 - - [27/Nov/2023:22:32:21 +0100] "GET /webjars/bootstrap/5.3.2/js/bootstrap.bundle.min.js HTTP/1.1" 200 80663
0:0:0:0:0:0:0:1 - - [27/Nov/2023:22:32:21 +0100] "GET /favicon.ico HTTP/1.1" 200 37
