0:0:0:0:0:0:0:1 - - [27/Nov/2023:09:14:47 +0100] "GET / HTTP/1.1" 302 -
0:0:0:0:0:0:0:1 - - [27/Nov/2023:09:14:47 +0100] "GET /login HTTP/1.1" 200 2509
0:0:0:0:0:0:0:1 - - [27/Nov/2023:09:14:47 +0100] "GET /webjars/jquery/3.7.1/jquery.min.js HTTP/1.1" 200 87533
0:0:0:0:0:0:0:1 - - [27/Nov/2023:09:14:47 +0100] "GET /webjars/bootstrap/5.3.2/js/bootstrap.bundle.min.js HTTP/1.1" 200 80663
0:0:0:0:0:0:0:1 - - [27/Nov/2023:09:14:47 +0100] "GET /webjars/bootstrap/5.3.2/css/bootstrap.min.css HTTP/1.1" 200 232948
0:0:0:0:0:0:0:1 - - [27/Nov/2023:09:14:47 +0100] "GET /favicon.ico HTTP/1.1" 200 37
0:0:0:0:0:0:0:1 - - [27/Nov/2023:09:14:54 +0100] "POST /login HTTP/1.1" 302 -
0:0:0:0:0:0:0:1 - - [27/Nov/2023:09:14:54 +0100] "GET / HTTP/1.1" 302 -
0:0:0:0:0:0:0:1 - - [27/Nov/2023:09:14:54 +0100] "GET /welcome/admin?lang=de HTTP/1.1" 200 2628
0:0:0:0:0:0:0:1 - - [27/Nov/2023:09:14:54 +0100] "GET /webjars/jquery/3.7.1/jquery.min.js HTTP/1.1" 200 87533
0:0:0:0:0:0:0:1 - - [27/Nov/2023:09:14:54 +0100] "GET /webjars/bootstrap/5.3.2/js/bootstrap.bundle.min.js HTTP/1.1" 200 80663
0:0:0:0:0:0:0:1 - - [27/Nov/2023:09:14:54 +0100] "GET /webjars/bootstrap/5.3.2/css/bootstrap.min.css HTTP/1.1" 200 232948
0:0:0:0:0:0:0:1 - - [27/Nov/2023:09:14:54 +0100] "GET /favicon.ico HTTP/1.1" 200 37
0:0:0:0:0:0:0:1 - - [27/Nov/2023:09:15:08 +0100] "GET /roles HTTP/1.1" 200 4149
0:0:0:0:0:0:0:1 - - [27/Nov/2023:09:15:08 +0100] "GET /webjars/bootstrap/5.3.2/js/bootstrap.bundle.min.js HTTP/1.1" 200 80663
0:0:0:0:0:0:0:1 - - [27/Nov/2023:09:15:08 +0100] "GET /webjars/bootstrap/5.3.2/css/bootstrap.min.css HTTP/1.1" 200 232948
0:0:0:0:0:0:0:1 - - [27/Nov/2023:09:15:08 +0100] "GET /webjars/jquery/3.7.1/jquery.min.js HTTP/1.1" 200 87533
0:0:0:0:0:0:0:1 - - [27/Nov/2023:09:15:08 +0100] "GET /favicon.ico HTTP/1.1" 200 37
0:0:0:0:0:0:0:1 - - [27/Nov/2023:09:15:14 +0100] "GET /welcome HTTP/1.1" 302 -
0:0:0:0:0:0:0:1 - - [27/Nov/2023:09:15:14 +0100] "GET /welcome/admin?lang=de HTTP/1.1" 200 2628
0:0:0:0:0:0:0:1 - - [27/Nov/2023:09:15:14 +0100] "GET /webjars/bootstrap/5.3.2/css/bootstrap.min.css HTTP/1.1" 200 232948
0:0:0:0:0:0:0:1 - - [27/Nov/2023:09:15:14 +0100] "GET /webjars/jquery/3.7.1/jquery.min.js HTTP/1.1" 200 87533
0:0:0:0:0:0:0:1 - - [27/Nov/2023:09:15:14 +0100] "GET /webjars/bootstrap/5.3.2/js/bootstrap.bundle.min.js HTTP/1.1" 200 80663
0:0:0:0:0:0:0:1 - - [27/Nov/2023:09:15:14 +0100] "GET /favicon.ico HTTP/1.1" 200 37
0:0:0:0:0:0:0:1 - - [27/Nov/2023:09:15:16 +0100] "GET /roles HTTP/1.1" 200 4149
0:0:0:0:0:0:0:1 - - [27/Nov/2023:09:15:16 +0100] "GET /webjars/jquery/3.7.1/jquery.min.js HTTP/1.1" 200 87533
0:0:0:0:0:0:0:1 - - [27/Nov/2023:09:15:16 +0100] "GET /webjars/bootstrap/5.3.2/js/bootstrap.bundle.min.js HTTP/1.1" 200 80663
0:0:0:0:0:0:0:1 - - [27/Nov/2023:09:15:16 +0100] "GET /webjars/bootstrap/5.3.2/css/bootstrap.min.css HTTP/1.1" 200 232948
0:0:0:0:0:0:0:1 - - [27/Nov/2023:09:15:16 +0100] "GET /favicon.ico HTTP/1.1" 200 37
0:0:0:0:0:0:0:1 - - [27/Nov/2023:14:53:56 +0100] "GET /logout HTTP/1.1" 302 -
0:0:0:0:0:0:0:1 - - [27/Nov/2023:14:53:56 +0100] "GET /login?logout HTTP/1.1" 200 2625
0:0:0:0:0:0:0:1 - - [27/Nov/2023:14:53:56 +0100] "GET /webjars/jquery/3.7.1/jquery.min.js HTTP/1.1" 200 87533
0:0:0:0:0:0:0:1 - - [27/Nov/2023:14:53:56 +0100] "GET /webjars/bootstrap/5.3.2/js/bootstrap.bundle.min.js HTTP/1.1" 200 80663
0:0:0:0:0:0:0:1 - - [27/Nov/2023:14:53:56 +0100] "GET /webjars/bootstrap/5.3.2/css/bootstrap.min.css HTTP/1.1" 200 232948
0:0:0:0:0:0:0:1 - - [27/Nov/2023:14:53:57 +0100] "GET /favicon.ico HTTP/1.1" 200 37
0:0:0:0:0:0:0:1 - - [27/Nov/2023:14:54:02 +0100] "POST /login HTTP/1.1" 302 -
0:0:0:0:0:0:0:1 - - [27/Nov/2023:14:54:02 +0100] "GET /welcome HTTP/1.1" 302 -
0:0:0:0:0:0:0:1 - - [27/Nov/2023:14:54:02 +0100] "GET /welcome/admin?lang=de HTTP/1.1" 200 2628
0:0:0:0:0:0:0:1 - - [27/Nov/2023:14:54:02 +0100] "GET /webjars/bootstrap/5.3.2/js/bootstrap.bundle.min.js HTTP/1.1" 200 80663
0:0:0:0:0:0:0:1 - - [27/Nov/2023:14:54:02 +0100] "GET /webjars/jquery/3.7.1/jquery.min.js HTTP/1.1" 200 87533
0:0:0:0:0:0:0:1 - - [27/Nov/2023:14:54:02 +0100] "GET /webjars/bootstrap/5.3.2/css/bootstrap.min.css HTTP/1.1" 200 232948
0:0:0:0:0:0:0:1 - - [27/Nov/2023:14:54:03 +0100] "GET /favicon.ico HTTP/1.1" 200 37
0:0:0:0:0:0:0:1 - - [27/Nov/2023:14:59:58 +0100] "GET /roles HTTP/1.1" 200 4149
0:0:0:0:0:0:0:1 - - [27/Nov/2023:14:59:58 +0100] "GET /webjars/bootstrap/5.3.2/css/bootstrap.min.css HTTP/1.1" 200 232948
0:0:0:0:0:0:0:1 - - [27/Nov/2023:14:59:58 +0100] "GET /webjars/jquery/3.7.1/jquery.min.js HTTP/1.1" 200 87533
0:0:0:0:0:0:0:1 - - [27/Nov/2023:14:59:58 +0100] "GET /webjars/bootstrap/5.3.2/js/bootstrap.bundle.min.js HTTP/1.1" 200 80663
0:0:0:0:0:0:0:1 - - [27/Nov/2023:14:59:58 +0100] "GET /favicon.ico HTTP/1.1" 200 37
0:0:0:0:0:0:0:1 - - [27/Nov/2023:15:00:31 +0100] "POST /addrole HTTP/1.1" 302 -
0:0:0:0:0:0:0:1 - - [27/Nov/2023:15:00:31 +0100] "GET /roles HTTP/1.1" 200 4418
0:0:0:0:0:0:0:1 - - [27/Nov/2023:15:00:31 +0100] "GET /webjars/jquery/3.7.1/jquery.min.js HTTP/1.1" 200 87533
0:0:0:0:0:0:0:1 - - [27/Nov/2023:15:00:31 +0100] "GET /webjars/bootstrap/5.3.2/js/bootstrap.bundle.min.js HTTP/1.1" 200 80663
0:0:0:0:0:0:0:1 - - [27/Nov/2023:15:00:31 +0100] "GET /webjars/bootstrap/5.3.2/css/bootstrap.min.css HTTP/1.1" 200 232948
0:0:0:0:0:0:0:1 - - [27/Nov/2023:15:00:31 +0100] "GET /favicon.ico HTTP/1.1" 200 37
0:0:0:0:0:0:0:1 - - [27/Nov/2023:15:02:04 +0100] "GET /deleterole?id=18 HTTP/1.1" 302 -
0:0:0:0:0:0:0:1 - - [27/Nov/2023:15:02:04 +0100] "GET /roles HTTP/1.1" 200 4149
0:0:0:0:0:0:0:1 - - [27/Nov/2023:15:02:04 +0100] "GET /webjars/jquery/3.7.1/jquery.min.js HTTP/1.1" 200 87533
0:0:0:0:0:0:0:1 - - [27/Nov/2023:15:02:04 +0100] "GET /webjars/bootstrap/5.3.2/js/bootstrap.bundle.min.js HTTP/1.1" 200 80663
0:0:0:0:0:0:0:1 - - [27/Nov/2023:15:02:04 +0100] "GET /webjars/bootstrap/5.3.2/css/bootstrap.min.css HTTP/1.1" 200 232948
0:0:0:0:0:0:0:1 - - [27/Nov/2023:15:02:04 +0100] "GET /favicon.ico HTTP/1.1" 200 37
0:0:0:0:0:0:0:1 - - [27/Nov/2023:15:02:13 +0100] "GET /favicon.ico HTTP/1.1" 200 37
0:0:0:0:0:0:0:1 - - [27/Nov/2023:15:11:42 +0100] "GET /user HTTP/1.1" 200 4200
0:0:0:0:0:0:0:1 - - [27/Nov/2023:15:11:42 +0100] "GET /webjars/bootstrap/5.3.2/js/bootstrap.bundle.min.js HTTP/1.1" 200 80663
0:0:0:0:0:0:0:1 - - [27/Nov/2023:15:11:42 +0100] "GET /webjars/jquery/3.7.1/jquery.min.js HTTP/1.1" 200 87533
0:0:0:0:0:0:0:1 - - [27/Nov/2023:15:11:42 +0100] "GET /webjars/bootstrap/5.3.2/css/bootstrap.min.css HTTP/1.1" 200 232948
0:0:0:0:0:0:0:1 - - [27/Nov/2023:15:11:42 +0100] "GET /favicon.ico HTTP/1.1" 200 37
0:0:0:0:0:0:0:1 - - [27/Nov/2023:15:11:47 +0100] "GET /welcome HTTP/1.1" 302 -
0:0:0:0:0:0:0:1 - - [27/Nov/2023:15:11:47 +0100] "GET /welcome/admin?lang=de HTTP/1.1" 200 2628
0:0:0:0:0:0:0:1 - - [27/Nov/2023:15:11:47 +0100] "GET /webjars/bootstrap/5.3.2/js/bootstrap.bundle.min.js HTTP/1.1" 200 80663
0:0:0:0:0:0:0:1 - - [27/Nov/2023:15:11:47 +0100] "GET /webjars/jquery/3.7.1/jquery.min.js HTTP/1.1" 200 87533
0:0:0:0:0:0:0:1 - - [27/Nov/2023:15:11:47 +0100] "GET /webjars/bootstrap/5.3.2/css/bootstrap.min.css HTTP/1.1" 200 232948
0:0:0:0:0:0:0:1 - - [27/Nov/2023:15:11:47 +0100] "GET /favicon.ico HTTP/1.1" 200 37
0:0:0:0:0:0:0:1 - - [27/Nov/2023:15:11:50 +0100] "GET /roles HTTP/1.1" 200 4149
0:0:0:0:0:0:0:1 - - [27/Nov/2023:15:11:50 +0100] "GET /webjars/bootstrap/5.3.2/js/bootstrap.bundle.min.js HTTP/1.1" 200 80663
0:0:0:0:0:0:0:1 - - [27/Nov/2023:15:11:50 +0100] "GET /webjars/jquery/3.7.1/jquery.min.js HTTP/1.1" 200 87533
0:0:0:0:0:0:0:1 - - [27/Nov/2023:15:11:50 +0100] "GET /webjars/bootstrap/5.3.2/css/bootstrap.min.css HTTP/1.1" 200 232948
0:0:0:0:0:0:0:1 - - [27/Nov/2023:15:11:50 +0100] "GET /favicon.ico HTTP/1.1" 200 37
0:0:0:0:0:0:0:1 - - [27/Nov/2023:15:11:52 +0100] "GET /welcome HTTP/1.1" 302 -
0:0:0:0:0:0:0:1 - - [27/Nov/2023:15:11:52 +0100] "GET /welcome/admin?lang=de HTTP/1.1" 200 2628
0:0:0:0:0:0:0:1 - - [27/Nov/2023:15:11:52 +0100] "GET /webjars/bootstrap/5.3.2/js/bootstrap.bundle.min.js HTTP/1.1" 200 80663
0:0:0:0:0:0:0:1 - - [27/Nov/2023:15:11:52 +0100] "GET /webjars/jquery/3.7.1/jquery.min.js HTTP/1.1" 200 87533
0:0:0:0:0:0:0:1 - - [27/Nov/2023:15:11:52 +0100] "GET /webjars/bootstrap/5.3.2/css/bootstrap.min.css HTTP/1.1" 200 232948
0:0:0:0:0:0:0:1 - - [27/Nov/2023:15:11:52 +0100] "GET /favicon.ico HTTP/1.1" 200 37
0:0:0:0:0:0:0:1 - - [27/Nov/2023:15:14:01 +0100] "GET /favicon.ico HTTP/1.1" 200 37
0:0:0:0:0:0:0:1 - - [27/Nov/2023:15:15:06 +0100] "GET /roles HTTP/1.1" 200 4149
0:0:0:0:0:0:0:1 - - [27/Nov/2023:15:15:06 +0100] "GET /webjars/bootstrap/5.3.2/css/bootstrap.min.css HTTP/1.1" 200 232948
0:0:0:0:0:0:0:1 - - [27/Nov/2023:15:15:06 +0100] "GET /webjars/bootstrap/5.3.2/js/bootstrap.bundle.min.js HTTP/1.1" 200 80663
0:0:0:0:0:0:0:1 - - [27/Nov/2023:15:15:06 +0100] "GET /webjars/jquery/3.7.1/jquery.min.js HTTP/1.1" 200 87533
0:0:0:0:0:0:0:1 - - [27/Nov/2023:15:15:06 +0100] "GET /favicon.ico HTTP/1.1" 200 37
0:0:0:0:0:0:0:1 - - [27/Nov/2023:15:16:17 +0100] "GET /roles HTTP/1.1" 200 4149
0:0:0:0:0:0:0:1 - - [27/Nov/2023:15:16:17 +0100] "GET /webjars/bootstrap/5.3.2/js/bootstrap.bundle.min.js HTTP/1.1" 200 80663
0:0:0:0:0:0:0:1 - - [27/Nov/2023:15:16:17 +0100] "GET /webjars/jquery/3.7.1/jquery.min.js HTTP/1.1" 200 87533
0:0:0:0:0:0:0:1 - - [27/Nov/2023:15:16:17 +0100] "GET /webjars/bootstrap/5.3.2/css/bootstrap.min.css HTTP/1.1" 200 232948
0:0:0:0:0:0:0:1 - - [27/Nov/2023:15:16:17 +0100] "GET /favicon.ico HTTP/1.1" 200 37
0:0:0:0:0:0:0:1 - - [27/Nov/2023:15:16:19 +0100] "GET /user HTTP/1.1" 200 4200
0:0:0:0:0:0:0:1 - - [27/Nov/2023:15:16:19 +0100] "GET /webjars/bootstrap/5.3.2/js/bootstrap.bundle.min.js HTTP/1.1" 200 80663
0:0:0:0:0:0:0:1 - - [27/Nov/2023:15:16:19 +0100] "GET /webjars/jquery/3.7.1/jquery.min.js HTTP/1.1" 200 87533
0:0:0:0:0:0:0:1 - - [27/Nov/2023:15:16:19 +0100] "GET /webjars/bootstrap/5.3.2/css/bootstrap.min.css HTTP/1.1" 200 232948
0:0:0:0:0:0:0:1 - - [27/Nov/2023:15:16:19 +0100] "GET /favicon.ico HTTP/1.1" 200 37
0:0:0:0:0:0:0:1 - - [27/Nov/2023:15:17:46 +0100] "GET /welcome HTTP/1.1" 302 -
0:0:0:0:0:0:0:1 - - [27/Nov/2023:15:17:46 +0100] "GET /welcome/admin?lang=de HTTP/1.1" 200 2628
0:0:0:0:0:0:0:1 - - [27/Nov/2023:15:17:46 +0100] "GET /webjars/bootstrap/5.3.2/js/bootstrap.bundle.min.js HTTP/1.1" 200 80663
0:0:0:0:0:0:0:1 - - [27/Nov/2023:15:17:46 +0100] "GET /webjars/jquery/3.7.1/jquery.min.js HTTP/1.1" 200 87533
0:0:0:0:0:0:0:1 - - [27/Nov/2023:15:17:46 +0100] "GET /webjars/bootstrap/5.3.2/css/bootstrap.min.css HTTP/1.1" 200 232948
0:0:0:0:0:0:0:1 - - [27/Nov/2023:15:17:46 +0100] "GET /favicon.ico HTTP/1.1" 200 37
0:0:0:0:0:0:0:1 - - [27/Nov/2023:15:21:36 +0100] "GET /user HTTP/1.1" 200 4200
0:0:0:0:0:0:0:1 - - [27/Nov/2023:15:21:36 +0100] "GET /webjars/jquery/3.7.1/jquery.min.js HTTP/1.1" 200 87533
0:0:0:0:0:0:0:1 - - [27/Nov/2023:15:21:36 +0100] "GET /webjars/bootstrap/5.3.2/css/bootstrap.min.css HTTP/1.1" 200 232948
0:0:0:0:0:0:0:1 - - [27/Nov/2023:15:21:36 +0100] "GET /webjars/bootstrap/5.3.2/js/bootstrap.bundle.min.js HTTP/1.1" 200 80663
0:0:0:0:0:0:0:1 - - [27/Nov/2023:15:21:36 +0100] "GET /favicon.ico HTTP/1.1" 200 37
0:0:0:0:0:0:0:1 - - [27/Nov/2023:15:21:38 +0100] "GET /welcome HTTP/1.1" 302 -
0:0:0:0:0:0:0:1 - - [27/Nov/2023:15:21:38 +0100] "GET /welcome/admin?lang=de HTTP/1.1" 200 2628
0:0:0:0:0:0:0:1 - - [27/Nov/2023:15:21:38 +0100] "GET /webjars/jquery/3.7.1/jquery.min.js HTTP/1.1" 200 87533
0:0:0:0:0:0:0:1 - - [27/Nov/2023:15:21:38 +0100] "GET /webjars/bootstrap/5.3.2/js/bootstrap.bundle.min.js HTTP/1.1" 200 80663
0:0:0:0:0:0:0:1 - - [27/Nov/2023:15:21:38 +0100] "GET /webjars/bootstrap/5.3.2/css/bootstrap.min.css HTTP/1.1" 200 232948
0:0:0:0:0:0:0:1 - - [27/Nov/2023:15:21:38 +0100] "GET /favicon.ico HTTP/1.1" 200 37
0:0:0:0:0:0:0:1 - - [27/Nov/2023:15:21:40 +0100] "GET /roles HTTP/1.1" 200 4149
0:0:0:0:0:0:0:1 - - [27/Nov/2023:15:21:40 +0100] "GET /webjars/jquery/3.7.1/jquery.min.js HTTP/1.1" 200 87533
0:0:0:0:0:0:0:1 - - [27/Nov/2023:15:21:40 +0100] "GET /webjars/bootstrap/5.3.2/js/bootstrap.bundle.min.js HTTP/1.1" 200 80663
0:0:0:0:0:0:0:1 - - [27/Nov/2023:15:21:40 +0100] "GET /webjars/bootstrap/5.3.2/css/bootstrap.min.css HTTP/1.1" 200 232948
0:0:0:0:0:0:0:1 - - [27/Nov/2023:15:21:41 +0100] "GET /favicon.ico HTTP/1.1" 200 37
0:0:0:0:0:0:0:1 - - [27/Nov/2023:16:53:52 +0100] "GET /welcome HTTP/1.1" 302 -
0:0:0:0:0:0:0:1 - - [27/Nov/2023:16:53:53 +0100] "GET /login HTTP/1.1" 200 2509
0:0:0:0:0:0:0:1 - - [27/Nov/2023:16:53:53 +0100] "GET /webjars/bootstrap/5.3.2/css/bootstrap.min.css HTTP/1.1" 200 232948
0:0:0:0:0:0:0:1 - - [27/Nov/2023:16:53:53 +0100] "GET /webjars/jquery/3.7.1/jquery.min.js HTTP/1.1" 200 87533
0:0:0:0:0:0:0:1 - - [27/Nov/2023:16:53:53 +0100] "GET /webjars/bootstrap/5.3.2/js/bootstrap.bundle.min.js HTTP/1.1" 200 80663
0:0:0:0:0:0:0:1 - - [27/Nov/2023:16:53:53 +0100] "GET /favicon.ico HTTP/1.1" 200 37
0:0:0:0:0:0:0:1 - - [27/Nov/2023:16:53:59 +0100] "POST /login HTTP/1.1" 302 -
0:0:0:0:0:0:0:1 - - [27/Nov/2023:16:53:59 +0100] "GET /welcome HTTP/1.1" 302 -
0:0:0:0:0:0:0:1 - - [27/Nov/2023:16:53:59 +0100] "GET /welcome/admin?lang=de HTTP/1.1" 500 15462
0:0:0:0:0:0:0:1 - - [27/Nov/2023:16:53:59 +0100] "GET /favicon.ico HTTP/1.1" 200 37
0:0:0:0:0:0:0:1 - - [27/Nov/2023:16:57:13 +0100] "GET /welcome/admin?lang=de HTTP/1.1" 200 4299
0:0:0:0:0:0:0:1 - - [27/Nov/2023:16:57:13 +0100] "GET /webjars/bootstrap/5.3.2/js/bootstrap.bundle.min.js HTTP/1.1" 200 80663
0:0:0:0:0:0:0:1 - - [27/Nov/2023:16:57:13 +0100] "GET /webjars/jquery/3.7.1/jquery.min.js HTTP/1.1" 200 87533
0:0:0:0:0:0:0:1 - - [27/Nov/2023:16:57:13 +0100] "GET /webjars/bootstrap/5.3.2/css/bootstrap.min.css HTTP/1.1" 200 232948
0:0:0:0:0:0:0:1 - - [27/Nov/2023:16:57:13 +0100] "GET /favicon.ico HTTP/1.1" 200 37
0:0:0:0:0:0:0:1 - - [27/Nov/2023:16:57:41 +0100] "GET /welcome/admin?lang=de HTTP/1.1" 200 4281
0:0:0:0:0:0:0:1 - - [27/Nov/2023:16:57:41 +0100] "GET /webjars/bootstrap/5.3.2/css/bootstrap.min.css HTTP/1.1" 200 232948
0:0:0:0:0:0:0:1 - - [27/Nov/2023:16:57:41 +0100] "GET /webjars/jquery/3.7.1/jquery.min.js HTTP/1.1" 200 87533
0:0:0:0:0:0:0:1 - - [27/Nov/2023:16:57:41 +0100] "GET /webjars/bootstrap/5.3.2/js/bootstrap.bundle.min.js HTTP/1.1" 200 80663
0:0:0:0:0:0:0:1 - - [27/Nov/2023:16:57:41 +0100] "GET /favicon.ico HTTP/1.1" 200 37
0:0:0:0:0:0:0:1 - - [27/Nov/2023:16:58:57 +0100] "GET /welcome/admin?lang=de HTTP/1.1" 200 4301
0:0:0:0:0:0:0:1 - - [27/Nov/2023:16:58:57 +0100] "GET /webjars/bootstrap/5.3.2/css/bootstrap.min.css HTTP/1.1" 200 232948
0:0:0:0:0:0:0:1 - - [27/Nov/2023:16:58:57 +0100] "GET /webjars/jquery/3.7.1/jquery.min.js HTTP/1.1" 200 87533
0:0:0:0:0:0:0:1 - - [27/Nov/2023:16:58:57 +0100] "GET /webjars/bootstrap/5.3.2/js/bootstrap.bundle.min.js HTTP/1.1" 200 80663
0:0:0:0:0:0:0:1 - - [27/Nov/2023:16:58:57 +0100] "GET /favicon.ico HTTP/1.1" 200 37
0:0:0:0:0:0:0:1 - - [27/Nov/2023:16:59:53 +0100] "GET /welcome/admin?lang=de HTTP/1.1" 200 4305
0:0:0:0:0:0:0:1 - - [27/Nov/2023:16:59:53 +0100] "GET /webjars/bootstrap/5.3.2/js/bootstrap.bundle.min.js HTTP/1.1" 200 80663
0:0:0:0:0:0:0:1 - - [27/Nov/2023:16:59:53 +0100] "GET /webjars/jquery/3.7.1/jquery.min.js HTTP/1.1" 200 87533
0:0:0:0:0:0:0:1 - - [27/Nov/2023:16:59:53 +0100] "GET /webjars/bootstrap/5.3.2/css/bootstrap.min.css HTTP/1.1" 200 232948
0:0:0:0:0:0:0:1 - - [27/Nov/2023:16:59:54 +0100] "GET /favicon.ico HTTP/1.1" 200 37
0:0:0:0:0:0:0:1 - - [27/Nov/2023:16:59:54 +0100] "GET /welcome/admin?lang=de HTTP/1.1" 200 4305
0:0:0:0:0:0:0:1 - - [27/Nov/2023:16:59:54 +0100] "GET /webjars/bootstrap/5.3.2/js/bootstrap.bundle.min.js HTTP/1.1" 200 80663
0:0:0:0:0:0:0:1 - - [27/Nov/2023:16:59:54 +0100] "GET /webjars/jquery/3.7.1/jquery.min.js HTTP/1.1" 200 87533
0:0:0:0:0:0:0:1 - - [27/Nov/2023:16:59:54 +0100] "GET /webjars/bootstrap/5.3.2/css/bootstrap.min.css HTTP/1.1" 200 232948
0:0:0:0:0:0:0:1 - - [27/Nov/2023:16:59:54 +0100] "GET /favicon.ico HTTP/1.1" 200 37
0:0:0:0:0:0:0:1 - - [27/Nov/2023:16:59:57 +0100] "GET /welcome/admin?lang=de HTTP/1.1" 200 4305
0:0:0:0:0:0:0:1 - - [27/Nov/2023:16:59:57 +0100] "GET /webjars/bootstrap/5.3.2/js/bootstrap.bundle.min.js HTTP/1.1" 200 80663
0:0:0:0:0:0:0:1 - - [27/Nov/2023:16:59:57 +0100] "GET /webjars/jquery/3.7.1/jquery.min.js HTTP/1.1" 200 87533
0:0:0:0:0:0:0:1 - - [27/Nov/2023:16:59:57 +0100] "GET /webjars/bootstrap/5.3.2/css/bootstrap.min.css HTTP/1.1" 200 232948
0:0:0:0:0:0:0:1 - - [27/Nov/2023:16:59:57 +0100] "GET /favicon.ico HTTP/1.1" 200 37
0:0:0:0:0:0:0:1 - - [27/Nov/2023:16:59:57 +0100] "GET /welcome/admin?lang=de HTTP/1.1" 200 4305
0:0:0:0:0:0:0:1 - - [27/Nov/2023:16:59:57 +0100] "GET /webjars/jquery/3.7.1/jquery.min.js HTTP/1.1" 200 87533
0:0:0:0:0:0:0:1 - - [27/Nov/2023:16:59:57 +0100] "GET /webjars/bootstrap/5.3.2/js/bootstrap.bundle.min.js HTTP/1.1" 200 80663
0:0:0:0:0:0:0:1 - - [27/Nov/2023:16:59:57 +0100] "GET /webjars/bootstrap/5.3.2/css/bootstrap.min.css HTTP/1.1" 200 232948
0:0:0:0:0:0:0:1 - - [27/Nov/2023:16:59:57 +0100] "GET /favicon.ico HTTP/1.1" 200 37
0:0:0:0:0:0:0:1 - - [27/Nov/2023:16:59:57 +0100] "GET /welcome/admin?lang=de HTTP/1.1" 200 4305
0:0:0:0:0:0:0:1 - - [27/Nov/2023:16:59:58 +0100] "GET /webjars/bootstrap/5.3.2/js/bootstrap.bundle.min.js HTTP/1.1" 200 80663
0:0:0:0:0:0:0:1 - - [27/Nov/2023:16:59:58 +0100] "GET /webjars/jquery/3.7.1/jquery.min.js HTTP/1.1" 200 87533
0:0:0:0:0:0:0:1 - - [27/Nov/2023:16:59:58 +0100] "GET /webjars/bootstrap/5.3.2/css/bootstrap.min.css HTTP/1.1" 200 232948
0:0:0:0:0:0:0:1 - - [27/Nov/2023:16:59:58 +0100] "GET /favicon.ico HTTP/1.1" 200 37
0:0:0:0:0:0:0:1 - - [27/Nov/2023:16:59:58 +0100] "GET /welcome/admin?lang=de HTTP/1.1" 200 4305
0:0:0:0:0:0:0:1 - - [27/Nov/2023:16:59:58 +0100] "GET /webjars/jquery/3.7.1/jquery.min.js HTTP/1.1" 200 87533
0:0:0:0:0:0:0:1 - - [27/Nov/2023:16:59:58 +0100] "GET /webjars/bootstrap/5.3.2/css/bootstrap.min.css HTTP/1.1" 200 232948
0:0:0:0:0:0:0:1 - - [27/Nov/2023:16:59:58 +0100] "GET /webjars/bootstrap/5.3.2/js/bootstrap.bundle.min.js HTTP/1.1" 200 80663
0:0:0:0:0:0:0:1 - - [27/Nov/2023:16:59:58 +0100] "GET /favicon.ico HTTP/1.1" 200 37
0:0:0:0:0:0:0:1 - - [27/Nov/2023:16:59:58 +0100] "GET /welcome/admin?lang=de HTTP/1.1" 200 4305
0:0:0:0:0:0:0:1 - - [27/Nov/2023:16:59:58 +0100] "GET /webjars/jquery/3.7.1/jquery.min.js HTTP/1.1" 200 87533
0:0:0:0:0:0:0:1 - - [27/Nov/2023:16:59:58 +0100] "GET /webjars/bootstrap/5.3.2/js/bootstrap.bundle.min.js HTTP/1.1" 200 80663
0:0:0:0:0:0:0:1 - - [27/Nov/2023:16:59:58 +0100] "GET /webjars/bootstrap/5.3.2/css/bootstrap.min.css HTTP/1.1" 200 232948
0:0:0:0:0:0:0:1 - - [27/Nov/2023:16:59:58 +0100] "GET /favicon.ico HTTP/1.1" 200 37
0:0:0:0:0:0:0:1 - - [27/Nov/2023:16:59:58 +0100] "GET /welcome/admin?lang=de HTTP/1.1" 200 4305
0:0:0:0:0:0:0:1 - - [27/Nov/2023:16:59:58 +0100] "GET /webjars/bootstrap/5.3.2/css/bootstrap.min.css HTTP/1.1" 200 232948
0:0:0:0:0:0:0:1 - - [27/Nov/2023:16:59:58 +0100] "GET /webjars/jquery/3.7.1/jquery.min.js HTTP/1.1" 200 87533
0:0:0:0:0:0:0:1 - - [27/Nov/2023:16:59:58 +0100] "GET /webjars/bootstrap/5.3.2/js/bootstrap.bundle.min.js HTTP/1.1" 200 80663
0:0:0:0:0:0:0:1 - - [27/Nov/2023:16:59:58 +0100] "GET /favicon.ico HTTP/1.1" 200 37
0:0:0:0:0:0:0:1 - - [27/Nov/2023:16:59:58 +0100] "GET /welcome/admin?lang=de HTTP/1.1" 200 4304
0:0:0:0:0:0:0:1 - - [27/Nov/2023:16:59:58 +0100] "GET /webjars/bootstrap/5.3.2/js/bootstrap.bundle.min.js HTTP/1.1" 200 80663
0:0:0:0:0:0:0:1 - - [27/Nov/2023:16:59:58 +0100] "GET /webjars/jquery/3.7.1/jquery.min.js HTTP/1.1" 200 87533
0:0:0:0:0:0:0:1 - - [27/Nov/2023:16:59:58 +0100] "GET /webjars/bootstrap/5.3.2/css/bootstrap.min.css HTTP/1.1" 200 232948
0:0:0:0:0:0:0:1 - - [27/Nov/2023:16:59:58 +0100] "GET /favicon.ico HTTP/1.1" 200 37
0:0:0:0:0:0:0:1 - - [27/Nov/2023:16:59:58 +0100] "GET /welcome/admin?lang=de HTTP/1.1" 200 4305
0:0:0:0:0:0:0:1 - - [27/Nov/2023:16:59:58 +0100] "GET /webjars/bootstrap/5.3.2/js/bootstrap.bundle.min.js HTTP/1.1" 200 80663
0:0:0:0:0:0:0:1 - - [27/Nov/2023:16:59:58 +0100] "GET /webjars/bootstrap/5.3.2/css/bootstrap.min.css HTTP/1.1" 200 232948
0:0:0:0:0:0:0:1 - - [27/Nov/2023:16:59:58 +0100] "GET /webjars/jquery/3.7.1/jquery.min.js HTTP/1.1" 200 87533
0:0:0:0:0:0:0:1 - - [27/Nov/2023:16:59:58 +0100] "GET /favicon.ico HTTP/1.1" 200 37
0:0:0:0:0:0:0:1 - - [27/Nov/2023:16:59:59 +0100] "GET /welcome/admin?lang=de HTTP/1.1" 200 4304
0:0:0:0:0:0:0:1 - - [27/Nov/2023:16:59:59 +0100] "GET /webjars/bootstrap/5.3.2/js/bootstrap.bundle.min.js HTTP/1.1" 200 80663
0:0:0:0:0:0:0:1 - - [27/Nov/2023:16:59:59 +0100] "GET /webjars/jquery/3.7.1/jquery.min.js HTTP/1.1" 200 87533
0:0:0:0:0:0:0:1 - - [27/Nov/2023:16:59:59 +0100] "GET /webjars/bootstrap/5.3.2/css/bootstrap.min.css HTTP/1.1" 200 232948
0:0:0:0:0:0:0:1 - - [27/Nov/2023:16:59:59 +0100] "GET /favicon.ico HTTP/1.1" 200 37
0:0:0:0:0:0:0:1 - - [27/Nov/2023:16:59:59 +0100] "GET /welcome/admin?lang=de HTTP/1.1" 200 4305
0:0:0:0:0:0:0:1 - - [27/Nov/2023:16:59:59 +0100] "GET /webjars/jquery/3.7.1/jquery.min.js HTTP/1.1" 200 87533
0:0:0:0:0:0:0:1 - - [27/Nov/2023:16:59:59 +0100] "GET /webjars/bootstrap/5.3.2/css/bootstrap.min.css HTTP/1.1" 200 232948
0:0:0:0:0:0:0:1 - - [27/Nov/2023:16:59:59 +0100] "GET /webjars/bootstrap/5.3.2/js/bootstrap.bundle.min.js HTTP/1.1" 200 80663
0:0:0:0:0:0:0:1 - - [27/Nov/2023:16:59:59 +0100] "GET /favicon.ico HTTP/1.1" 200 37
0:0:0:0:0:0:0:1 - - [27/Nov/2023:16:59:59 +0100] "GET /welcome/admin?lang=de HTTP/1.1" 200 4305
0:0:0:0:0:0:0:1 - - [27/Nov/2023:16:59:59 +0100] "GET /webjars/bootstrap/5.3.2/js/bootstrap.bundle.min.js HTTP/1.1" 200 80663
0:0:0:0:0:0:0:1 - - [27/Nov/2023:16:59:59 +0100] "GET /webjars/jquery/3.7.1/jquery.min.js HTTP/1.1" 200 87533
0:0:0:0:0:0:0:1 - - [27/Nov/2023:16:59:59 +0100] "GET /webjars/bootstrap/5.3.2/css/bootstrap.min.css HTTP/1.1" 200 232948
0:0:0:0:0:0:0:1 - - [27/Nov/2023:16:59:59 +0100] "GET /favicon.ico HTTP/1.1" 200 37
0:0:0:0:0:0:0:1 - - [27/Nov/2023:16:59:59 +0100] "GET /welcome/admin?lang=de HTTP/1.1" 200 4305
0:0:0:0:0:0:0:1 - - [27/Nov/2023:16:59:59 +0100] "GET /webjars/bootstrap/5.3.2/css/bootstrap.min.css HTTP/1.1" 200 232948
0:0:0:0:0:0:0:1 - - [27/Nov/2023:16:59:59 +0100] "GET /webjars/jquery/3.7.1/jquery.min.js HTTP/1.1" 200 87533
0:0:0:0:0:0:0:1 - - [27/Nov/2023:16:59:59 +0100] "GET /webjars/bootstrap/5.3.2/js/bootstrap.bundle.min.js HTTP/1.1" 200 80663
0:0:0:0:0:0:0:1 - - [27/Nov/2023:16:59:59 +0100] "GET /favicon.ico HTTP/1.1" 200 37
0:0:0:0:0:0:0:1 - - [27/Nov/2023:16:59:59 +0100] "GET /welcome/admin?lang=de HTTP/1.1" 200 4305
0:0:0:0:0:0:0:1 - - [27/Nov/2023:16:59:59 +0100] "GET /webjars/jquery/3.7.1/jquery.min.js HTTP/1.1" 200 87533
0:0:0:0:0:0:0:1 - - [27/Nov/2023:16:59:59 +0100] "GET /webjars/bootstrap/5.3.2/css/bootstrap.min.css HTTP/1.1" 200 232948
0:0:0:0:0:0:0:1 - - [27/Nov/2023:16:59:59 +0100] "GET /webjars/bootstrap/5.3.2/js/bootstrap.bundle.min.js HTTP/1.1" 200 80663
0:0:0:0:0:0:0:1 - - [27/Nov/2023:16:59:59 +0100] "GET /favicon.ico HTTP/1.1" 200 37
0:0:0:0:0:0:0:1 - - [27/Nov/2023:16:59:59 +0100] "GET /welcome/admin?lang=de HTTP/1.1" 200 4305
0:0:0:0:0:0:0:1 - - [27/Nov/2023:16:59:59 +0100] "GET /webjars/bootstrap/5.3.2/js/bootstrap.bundle.min.js HTTP/1.1" 200 80663
0:0:0:0:0:0:0:1 - - [27/Nov/2023:16:59:59 +0100] "GET /webjars/jquery/3.7.1/jquery.min.js HTTP/1.1" 200 87533
0:0:0:0:0:0:0:1 - - [27/Nov/2023:16:59:59 +0100] "GET /webjars/bootstrap/5.3.2/css/bootstrap.min.css HTTP/1.1" 200 232948
0:0:0:0:0:0:0:1 - - [27/Nov/2023:17:00:00 +0100] "GET /favicon.ico HTTP/1.1" 200 37
0:0:0:0:0:0:0:1 - - [27/Nov/2023:17:00:00 +0100] "GET /welcome/admin?lang=de HTTP/1.1" 200 4305
0:0:0:0:0:0:0:1 - - [27/Nov/2023:17:00:00 +0100] "GET /webjars/bootstrap/5.3.2/css/bootstrap.min.css HTTP/1.1" 200 232948
0:0:0:0:0:0:0:1 - - [27/Nov/2023:17:00:00 +0100] "GET /webjars/bootstrap/5.3.2/js/bootstrap.bundle.min.js HTTP/1.1" 200 80663
0:0:0:0:0:0:0:1 - - [27/Nov/2023:17:00:00 +0100] "GET /webjars/jquery/3.7.1/jquery.min.js HTTP/1.1" 200 87533
0:0:0:0:0:0:0:1 - - [27/Nov/2023:17:00:00 +0100] "GET /favicon.ico HTTP/1.1" 200 37
0:0:0:0:0:0:0:1 - - [27/Nov/2023:17:00:00 +0100] "GET /welcome/admin?lang=de HTTP/1.1" 200 4305
0:0:0:0:0:0:0:1 - - [27/Nov/2023:17:00:00 +0100] "GET /webjars/jquery/3.7.1/jquery.min.js HTTP/1.1" 200 87533
0:0:0:0:0:0:0:1 - - [27/Nov/2023:17:00:00 +0100] "GET /webjars/bootstrap/5.3.2/css/bootstrap.min.css HTTP/1.1" 200 232948
0:0:0:0:0:0:0:1 - - [27/Nov/2023:17:00:00 +0100] "GET /webjars/bootstrap/5.3.2/js/bootstrap.bundle.min.js HTTP/1.1" 200 80663
0:0:0:0:0:0:0:1 - - [27/Nov/2023:17:00:00 +0100] "GET /favicon.ico HTTP/1.1" 200 37
0:0:0:0:0:0:0:1 - - [27/Nov/2023:17:00:00 +0100] "GET /welcome/admin?lang=de HTTP/1.1" 200 4305
0:0:0:0:0:0:0:1 - - [27/Nov/2023:17:00:00 +0100] "GET /webjars/jquery/3.7.1/jquery.min.js HTTP/1.1" 200 87533
0:0:0:0:0:0:0:1 - - [27/Nov/2023:17:00:00 +0100] "GET /webjars/bootstrap/5.3.2/js/bootstrap.bundle.min.js HTTP/1.1" 200 80663
0:0:0:0:0:0:0:1 - - [27/Nov/2023:17:00:00 +0100] "GET /webjars/bootstrap/5.3.2/css/bootstrap.min.css HTTP/1.1" 200 232948
0:0:0:0:0:0:0:1 - - [27/Nov/2023:17:00:00 +0100] "GET /favicon.ico HTTP/1.1" 200 37
0:0:0:0:0:0:0:1 - - [27/Nov/2023:17:00:00 +0100] "GET /welcome/admin?lang=de HTTP/1.1" 200 4305
0:0:0:0:0:0:0:1 - - [27/Nov/2023:17:00:00 +0100] "GET /webjars/jquery/3.7.1/jquery.min.js HTTP/1.1" 200 87533
0:0:0:0:0:0:0:1 - - [27/Nov/2023:17:00:00 +0100] "GET /webjars/bootstrap/5.3.2/js/bootstrap.bundle.min.js HTTP/1.1" 200 80663
0:0:0:0:0:0:0:1 - - [27/Nov/2023:17:00:00 +0100] "GET /webjars/bootstrap/5.3.2/css/bootstrap.min.css HTTP/1.1" 200 232948
0:0:0:0:0:0:0:1 - - [27/Nov/2023:17:00:00 +0100] "GET /favicon.ico HTTP/1.1" 200 37
0:0:0:0:0:0:0:1 - - [27/Nov/2023:17:00:00 +0100] "GET /welcome/admin?lang=de HTTP/1.1" 200 4305
0:0:0:0:0:0:0:1 - - [27/Nov/2023:17:00:00 +0100] "GET /webjars/bootstrap/5.3.2/js/bootstrap.bundle.min.js HTTP/1.1" 200 80663
0:0:0:0:0:0:0:1 - - [27/Nov/2023:17:00:00 +0100] "GET /webjars/bootstrap/5.3.2/css/bootstrap.min.css HTTP/1.1" 200 232948
0:0:0:0:0:0:0:1 - - [27/Nov/2023:17:00:00 +0100] "GET /webjars/jquery/3.7.1/jquery.min.js HTTP/1.1" 200 87533
0:0:0:0:0:0:0:1 - - [27/Nov/2023:17:00:00 +0100] "GET /favicon.ico HTTP/1.1" 200 37
0:0:0:0:0:0:0:1 - - [27/Nov/2023:17:54:53 +0100] "GET /welcome/admin?lang=de HTTP/1.1" 500 17119
0:0:0:0:0:0:0:1 - - [27/Nov/2023:17:54:54 +0100] "GET /favicon.ico HTTP/1.1" 200 37
0:0:0:0:0:0:0:1 - - [27/Nov/2023:17:55:26 +0100] "GET /welcome/admin?lang=de HTTP/1.1" 500 15258
0:0:0:0:0:0:0:1 - - [27/Nov/2023:17:55:26 +0100] "GET /favicon.ico HTTP/1.1" 200 37
0:0:0:0:0:0:0:1 - - [27/Nov/2023:17:55:31 +0100] "GET /welcome/admin?lang=de HTTP/1.1" 500 15258
0:0:0:0:0:0:0:1 - - [27/Nov/2023:17:55:31 +0100] "GET /favicon.ico HTTP/1.1" 200 37
0:0:0:0:0:0:0:1 - - [27/Nov/2023:17:55:32 +0100] "GET /welcome/admin?lang=de HTTP/1.1" 500 15258
0:0:0:0:0:0:0:1 - - [27/Nov/2023:17:55:32 +0100] "GET /favicon.ico HTTP/1.1" 200 37
0:0:0:0:0:0:0:1 - - [27/Nov/2023:17:55:45 +0100] "GET /welcome/admin?lang=de HTTP/1.1" 500 15349
0:0:0:0:0:0:0:1 - - [27/Nov/2023:17:55:45 +0100] "GET /favicon.ico HTTP/1.1" 200 37
0:0:0:0:0:0:0:1 - - [27/Nov/2023:17:56:09 +0100] "GET /welcome/admin?lang=de HTTP/1.1" 500 17125
0:0:0:0:0:0:0:1 - - [27/Nov/2023:17:56:09 +0100] "GET /favicon.ico HTTP/1.1" 200 37
0:0:0:0:0:0:0:1 - - [27/Nov/2023:17:56:10 +0100] "GET /welcome/admin?lang=de HTTP/1.1" 500 17125
0:0:0:0:0:0:0:1 - - [27/Nov/2023:17:56:10 +0100] "GET /favicon.ico HTTP/1.1" 200 37
0:0:0:0:0:0:0:1 - - [27/Nov/2023:17:56:11 +0100] "GET /welcome/admin?lang=de HTTP/1.1" 500 17125
0:0:0:0:0:0:0:1 - - [27/Nov/2023:17:56:11 +0100] "GET /favicon.ico HTTP/1.1" 200 37
0:0:0:0:0:0:0:1 - - [27/Nov/2023:17:56:12 +0100] "GET /welcome/admin?lang=de HTTP/1.1" 500 17125
0:0:0:0:0:0:0:1 - - [27/Nov/2023:17:56:12 +0100] "GET /favicon.ico HTTP/1.1" 200 37
0:0:0:0:0:0:0:1 - - [27/Nov/2023:17:56:12 +0100] "GET /welcome/admin?lang=de HTTP/1.1" 500 17125
0:0:0:0:0:0:0:1 - - [27/Nov/2023:17:56:12 +0100] "GET /favicon.ico HTTP/1.1" 200 37
0:0:0:0:0:0:0:1 - - [27/Nov/2023:17:56:12 +0100] "GET /welcome/admin?lang=de HTTP/1.1" 500 17125
0:0:0:0:0:0:0:1 - - [27/Nov/2023:17:56:12 +0100] "GET /favicon.ico HTTP/1.1" 200 37
0:0:0:0:0:0:0:1 - - [27/Nov/2023:17:56:12 +0100] "GET /welcome/admin?lang=de HTTP/1.1" 500 17125
0:0:0:0:0:0:0:1 - - [27/Nov/2023:17:56:12 +0100] "GET /favicon.ico HTTP/1.1" 200 37
0:0:0:0:0:0:0:1 - - [27/Nov/2023:17:56:12 +0100] "GET /welcome/admin?lang=de HTTP/1.1" 500 17125
0:0:0:0:0:0:0:1 - - [27/Nov/2023:17:56:12 +0100] "GET /favicon.ico HTTP/1.1" 200 37
0:0:0:0:0:0:0:1 - - [27/Nov/2023:17:56:28 +0100] "GET /welcome/admin?lang=de HTTP/1.1" 500 17137
0:0:0:0:0:0:0:1 - - [27/Nov/2023:17:56:28 +0100] "GET /favicon.ico HTTP/1.1" 200 37
0:0:0:0:0:0:0:1 - - [27/Nov/2023:17:56:46 +0100] "GET /welcome/admin?lang=de HTTP/1.1" 500 17140
0:0:0:0:0:0:0:1 - - [27/Nov/2023:17:56:46 +0100] "GET /favicon.ico HTTP/1.1" 200 37
0:0:0:0:0:0:0:1 - - [27/Nov/2023:17:57:14 +0100] "GET /welcome/admin?lang=de HTTP/1.1" 500 17110
0:0:0:0:0:0:0:1 - - [27/Nov/2023:17:57:14 +0100] "GET /favicon.ico HTTP/1.1" 200 37
0:0:0:0:0:0:0:1 - - [27/Nov/2023:17:57:15 +0100] "GET /welcome/admin?lang=de HTTP/1.1" 500 17110
0:0:0:0:0:0:0:1 - - [27/Nov/2023:17:57:15 +0100] "GET /favicon.ico HTTP/1.1" 200 37
0:0:0:0:0:0:0:1 - - [27/Nov/2023:17:57:15 +0100] "GET /welcome/admin?lang=de HTTP/1.1" 500 17110
0:0:0:0:0:0:0:1 - - [27/Nov/2023:17:57:15 +0100] "GET /favicon.ico HTTP/1.1" 200 37
0:0:0:0:0:0:0:1 - - [27/Nov/2023:17:57:15 +0100] "GET /welcome/admin?lang=de HTTP/1.1" 500 17110
0:0:0:0:0:0:0:1 - - [27/Nov/2023:17:57:16 +0100] "GET /favicon.ico HTTP/1.1" 200 37
0:0:0:0:0:0:0:1 - - [27/Nov/2023:17:57:16 +0100] "GET /welcome/admin?lang=de HTTP/1.1" 500 17110
0:0:0:0:0:0:0:1 - - [27/Nov/2023:17:57:16 +0100] "GET /favicon.ico HTTP/1.1" 200 37
0:0:0:0:0:0:0:1 - - [27/Nov/2023:17:57:16 +0100] "GET /welcome/admin?lang=de HTTP/1.1" 500 17110
0:0:0:0:0:0:0:1 - - [27/Nov/2023:17:57:16 +0100] "GET /favicon.ico HTTP/1.1" 200 37
0:0:0:0:0:0:0:1 - - [27/Nov/2023:17:57:16 +0100] "GET /welcome/admin?lang=de HTTP/1.1" 500 17110
0:0:0:0:0:0:0:1 - - [27/Nov/2023:17:57:16 +0100] "GET /favicon.ico HTTP/1.1" 200 37
0:0:0:0:0:0:0:1 - - [27/Nov/2023:17:57:16 +0100] "GET /welcome/admin?lang=de HTTP/1.1" 500 17110
0:0:0:0:0:0:0:1 - - [27/Nov/2023:17:57:16 +0100] "GET /favicon.ico HTTP/1.1" 200 37
0:0:0:0:0:0:0:1 - - [27/Nov/2023:17:57:17 +0100] "GET /welcome/admin?lang=de HTTP/1.1" 500 17110
0:0:0:0:0:0:0:1 - - [27/Nov/2023:17:57:17 +0100] "GET /favicon.ico HTTP/1.1" 200 37
0:0:0:0:0:0:0:1 - - [27/Nov/2023:17:57:17 +0100] "GET /welcome/admin?lang=de HTTP/1.1" 500 17110
0:0:0:0:0:0:0:1 - - [27/Nov/2023:17:57:17 +0100] "GET /favicon.ico HTTP/1.1" 200 37
0:0:0:0:0:0:0:1 - - [27/Nov/2023:17:57:17 +0100] "GET /welcome/admin?lang=de HTTP/1.1" 500 17110
0:0:0:0:0:0:0:1 - - [27/Nov/2023:17:57:17 +0100] "GET /favicon.ico HTTP/1.1" 200 37
0:0:0:0:0:0:0:1 - - [27/Nov/2023:17:57:17 +0100] "GET /welcome/admin?lang=de HTTP/1.1" 500 17110
0:0:0:0:0:0:0:1 - - [27/Nov/2023:17:57:17 +0100] "GET /favicon.ico HTTP/1.1" 200 37
0:0:0:0:0:0:0:1 - - [27/Nov/2023:17:57:36 +0100] "GET /welcome/admin?lang=de HTTP/1.1" 500 17140
0:0:0:0:0:0:0:1 - - [27/Nov/2023:17:57:36 +0100] "GET /favicon.ico HTTP/1.1" 200 37
0:0:0:0:0:0:0:1 - - [27/Nov/2023:17:58:03 +0100] "GET /welcome/admin?lang=de HTTP/1.1" 500 17125
0:0:0:0:0:0:0:1 - - [27/Nov/2023:17:58:03 +0100] "GET /favicon.ico HTTP/1.1" 200 37
0:0:0:0:0:0:0:1 - - [27/Nov/2023:17:58:03 +0100] "GET /welcome/admin?lang=de HTTP/1.1" 500 17125
0:0:0:0:0:0:0:1 - - [27/Nov/2023:17:58:03 +0100] "GET /favicon.ico HTTP/1.1" 200 37
0:0:0:0:0:0:0:1 - - [27/Nov/2023:17:58:04 +0100] "GET /welcome/admin?lang=de HTTP/1.1" 500 17125
0:0:0:0:0:0:0:1 - - [27/Nov/2023:17:58:04 +0100] "GET /favicon.ico HTTP/1.1" 200 37
0:0:0:0:0:0:0:1 - - [27/Nov/2023:17:58:04 +0100] "GET /welcome/admin?lang=de HTTP/1.1" 500 17125
0:0:0:0:0:0:0:1 - - [27/Nov/2023:17:58:04 +0100] "GET /favicon.ico HTTP/1.1" 200 37
0:0:0:0:0:0:0:1 - - [27/Nov/2023:17:58:04 +0100] "GET /welcome/admin?lang=de HTTP/1.1" 500 17125
0:0:0:0:0:0:0:1 - - [27/Nov/2023:17:58:04 +0100] "GET /favicon.ico HTTP/1.1" 200 37
0:0:0:0:0:0:0:1 - - [27/Nov/2023:17:58:19 +0100] "GET /welcome/admin?lang=de HTTP/1.1" 500 17140
0:0:0:0:0:0:0:1 - - [27/Nov/2023:17:58:19 +0100] "GET /favicon.ico HTTP/1.1" 200 37
0:0:0:0:0:0:0:1 - - [27/Nov/2023:17:58:28 +0100] "GET /welcome/admin?lang=de HTTP/1.1" 500 17134
0:0:0:0:0:0:0:1 - - [27/Nov/2023:17:58:28 +0100] "GET /favicon.ico HTTP/1.1" 200 37
0:0:0:0:0:0:0:1 - - [27/Nov/2023:18:00:37 +0100] "GET /welcome/admin?lang=de HTTP/1.1" 500 17134
0:0:0:0:0:0:0:1 - - [27/Nov/2023:18:00:37 +0100] "GET /favicon.ico HTTP/1.1" 200 37
0:0:0:0:0:0:0:1 - - [27/Nov/2023:18:02:04 +0100] "GET /welcome/admin?lang=de HTTP/1.1" 200 4244
0:0:0:0:0:0:0:1 - - [27/Nov/2023:18:02:04 +0100] "GET /webjars/jquery/3.7.1/jquery.min.js HTTP/1.1" 200 87533
0:0:0:0:0:0:0:1 - - [27/Nov/2023:18:02:04 +0100] "GET /webjars/bootstrap/5.3.2/css/bootstrap.min.css HTTP/1.1" 200 232948
0:0:0:0:0:0:0:1 - - [27/Nov/2023:18:02:04 +0100] "GET /webjars/bootstrap/5.3.2/js/bootstrap.bundle.min.js HTTP/1.1" 200 80663
0:0:0:0:0:0:0:1 - - [27/Nov/2023:18:02:04 +0100] "GET /favicon.ico HTTP/1.1" 200 37
0:0:0:0:0:0:0:1 - - [27/Nov/2023:18:02:47 +0100] "GET /webjars/bootstrap/5.3.2/css/bootstrap.min.css HTTP/1.1" 200 232948
0:0:0:0:0:0:0:1 - - [27/Nov/2023:18:02:47 +0100] "GET /webjars/jquery/3.7.1/jquery.min.js HTTP/1.1" 200 87533
0:0:0:0:0:0:0:1 - - [27/Nov/2023:18:02:47 +0100] "GET /webjars/bootstrap/5.3.2/js/bootstrap.bundle.min.js HTTP/1.1" 200 80663
0:0:0:0:0:0:0:1 - - [27/Nov/2023:18:02:47 +0100] "GET /favicon.ico HTTP/1.1" 200 37
0:0:0:0:0:0:0:1 - - [27/Nov/2023:18:02:48 +0100] "GET /welcome/admin?lang=de HTTP/1.1" 200 4242
127.0.0.1 - - [27/Nov/2023:18:02:48 +0100] "GET /webjars/bootstrap/5.3.2/js/bootstrap.bundle.min.js HTTP/1.1" 200 80663
127.0.0.1 - - [27/Nov/2023:18:02:48 +0100] "GET /webjars/jquery/3.7.1/jquery.min.js HTTP/1.1" 200 87533
0:0:0:0:0:0:0:1 - - [27/Nov/2023:18:02:48 +0100] "GET /webjars/bootstrap/5.3.2/css/bootstrap.min.css HTTP/1.1" 200 232948
0:0:0:0:0:0:0:1 - - [27/Nov/2023:18:02:48 +0100] "GET /favicon.ico HTTP/1.1" 200 37
0:0:0:0:0:0:0:1 - - [27/Nov/2023:18:26:26 +0100] "GET /welcome/admin?lang=de HTTP/1.1" 200 4251
0:0:0:0:0:0:0:1 - - [27/Nov/2023:18:26:26 +0100] "GET /webjars/bootstrap/5.3.2/css/bootstrap.min.css HTTP/1.1" 200 232948
0:0:0:0:0:0:0:1 - - [27/Nov/2023:18:26:26 +0100] "GET /webjars/bootstrap/5.3.2/js/bootstrap.bundle.min.js HTTP/1.1" 200 80663
0:0:0:0:0:0:0:1 - - [27/Nov/2023:18:26:26 +0100] "GET /webjars/jquery/3.7.1/jquery.min.js HTTP/1.1" 200 87533
0:0:0:0:0:0:0:1 - - [27/Nov/2023:18:26:27 +0100] "GET /favicon.ico HTTP/1.1" 200 37
0:0:0:0:0:0:0:1 - - [27/Nov/2023:18:26:57 +0100] "GET /welcome/admin?lang=de HTTP/1.1" 200 4241
0:0:0:0:0:0:0:1 - - [27/Nov/2023:18:26:58 +0100] "GET /webjars/bootstrap/5.3.2/css/bootstrap.min.css HTTP/1.1" 200 232948
0:0:0:0:0:0:0:1 - - [27/Nov/2023:18:26:58 +0100] "GET /webjars/jquery/3.7.1/jquery.min.js HTTP/1.1" 200 87533
0:0:0:0:0:0:0:1 - - [27/Nov/2023:18:26:58 +0100] "GET /webjars/bootstrap/5.3.2/js/bootstrap.bundle.min.js HTTP/1.1" 200 80663
0:0:0:0:0:0:0:1 - - [27/Nov/2023:18:26:58 +0100] "GET /favicon.ico HTTP/1.1" 200 37
0:0:0:0:0:0:0:1 - - [27/Nov/2023:18:27:31 +0100] "GET /welcome/admin?lang=de HTTP/1.1" 200 4263
0:0:0:0:0:0:0:1 - - [27/Nov/2023:18:27:31 +0100] "GET /webjars/bootstrap/5.3.2/css/bootstrap.min.css HTTP/1.1" 200 232948
0:0:0:0:0:0:0:1 - - [27/Nov/2023:18:27:31 +0100] "GET /webjars/jquery/3.7.1/jquery.min.js HTTP/1.1" 200 87533
0:0:0:0:0:0:0:1 - - [27/Nov/2023:18:27:31 +0100] "GET /webjars/bootstrap/5.3.2/js/bootstrap.bundle.min.js HTTP/1.1" 200 80663
0:0:0:0:0:0:0:1 - - [27/Nov/2023:18:27:31 +0100] "GET /favicon.ico HTTP/1.1" 200 37
0:0:0:0:0:0:0:1 - - [27/Nov/2023:18:27:32 +0100] "GET /welcome/admin?lang=de HTTP/1.1" 200 4263
0:0:0:0:0:0:0:1 - - [27/Nov/2023:18:27:32 +0100] "GET /webjars/jquery/3.7.1/jquery.min.js HTTP/1.1" 200 87533
0:0:0:0:0:0:0:1 - - [27/Nov/2023:18:27:32 +0100] "GET /webjars/bootstrap/5.3.2/js/bootstrap.bundle.min.js HTTP/1.1" 200 80663
0:0:0:0:0:0:0:1 - - [27/Nov/2023:18:27:32 +0100] "GET /webjars/bootstrap/5.3.2/css/bootstrap.min.css HTTP/1.1" 200 232948
0:0:0:0:0:0:0:1 - - [27/Nov/2023:18:27:32 +0100] "GET /favicon.ico HTTP/1.1" 200 37
0:0:0:0:0:0:0:1 - - [27/Nov/2023:18:27:33 +0100] "GET /welcome/admin?lang=de HTTP/1.1" 200 4263
0:0:0:0:0:0:0:1 - - [27/Nov/2023:18:27:33 +0100] "GET /webjars/jquery/3.7.1/jquery.min.js HTTP/1.1" 200 87533
0:0:0:0:0:0:0:1 - - [27/Nov/2023:18:27:33 +0100] "GET /webjars/bootstrap/5.3.2/css/bootstrap.min.css HTTP/1.1" 200 232948
0:0:0:0:0:0:0:1 - - [27/Nov/2023:18:27:33 +0100] "GET /webjars/bootstrap/5.3.2/js/bootstrap.bundle.min.js HTTP/1.1" 200 80663
0:0:0:0:0:0:0:1 - - [27/Nov/2023:18:27:33 +0100] "GET /favicon.ico HTTP/1.1" 200 37
0:0:0:0:0:0:0:1 - - [27/Nov/2023:18:29:03 +0100] "GET /welcome/admin?lang=de HTTP/1.1" 200 4301
0:0:0:0:0:0:0:1 - - [27/Nov/2023:18:29:03 +0100] "GET /webjars/bootstrap/5.3.2/js/bootstrap.bundle.min.js HTTP/1.1" 200 80663
0:0:0:0:0:0:0:1 - - [27/Nov/2023:18:29:03 +0100] "GET /webjars/jquery/3.7.1/jquery.min.js HTTP/1.1" 200 87533
0:0:0:0:0:0:0:1 - - [27/Nov/2023:18:29:03 +0100] "GET /webjars/bootstrap/5.3.2/css/bootstrap.min.css HTTP/1.1" 200 232948
0:0:0:0:0:0:0:1 - - [27/Nov/2023:18:29:03 +0100] "GET /favicon.ico HTTP/1.1" 200 37
0:0:0:0:0:0:0:1 - - [27/Nov/2023:18:29:16 +0100] "GET /welcome/admin?lang=de HTTP/1.1" 200 4301
0:0:0:0:0:0:0:1 - - [27/Nov/2023:18:29:16 +0100] "GET /webjars/jquery/3.7.1/jquery.min.js HTTP/1.1" 200 87533
0:0:0:0:0:0:0:1 - - [27/Nov/2023:18:29:16 +0100] "GET /webjars/bootstrap/5.3.2/css/bootstrap.min.css HTTP/1.1" 200 232948
0:0:0:0:0:0:0:1 - - [27/Nov/2023:18:29:16 +0100] "GET /webjars/bootstrap/5.3.2/js/bootstrap.bundle.min.js HTTP/1.1" 200 80663
0:0:0:0:0:0:0:1 - - [27/Nov/2023:18:29:16 +0100] "GET /favicon.ico HTTP/1.1" 200 37
0:0:0:0:0:0:0:1 - - [27/Nov/2023:18:29:18 +0100] "GET /welcome/admin?lang=de HTTP/1.1" 200 4301
0:0:0:0:0:0:0:1 - - [27/Nov/2023:18:29:18 +0100] "GET /webjars/bootstrap/5.3.2/css/bootstrap.min.css HTTP/1.1" 200 232948
0:0:0:0:0:0:0:1 - - [27/Nov/2023:18:29:18 +0100] "GET /webjars/bootstrap/5.3.2/js/bootstrap.bundle.min.js HTTP/1.1" 200 80663
0:0:0:0:0:0:0:1 - - [27/Nov/2023:18:29:18 +0100] "GET /webjars/jquery/3.7.1/jquery.min.js HTTP/1.1" 200 87533
0:0:0:0:0:0:0:1 - - [27/Nov/2023:18:29:18 +0100] "GET /favicon.ico HTTP/1.1" 200 37
0:0:0:0:0:0:0:1 - - [27/Nov/2023:18:31:58 +0100] "GET /welcome/admin?lang=de HTTP/1.1" 200 4535
0:0:0:0:0:0:0:1 - - [27/Nov/2023:18:31:59 +0100] "GET /webjars/jquery/3.7.1/jquery.min.js HTTP/1.1" 200 87533
0:0:0:0:0:0:0:1 - - [27/Nov/2023:18:31:59 +0100] "GET /webjars/bootstrap/5.3.2/css/bootstrap.min.css HTTP/1.1" 200 232948
0:0:0:0:0:0:0:1 - - [27/Nov/2023:18:31:59 +0100] "GET /webjars/bootstrap/5.3.2/js/bootstrap.bundle.min.js HTTP/1.1" 200 80663
0:0:0:0:0:0:0:1 - - [27/Nov/2023:18:31:59 +0100] "GET /favicon.ico HTTP/1.1" 200 37
0:0:0:0:0:0:0:1 - - [27/Nov/2023:18:32:26 +0100] "GET /welcome/admin?lang=de HTTP/1.1" 200 4541
0:0:0:0:0:0:0:1 - - [27/Nov/2023:18:32:26 +0100] "GET /webjars/jquery/3.7.1/jquery.min.js HTTP/1.1" 200 87533
0:0:0:0:0:0:0:1 - - [27/Nov/2023:18:32:26 +0100] "GET /webjars/bootstrap/5.3.2/js/bootstrap.bundle.min.js HTTP/1.1" 200 80663
0:0:0:0:0:0:0:1 - - [27/Nov/2023:18:32:26 +0100] "GET /webjars/bootstrap/5.3.2/css/bootstrap.min.css HTTP/1.1" 200 232948
0:0:0:0:0:0:0:1 - - [27/Nov/2023:18:32:26 +0100] "GET /favicon.ico HTTP/1.1" 200 37
0:0:0:0:0:0:0:1 - - [27/Nov/2023:18:33:15 +0100] "GET /welcome/admin?lang=de HTTP/1.1" 200 4553
0:0:0:0:0:0:0:1 - - [27/Nov/2023:18:33:15 +0100] "GET /webjars/bootstrap/5.3.2/js/bootstrap.bundle.min.js HTTP/1.1" 200 80663
0:0:0:0:0:0:0:1 - - [27/Nov/2023:18:33:15 +0100] "GET /webjars/jquery/3.7.1/jquery.min.js HTTP/1.1" 200 87533
0:0:0:0:0:0:0:1 - - [27/Nov/2023:18:33:15 +0100] "GET /webjars/bootstrap/5.3.2/css/bootstrap.min.css HTTP/1.1" 200 232948
0:0:0:0:0:0:0:1 - - [27/Nov/2023:18:33:15 +0100] "GET /favicon.ico HTTP/1.1" 200 37
0:0:0:0:0:0:0:1 - - [27/Nov/2023:18:40:30 +0100] "GET /welcome/admin?lang=de HTTP/1.1" 200 4711
0:0:0:0:0:0:0:1 - - [27/Nov/2023:18:40:30 +0100] "GET /webjars/bootstrap/5.3.2/css/bootstrap.min.css HTTP/1.1" 200 232948
0:0:0:0:0:0:0:1 - - [27/Nov/2023:18:40:30 +0100] "GET /webjars/bootstrap/5.3.2/js/bootstrap.bundle.min.js HTTP/1.1" 200 80663
0:0:0:0:0:0:0:1 - - [27/Nov/2023:18:40:30 +0100] "GET /webjars/jquery/3.7.1/jquery.min.js HTTP/1.1" 200 87533
0:0:0:0:0:0:0:1 - - [27/Nov/2023:18:40:30 +0100] "GET /favicon.ico HTTP/1.1" 200 37
0:0:0:0:0:0:0:1 - - [27/Nov/2023:18:41:56 +0100] "GET /welcome/admin?lang=de HTTP/1.1" 200 4715
0:0:0:0:0:0:0:1 - - [27/Nov/2023:18:41:56 +0100] "GET /webjars/bootstrap/5.3.2/js/bootstrap.bundle.min.js HTTP/1.1" 200 80663
0:0:0:0:0:0:0:1 - - [27/Nov/2023:18:41:56 +0100] "GET /webjars/jquery/3.7.1/jquery.min.js HTTP/1.1" 200 87533
0:0:0:0:0:0:0:1 - - [27/Nov/2023:18:41:56 +0100] "GET /webjars/bootstrap/5.3.2/css/bootstrap.min.css HTTP/1.1" 200 232948
0:0:0:0:0:0:0:1 - - [27/Nov/2023:18:41:57 +0100] "GET /favicon.ico HTTP/1.1" 200 37
0:0:0:0:0:0:0:1 - - [27/Nov/2023:18:42:38 +0100] "GET /welcome/admin?lang=de HTTP/1.1" 200 4666
0:0:0:0:0:0:0:1 - - [27/Nov/2023:18:42:38 +0100] "GET /webjars/jquery/3.7.1/jquery.min.js HTTP/1.1" 200 87533
0:0:0:0:0:0:0:1 - - [27/Nov/2023:18:42:38 +0100] "GET /webjars/bootstrap/5.3.2/css/bootstrap.min.css HTTP/1.1" 200 232948
0:0:0:0:0:0:0:1 - - [27/Nov/2023:18:42:38 +0100] "GET /webjars/bootstrap/5.3.2/js/bootstrap.bundle.min.js HTTP/1.1" 200 80663
0:0:0:0:0:0:0:1 - - [27/Nov/2023:18:42:38 +0100] "GET /favicon.ico HTTP/1.1" 200 37
0:0:0:0:0:0:0:1 - - [27/Nov/2023:18:46:50 +0100] "GET /favicon.ico HTTP/1.1" 200 37
0:0:0:0:0:0:0:1 - - [27/Nov/2023:18:54:50 +0100] "GET /welcome/admin?lang=en HTTP/1.1" 200 4644
0:0:0:0:0:0:0:1 - - [27/Nov/2023:18:54:50 +0100] "GET /webjars/bootstrap/5.3.2/js/bootstrap.bundle.min.js HTTP/1.1" 200 80663
0:0:0:0:0:0:0:1 - - [27/Nov/2023:18:54:50 +0100] "GET /webjars/bootstrap/5.3.2/css/bootstrap.min.css HTTP/1.1" 200 232948
0:0:0:0:0:0:0:1 - - [27/Nov/2023:18:54:50 +0100] "GET /webjars/jquery/3.7.1/jquery.min.js HTTP/1.1" 200 87533
0:0:0:0:0:0:0:1 - - [27/Nov/2023:18:54:50 +0100] "GET /favicon.ico HTTP/1.1" 200 37
0:0:0:0:0:0:0:1 - - [27/Nov/2023:18:54:56 +0100] "GET /welcome/admin?lang=de HTTP/1.1" 200 4666
0:0:0:0:0:0:0:1 - - [27/Nov/2023:18:54:56 +0100] "GET /webjars/jquery/3.7.1/jquery.min.js HTTP/1.1" 200 87533
0:0:0:0:0:0:0:1 - - [27/Nov/2023:18:54:56 +0100] "GET /webjars/bootstrap/5.3.2/js/bootstrap.bundle.min.js HTTP/1.1" 200 80663
0:0:0:0:0:0:0:1 - - [27/Nov/2023:18:54:56 +0100] "GET /webjars/bootstrap/5.3.2/css/bootstrap.min.css HTTP/1.1" 200 232948
0:0:0:0:0:0:0:1 - - [27/Nov/2023:18:54:56 +0100] "GET /favicon.ico HTTP/1.1" 200 37
0:0:0:0:0:0:0:1 - - [27/Nov/2023:18:57:37 +0100] "GET /welcome/admin?lang=en HTTP/1.1" 200 4644
0:0:0:0:0:0:0:1 - - [27/Nov/2023:18:57:37 +0100] "GET /webjars/bootstrap/5.3.2/js/bootstrap.bundle.min.js HTTP/1.1" 200 80663
0:0:0:0:0:0:0:1 - - [27/Nov/2023:18:57:37 +0100] "GET /webjars/bootstrap/5.3.2/css/bootstrap.min.css HTTP/1.1" 200 232948
0:0:0:0:0:0:0:1 - - [27/Nov/2023:18:57:37 +0100] "GET /webjars/jquery/3.7.1/jquery.min.js HTTP/1.1" 200 87533
0:0:0:0:0:0:0:1 - - [27/Nov/2023:18:57:37 +0100] "GET /favicon.ico HTTP/1.1" 200 37
0:0:0:0:0:0:0:1 - - [27/Nov/2023:19:00:07 +0100] "GET /user HTTP/1.1" 302 -
0:0:0:0:0:0:0:1 - - [27/Nov/2023:19:00:07 +0100] "GET /login HTTP/1.1" 200 2505
0:0:0:0:0:0:0:1 - - [27/Nov/2023:19:00:07 +0100] "GET /webjars/bootstrap/5.3.2/js/bootstrap.bundle.min.js HTTP/1.1" 200 80663
0:0:0:0:0:0:0:1 - - [27/Nov/2023:19:00:07 +0100] "GET /webjars/jquery/3.7.1/jquery.min.js HTTP/1.1" 200 87533
0:0:0:0:0:0:0:1 - - [27/Nov/2023:19:00:07 +0100] "GET /webjars/bootstrap/5.3.2/css/bootstrap.min.css HTTP/1.1" 200 232948
0:0:0:0:0:0:0:1 - - [27/Nov/2023:19:00:07 +0100] "GET /favicon.ico HTTP/1.1" 200 37
0:0:0:0:0:0:0:1 - - [27/Nov/2023:19:00:10 +0100] "GET /welcome/admin?lang=en HTTP/1.1" 200 4644
0:0:0:0:0:0:0:1 - - [27/Nov/2023:19:00:10 +0100] "GET /webjars/jquery/3.7.1/jquery.min.js HTTP/1.1" 200 87533
0:0:0:0:0:0:0:1 - - [27/Nov/2023:19:00:10 +0100] "GET /webjars/bootstrap/5.3.2/js/bootstrap.bundle.min.js HTTP/1.1" 200 80663
0:0:0:0:0:0:0:1 - - [27/Nov/2023:19:00:10 +0100] "GET /webjars/bootstrap/5.3.2/css/bootstrap.min.css HTTP/1.1" 200 232948
0:0:0:0:0:0:0:1 - - [27/Nov/2023:19:00:10 +0100] "GET /favicon.ico HTTP/1.1" 200 37
0:0:0:0:0:0:0:1 - - [27/Nov/2023:19:00:14 +0100] "GET /logout HTTP/1.1" 302 -
0:0:0:0:0:0:0:1 - - [27/Nov/2023:19:00:14 +0100] "GET /login?logout HTTP/1.1" 200 2625
0:0:0:0:0:0:0:1 - - [27/Nov/2023:19:00:14 +0100] "GET /webjars/bootstrap/5.3.2/js/bootstrap.bundle.min.js HTTP/1.1" 200 80663
0:0:0:0:0:0:0:1 - - [27/Nov/2023:19:00:14 +0100] "GET /webjars/jquery/3.7.1/jquery.min.js HTTP/1.1" 200 87533
0:0:0:0:0:0:0:1 - - [27/Nov/2023:19:00:14 +0100] "GET /webjars/bootstrap/5.3.2/css/bootstrap.min.css HTTP/1.1" 200 232948
0:0:0:0:0:0:0:1 - - [27/Nov/2023:19:00:14 +0100] "GET /favicon.ico HTTP/1.1" 200 37
0:0:0:0:0:0:0:1 - - [27/Nov/2023:19:00:23 +0100] "POST /login HTTP/1.1" 302 -
0:0:0:0:0:0:0:1 - - [27/Nov/2023:19:00:23 +0100] "GET /welcome HTTP/1.1" 302 -
0:0:0:0:0:0:0:1 - - [27/Nov/2023:19:00:23 +0100] "GET /welcome/admin?lang=de HTTP/1.1" 200 4666
0:0:0:0:0:0:0:1 - - [27/Nov/2023:19:00:24 +0100] "GET /webjars/bootstrap/5.3.2/js/bootstrap.bundle.min.js HTTP/1.1" 200 80663
0:0:0:0:0:0:0:1 - - [27/Nov/2023:19:00:24 +0100] "GET /webjars/bootstrap/5.3.2/css/bootstrap.min.css HTTP/1.1" 200 232948
0:0:0:0:0:0:0:1 - - [27/Nov/2023:19:00:24 +0100] "GET /webjars/jquery/3.7.1/jquery.min.js HTTP/1.1" 200 87533
0:0:0:0:0:0:0:1 - - [27/Nov/2023:19:00:24 +0100] "GET /favicon.ico HTTP/1.1" 200 37
0:0:0:0:0:0:0:1 - - [27/Nov/2023:19:02:46 +0100] "GET /welcome/admin?lang=en HTTP/1.1" 200 4644
0:0:0:0:0:0:0:1 - - [27/Nov/2023:19:02:46 +0100] "GET /webjars/jquery/3.7.1/jquery.min.js HTTP/1.1" 200 87533
0:0:0:0:0:0:0:1 - - [27/Nov/2023:19:02:46 +0100] "GET /webjars/bootstrap/5.3.2/css/bootstrap.min.css HTTP/1.1" 200 232948
0:0:0:0:0:0:0:1 - - [27/Nov/2023:19:02:46 +0100] "GET /webjars/bootstrap/5.3.2/js/bootstrap.bundle.min.js HTTP/1.1" 200 80663
0:0:0:0:0:0:0:1 - - [27/Nov/2023:19:02:46 +0100] "GET /favicon.ico HTTP/1.1" 200 37
0:0:0:0:0:0:0:1 - - [27/Nov/2023:19:02:51 +0100] "GET /welcome/admin?lang=de HTTP/1.1" 200 4666
0:0:0:0:0:0:0:1 - - [27/Nov/2023:19:02:51 +0100] "GET /webjars/jquery/3.7.1/jquery.min.js HTTP/1.1" 200 87533
0:0:0:0:0:0:0:1 - - [27/Nov/2023:19:02:51 +0100] "GET /webjars/bootstrap/5.3.2/css/bootstrap.min.css HTTP/1.1" 200 232948
0:0:0:0:0:0:0:1 - - [27/Nov/2023:19:02:51 +0100] "GET /webjars/bootstrap/5.3.2/js/bootstrap.bundle.min.js HTTP/1.1" 200 80663
0:0:0:0:0:0:0:1 - - [27/Nov/2023:19:02:51 +0100] "GET /favicon.ico HTTP/1.1" 200 37
127.0.0.1 - - [27/Nov/2023:19:12:44 +0100] "GET /welcome/admin?lang=de HTTP/1.1" 200 4666
127.0.0.1 - - [27/Nov/2023:19:12:44 +0100] "GET /webjars/bootstrap/5.3.2/js/bootstrap.bundle.min.js HTTP/1.1" 200 80663
127.0.0.1 - - [27/Nov/2023:19:12:44 +0100] "GET /webjars/jquery/3.7.1/jquery.min.js HTTP/1.1" 200 87533
127.0.0.1 - - [27/Nov/2023:19:12:44 +0100] "GET /webjars/bootstrap/5.3.2/css/bootstrap.min.css HTTP/1.1" 200 232948
127.0.0.1 - - [27/Nov/2023:19:12:45 +0100] "GET /favicon.ico HTTP/1.1" 200 37
127.0.0.1 - - [27/Nov/2023:19:12:50 +0100] "GET /welcome/admin?lang=de HTTP/1.1" 200 4666
127.0.0.1 - - [27/Nov/2023:19:12:50 +0100] "GET /webjars/jquery/3.7.1/jquery.min.js HTTP/1.1" 200 87533
127.0.0.1 - - [27/Nov/2023:19:12:50 +0100] "GET /webjars/bootstrap/5.3.2/js/bootstrap.bundle.min.js HTTP/1.1" 200 80663
127.0.0.1 - - [27/Nov/2023:19:12:50 +0100] "GET /webjars/bootstrap/5.3.2/css/bootstrap.min.css HTTP/1.1" 200 232948
127.0.0.1 - - [27/Nov/2023:19:12:50 +0100] "GET /favicon.ico HTTP/1.1" 200 37
127.0.0.1 - - [27/Nov/2023:19:12:52 +0100] "GET /welcome/admin?lang=de HTTP/1.1" 200 4666
127.0.0.1 - - [27/Nov/2023:19:12:52 +0100] "GET /webjars/bootstrap/5.3.2/js/bootstrap.bundle.min.js HTTP/1.1" 200 80663
127.0.0.1 - - [27/Nov/2023:19:12:52 +0100] "GET /webjars/jquery/3.7.1/jquery.min.js HTTP/1.1" 200 87533
127.0.0.1 - - [27/Nov/2023:19:12:52 +0100] "GET /webjars/bootstrap/5.3.2/css/bootstrap.min.css HTTP/1.1" 200 232948
127.0.0.1 - - [27/Nov/2023:19:12:52 +0100] "GET /favicon.ico HTTP/1.1" 200 37
0:0:0:0:0:0:0:1 - - [27/Nov/2023:19:16:04 +0100] "GET /welcome/admin?lang=de HTTP/1.1" 200 4708
0:0:0:0:0:0:0:1 - - [27/Nov/2023:19:16:04 +0100] "GET /webjars/bootstrap/5.3.2/js/bootstrap.bundle.min.js HTTP/1.1" 200 80663
0:0:0:0:0:0:0:1 - - [27/Nov/2023:19:16:04 +0100] "GET /webjars/jquery/3.7.1/jquery.min.js HTTP/1.1" 200 87533
0:0:0:0:0:0:0:1 - - [27/Nov/2023:19:16:04 +0100] "GET /webjars/bootstrap/5.3.2/css/bootstrap.min.css HTTP/1.1" 200 232948
0:0:0:0:0:0:0:1 - - [27/Nov/2023:19:16:04 +0100] "GET /favicon.ico HTTP/1.1" 200 37
0:0:0:0:0:0:0:1 - - [27/Nov/2023:19:16:07 +0100] "GET /welcome/admin?lang=de HTTP/1.1" 200 4708
0:0:0:0:0:0:0:1 - - [27/Nov/2023:19:16:07 +0100] "GET /webjars/jquery/3.7.1/jquery.min.js HTTP/1.1" 200 87533
0:0:0:0:0:0:0:1 - - [27/Nov/2023:19:16:07 +0100] "GET /webjars/bootstrap/5.3.2/js/bootstrap.bundle.min.js HTTP/1.1" 200 80663
0:0:0:0:0:0:0:1 - - [27/Nov/2023:19:16:07 +0100] "GET /webjars/bootstrap/5.3.2/css/bootstrap.min.css HTTP/1.1" 200 232948
0:0:0:0:0:0:0:1 - - [27/Nov/2023:19:16:08 +0100] "GET /favicon.ico HTTP/1.1" 200 37
0:0:0:0:0:0:0:1 - - [27/Nov/2023:19:16:32 +0100] "GET /welcome/admin?lang=de HTTP/1.1" 200 4666
0:0:0:0:0:0:0:1 - - [27/Nov/2023:19:16:32 +0100] "GET /webjars/bootstrap/5.3.2/css/bootstrap.min.css HTTP/1.1" 200 232948
0:0:0:0:0:0:0:1 - - [27/Nov/2023:19:16:32 +0100] "GET /webjars/bootstrap/5.3.2/js/bootstrap.bundle.min.js HTTP/1.1" 200 80663
0:0:0:0:0:0:0:1 - - [27/Nov/2023:19:16:32 +0100] "GET /webjars/jquery/3.7.1/jquery.min.js HTTP/1.1" 200 87533
0:0:0:0:0:0:0:1 - - [27/Nov/2023:19:16:32 +0100] "GET /favicon.ico HTTP/1.1" 200 37
0:0:0:0:0:0:0:1 - - [27/Nov/2023:19:16:38 +0100] "GET /welcome/admin?lang=en HTTP/1.1" 200 4642
0:0:0:0:0:0:0:1 - - [27/Nov/2023:19:16:38 +0100] "GET /webjars/bootstrap/5.3.2/css/bootstrap.min.css HTTP/1.1" 200 232948
0:0:0:0:0:0:0:1 - - [27/Nov/2023:19:16:38 +0100] "GET /webjars/bootstrap/5.3.2/js/bootstrap.bundle.min.js HTTP/1.1" 200 80663
0:0:0:0:0:0:0:1 - - [27/Nov/2023:19:16:38 +0100] "GET /webjars/jquery/3.7.1/jquery.min.js HTTP/1.1" 200 87533
0:0:0:0:0:0:0:1 - - [27/Nov/2023:19:16:38 +0100] "GET /favicon.ico HTTP/1.1" 200 37
0:0:0:0:0:0:0:1 - - [27/Nov/2023:19:18:17 +0100] "GET /welcome/admin?lang=en HTTP/1.1" 200 4662
0:0:0:0:0:0:0:1 - - [27/Nov/2023:19:18:17 +0100] "GET /webjars/jquery/3.7.1/jquery.min.js HTTP/1.1" 200 87533
0:0:0:0:0:0:0:1 - - [27/Nov/2023:19:18:17 +0100] "GET /webjars/bootstrap/5.3.2/js/bootstrap.bundle.min.js HTTP/1.1" 200 80663
0:0:0:0:0:0:0:1 - - [27/Nov/2023:19:18:17 +0100] "GET /webjars/bootstrap/5.3.2/css/bootstrap.min.css HTTP/1.1" 200 232948
0:0:0:0:0:0:0:1 - - [27/Nov/2023:19:18:17 +0100] "GET /favicon.ico HTTP/1.1" 200 37
0:0:0:0:0:0:0:1 - - [27/Nov/2023:19:18:29 +0100] "GET /welcome/admin?lang=en HTTP/1.1" 200 4640
0:0:0:0:0:0:0:1 - - [27/Nov/2023:19:18:29 +0100] "GET /webjars/bootstrap/5.3.2/js/bootstrap.bundle.min.js HTTP/1.1" 200 80663
0:0:0:0:0:0:0:1 - - [27/Nov/2023:19:18:29 +0100] "GET /webjars/jquery/3.7.1/jquery.min.js HTTP/1.1" 200 87533
0:0:0:0:0:0:0:1 - - [27/Nov/2023:19:18:29 +0100] "GET /webjars/bootstrap/5.3.2/css/bootstrap.min.css HTTP/1.1" 200 232948
0:0:0:0:0:0:0:1 - - [27/Nov/2023:19:18:29 +0100] "GET /favicon.ico HTTP/1.1" 200 37
0:0:0:0:0:0:0:1 - - [27/Nov/2023:19:22:05 +0100] "GET /welcome/admin?lang=en HTTP/1.1" 500 15218
0:0:0:0:0:0:0:1 - - [27/Nov/2023:19:22:05 +0100] "GET /favicon.ico HTTP/1.1" 200 37
0:0:0:0:0:0:0:1 - - [27/Nov/2023:19:22:20 +0100] "GET /welcome/admin?lang=en HTTP/1.1" 200 4637
0:0:0:0:0:0:0:1 - - [27/Nov/2023:19:22:20 +0100] "GET /webjars/bootstrap/5.3.2/js/bootstrap.bundle.min.js HTTP/1.1" 200 80663
0:0:0:0:0:0:0:1 - - [27/Nov/2023:19:22:20 +0100] "GET /webjars/jquery/3.7.1/jquery.min.js HTTP/1.1" 200 87533
0:0:0:0:0:0:0:1 - - [27/Nov/2023:19:22:20 +0100] "GET /webjars/bootstrap/5.3.2/css/bootstrap.min.css HTTP/1.1" 200 232948
0:0:0:0:0:0:0:1 - - [27/Nov/2023:19:22:20 +0100] "GET /favicon.ico HTTP/1.1" 200 37
0:0:0:0:0:0:0:1 - - [27/Nov/2023:19:22:29 +0100] "GET /welcome/admin?lang=de HTTP/1.1" 200 4666
0:0:0:0:0:0:0:1 - - [27/Nov/2023:19:22:29 +0100] "GET /webjars/bootstrap/5.3.2/js/bootstrap.bundle.min.js HTTP/1.1" 200 80663
0:0:0:0:0:0:0:1 - - [27/Nov/2023:19:22:29 +0100] "GET /webjars/jquery/3.7.1/jquery.min.js HTTP/1.1" 200 87533
0:0:0:0:0:0:0:1 - - [27/Nov/2023:19:22:29 +0100] "GET /webjars/bootstrap/5.3.2/css/bootstrap.min.css HTTP/1.1" 200 232948
0:0:0:0:0:0:0:1 - - [27/Nov/2023:19:22:29 +0100] "GET /favicon.ico HTTP/1.1" 200 37
0:0:0:0:0:0:0:1 - - [27/Nov/2023:19:22:40 +0100] "GET /welcome/admin?lang=en HTTP/1.1" 200 4637
0:0:0:0:0:0:0:1 - - [27/Nov/2023:19:22:40 +0100] "GET /webjars/jquery/3.7.1/jquery.min.js HTTP/1.1" 200 87533
0:0:0:0:0:0:0:1 - - [27/Nov/2023:19:22:40 +0100] "GET /webjars/bootstrap/5.3.2/js/bootstrap.bundle.min.js HTTP/1.1" 200 80663
0:0:0:0:0:0:0:1 - - [27/Nov/2023:19:22:40 +0100] "GET /webjars/bootstrap/5.3.2/css/bootstrap.min.css HTTP/1.1" 200 232948
0:0:0:0:0:0:0:1 - - [27/Nov/2023:19:22:40 +0100] "GET /favicon.ico HTTP/1.1" 200 37
0:0:0:0:0:0:0:1 - - [27/Nov/2023:19:23:10 +0100] "GET /logout HTTP/1.1" 302 -
0:0:0:0:0:0:0:1 - - [27/Nov/2023:19:23:10 +0100] "GET /login?logout HTTP/1.1" 200 2625
0:0:0:0:0:0:0:1 - - [27/Nov/2023:19:23:10 +0100] "GET /webjars/bootstrap/5.3.2/js/bootstrap.bundle.min.js HTTP/1.1" 200 80663
0:0:0:0:0:0:0:1 - - [27/Nov/2023:19:23:10 +0100] "GET /webjars/jquery/3.7.1/jquery.min.js HTTP/1.1" 200 87533
0:0:0:0:0:0:0:1 - - [27/Nov/2023:19:23:10 +0100] "GET /webjars/bootstrap/5.3.2/css/bootstrap.min.css HTTP/1.1" 200 232948
0:0:0:0:0:0:0:1 - - [27/Nov/2023:19:23:10 +0100] "GET /favicon.ico HTTP/1.1" 200 37
0:0:0:0:0:0:0:1 - - [27/Nov/2023:19:23:15 +0100] "POST /login HTTP/1.1" 302 -
0:0:0:0:0:0:0:1 - - [27/Nov/2023:19:23:15 +0100] "GET /welcome HTTP/1.1" 302 -
0:0:0:0:0:0:0:1 - - [27/Nov/2023:19:23:15 +0100] "GET /welcome/admin?lang=de HTTP/1.1" 200 4666
0:0:0:0:0:0:0:1 - - [27/Nov/2023:19:23:15 +0100] "GET /webjars/bootstrap/5.3.2/js/bootstrap.bundle.min.js HTTP/1.1" 200 80663
0:0:0:0:0:0:0:1 - - [27/Nov/2023:19:23:15 +0100] "GET /webjars/jquery/3.7.1/jquery.min.js HTTP/1.1" 200 87533
0:0:0:0:0:0:0:1 - - [27/Nov/2023:19:23:15 +0100] "GET /webjars/bootstrap/5.3.2/css/bootstrap.min.css HTTP/1.1" 200 232948
0:0:0:0:0:0:0:1 - - [27/Nov/2023:19:23:15 +0100] "GET /favicon.ico HTTP/1.1" 200 37
0:0:0:0:0:0:0:1 - - [27/Nov/2023:19:23:22 +0100] "GET /welcome/admin?lang=en HTTP/1.1" 200 4637
0:0:0:0:0:0:0:1 - - [27/Nov/2023:19:23:22 +0100] "GET /webjars/bootstrap/5.3.2/js/bootstrap.bundle.min.js HTTP/1.1" 200 80663
0:0:0:0:0:0:0:1 - - [27/Nov/2023:19:23:22 +0100] "GET /webjars/jquery/3.7.1/jquery.min.js HTTP/1.1" 200 87533
0:0:0:0:0:0:0:1 - - [27/Nov/2023:19:23:22 +0100] "GET /webjars/bootstrap/5.3.2/css/bootstrap.min.css HTTP/1.1" 200 232948
0:0:0:0:0:0:0:1 - - [27/Nov/2023:19:23:22 +0100] "GET /favicon.ico HTTP/1.1" 200 37
0:0:0:0:0:0:0:1 - - [27/Nov/2023:19:23:35 +0100] "GET /favicon.ico HTTP/1.1" 200 37
0:0:0:0:0:0:0:1 - - [27/Nov/2023:19:23:54 +0100] "GET /welcome/admin?lang=de HTTP/1.1" 200 4666
0:0:0:0:0:0:0:1 - - [27/Nov/2023:19:23:54 +0100] "GET /webjars/jquery/3.7.1/jquery.min.js HTTP/1.1" 200 87533
0:0:0:0:0:0:0:1 - - [27/Nov/2023:19:23:54 +0100] "GET /webjars/bootstrap/5.3.2/js/bootstrap.bundle.min.js HTTP/1.1" 200 80663
0:0:0:0:0:0:0:1 - - [27/Nov/2023:19:23:54 +0100] "GET /webjars/bootstrap/5.3.2/css/bootstrap.min.css HTTP/1.1" 200 232948
0:0:0:0:0:0:0:1 - - [27/Nov/2023:19:23:54 +0100] "GET /favicon.ico HTTP/1.1" 200 37
0:0:0:0:0:0:0:1 - - [27/Nov/2023:19:27:57 +0100] "GET /favicon.ico HTTP/1.1" 200 37
0:0:0:0:0:0:0:1 - - [27/Nov/2023:19:28:06 +0100] "GET /roles HTTP/1.1" 200 4149
0:0:0:0:0:0:0:1 - - [27/Nov/2023:19:28:06 +0100] "GET /webjars/bootstrap/5.3.2/js/bootstrap.bundle.min.js HTTP/1.1" 200 80663
0:0:0:0:0:0:0:1 - - [27/Nov/2023:19:28:06 +0100] "GET /webjars/bootstrap/5.3.2/css/bootstrap.min.css HTTP/1.1" 200 232948
0:0:0:0:0:0:0:1 - - [27/Nov/2023:19:28:06 +0100] "GET /webjars/jquery/3.7.1/jquery.min.js HTTP/1.1" 200 87533
0:0:0:0:0:0:0:1 - - [27/Nov/2023:19:28:06 +0100] "GET /favicon.ico HTTP/1.1" 200 37
0:0:0:0:0:0:0:1 - - [27/Nov/2023:19:28:12 +0100] "GET /user HTTP/1.1" 200 4200
0:0:0:0:0:0:0:1 - - [27/Nov/2023:19:28:12 +0100] "GET /webjars/bootstrap/5.3.2/js/bootstrap.bundle.min.js HTTP/1.1" 200 80663
0:0:0:0:0:0:0:1 - - [27/Nov/2023:19:28:12 +0100] "GET /webjars/jquery/3.7.1/jquery.min.js HTTP/1.1" 200 87533
0:0:0:0:0:0:0:1 - - [27/Nov/2023:19:28:12 +0100] "GET /webjars/bootstrap/5.3.2/css/bootstrap.min.css HTTP/1.1" 200 232948
0:0:0:0:0:0:0:1 - - [27/Nov/2023:19:28:13 +0100] "GET /favicon.ico HTTP/1.1" 200 37
0:0:0:0:0:0:0:1 - - [27/Nov/2023:19:28:17 +0100] "GET /welcome HTTP/1.1" 302 -
0:0:0:0:0:0:0:1 - - [27/Nov/2023:19:28:17 +0100] "GET /welcome/admin?lang=de HTTP/1.1" 200 4666
0:0:0:0:0:0:0:1 - - [27/Nov/2023:19:28:17 +0100] "GET /webjars/bootstrap/5.3.2/js/bootstrap.bundle.min.js HTTP/1.1" 200 80663
0:0:0:0:0:0:0:1 - - [27/Nov/2023:19:28:17 +0100] "GET /webjars/jquery/3.7.1/jquery.min.js HTTP/1.1" 200 87533
0:0:0:0:0:0:0:1 - - [27/Nov/2023:19:28:17 +0100] "GET /webjars/bootstrap/5.3.2/css/bootstrap.min.css HTTP/1.1" 200 232948
0:0:0:0:0:0:0:1 - - [27/Nov/2023:19:28:17 +0100] "GET /favicon.ico HTTP/1.1" 200 37
0:0:0:0:0:0:0:1 - - [27/Nov/2023:19:28:28 +0100] "GET /favicon.ico HTTP/1.1" 200 37
0:0:0:0:0:0:0:1 - - [27/Nov/2023:19:28:32 +0100] "GET /roles HTTP/1.1" 200 4149
0:0:0:0:0:0:0:1 - - [27/Nov/2023:19:28:32 +0100] "GET /webjars/bootstrap/5.3.2/js/bootstrap.bundle.min.js HTTP/1.1" 200 80663
0:0:0:0:0:0:0:1 - - [27/Nov/2023:19:28:32 +0100] "GET /webjars/bootstrap/5.3.2/css/bootstrap.min.css HTTP/1.1" 200 232948
0:0:0:0:0:0:0:1 - - [27/Nov/2023:19:28:32 +0100] "GET /webjars/jquery/3.7.1/jquery.min.js HTTP/1.1" 200 87533
0:0:0:0:0:0:0:1 - - [27/Nov/2023:19:28:32 +0100] "GET /favicon.ico HTTP/1.1" 200 37
0:0:0:0:0:0:0:1 - - [27/Nov/2023:19:28:34 +0100] "GET /user HTTP/1.1" 200 4200
0:0:0:0:0:0:0:1 - - [27/Nov/2023:19:28:34 +0100] "GET /webjars/jquery/3.7.1/jquery.min.js HTTP/1.1" 200 87533
0:0:0:0:0:0:0:1 - - [27/Nov/2023:19:28:34 +0100] "GET /webjars/bootstrap/5.3.2/js/bootstrap.bundle.min.js HTTP/1.1" 200 80663
0:0:0:0:0:0:0:1 - - [27/Nov/2023:19:28:34 +0100] "GET /webjars/bootstrap/5.3.2/css/bootstrap.min.css HTTP/1.1" 200 232948
0:0:0:0:0:0:0:1 - - [27/Nov/2023:19:28:34 +0100] "GET /favicon.ico HTTP/1.1" 200 37
0:0:0:0:0:0:0:1 - - [27/Nov/2023:19:28:36 +0100] "GET /user HTTP/1.1" 200 4200
0:0:0:0:0:0:0:1 - - [27/Nov/2023:19:28:36 +0100] "GET /webjars/bootstrap/5.3.2/css/bootstrap.min.css HTTP/1.1" 200 232948
0:0:0:0:0:0:0:1 - - [27/Nov/2023:19:28:36 +0100] "GET /webjars/bootstrap/5.3.2/js/bootstrap.bundle.min.js HTTP/1.1" 200 80663
0:0:0:0:0:0:0:1 - - [27/Nov/2023:19:28:36 +0100] "GET /webjars/jquery/3.7.1/jquery.min.js HTTP/1.1" 200 87533
0:0:0:0:0:0:0:1 - - [27/Nov/2023:19:28:36 +0100] "GET /favicon.ico HTTP/1.1" 200 37
0:0:0:0:0:0:0:1 - - [27/Nov/2023:19:28:38 +0100] "GET /welcome HTTP/1.1" 302 -
0:0:0:0:0:0:0:1 - - [27/Nov/2023:19:28:38 +0100] "GET /welcome/admin?lang=de HTTP/1.1" 200 4666
0:0:0:0:0:0:0:1 - - [27/Nov/2023:19:28:38 +0100] "GET /webjars/bootstrap/5.3.2/js/bootstrap.bundle.min.js HTTP/1.1" 200 80663
0:0:0:0:0:0:0:1 - - [27/Nov/2023:19:28:38 +0100] "GET /webjars/jquery/3.7.1/jquery.min.js HTTP/1.1" 200 87533
0:0:0:0:0:0:0:1 - - [27/Nov/2023:19:28:38 +0100] "GET /webjars/bootstrap/5.3.2/css/bootstrap.min.css HTTP/1.1" 200 232948
0:0:0:0:0:0:0:1 - - [27/Nov/2023:19:28:38 +0100] "GET /favicon.ico HTTP/1.1" 200 37
0:0:0:0:0:0:0:1 - - [27/Nov/2023:19:33:46 +0100] "GET /roles HTTP/1.1" 200 4149
0:0:0:0:0:0:0:1 - - [27/Nov/2023:19:33:46 +0100] "GET /webjars/bootstrap/5.3.2/js/bootstrap.bundle.min.js HTTP/1.1" 200 80663
0:0:0:0:0:0:0:1 - - [27/Nov/2023:19:33:46 +0100] "GET /webjars/bootstrap/5.3.2/css/bootstrap.min.css HTTP/1.1" 200 232948
0:0:0:0:0:0:0:1 - - [27/Nov/2023:19:33:46 +0100] "GET /webjars/jquery/3.7.1/jquery.min.js HTTP/1.1" 200 87533
0:0:0:0:0:0:0:1 - - [27/Nov/2023:19:33:46 +0100] "GET /favicon.ico HTTP/1.1" 200 37
0:0:0:0:0:0:0:1 - - [27/Nov/2023:19:33:53 +0100] "POST /addrole HTTP/1.1" 302 -
0:0:0:0:0:0:0:1 - - [27/Nov/2023:19:33:53 +0100] "GET /roles HTTP/1.1" 200 4418
0:0:0:0:0:0:0:1 - - [27/Nov/2023:19:33:54 +0100] "GET /webjars/jquery/3.7.1/jquery.min.js HTTP/1.1" 200 87533
0:0:0:0:0:0:0:1 - - [27/Nov/2023:19:33:54 +0100] "GET /webjars/bootstrap/5.3.2/js/bootstrap.bundle.min.js HTTP/1.1" 200 80663
0:0:0:0:0:0:0:1 - - [27/Nov/2023:19:33:54 +0100] "GET /webjars/bootstrap/5.3.2/css/bootstrap.min.css HTTP/1.1" 200 232948
0:0:0:0:0:0:0:1 - - [27/Nov/2023:19:33:54 +0100] "GET /favicon.ico HTTP/1.1" 200 37
0:0:0:0:0:0:0:1 - - [27/Nov/2023:19:34:01 +0100] "GET /deleterole?id=19 HTTP/1.1" 302 -
0:0:0:0:0:0:0:1 - - [27/Nov/2023:19:34:02 +0100] "GET /roles HTTP/1.1" 200 4149
0:0:0:0:0:0:0:1 - - [27/Nov/2023:19:34:02 +0100] "GET /webjars/bootstrap/5.3.2/js/bootstrap.bundle.min.js HTTP/1.1" 200 80663
0:0:0:0:0:0:0:1 - - [27/Nov/2023:19:34:02 +0100] "GET /webjars/bootstrap/5.3.2/css/bootstrap.min.css HTTP/1.1" 200 232948
0:0:0:0:0:0:0:1 - - [27/Nov/2023:19:34:02 +0100] "GET /webjars/jquery/3.7.1/jquery.min.js HTTP/1.1" 200 87533
0:0:0:0:0:0:0:1 - - [27/Nov/2023:19:34:02 +0100] "GET /favicon.ico HTTP/1.1" 200 37
0:0:0:0:0:0:0:1 - - [27/Nov/2023:19:34:08 +0100] "GET /logout HTTP/1.1" 302 -
0:0:0:0:0:0:0:1 - - [27/Nov/2023:19:34:08 +0100] "GET /login?logout HTTP/1.1" 200 2625
0:0:0:0:0:0:0:1 - - [27/Nov/2023:19:34:08 +0100] "GET /webjars/bootstrap/5.3.2/js/bootstrap.bundle.min.js HTTP/1.1" 200 80663
0:0:0:0:0:0:0:1 - - [27/Nov/2023:19:34:08 +0100] "GET /webjars/jquery/3.7.1/jquery.min.js HTTP/1.1" 200 87533
0:0:0:0:0:0:0:1 - - [27/Nov/2023:19:34:08 +0100] "GET /webjars/bootstrap/5.3.2/css/bootstrap.min.css HTTP/1.1" 200 232948
0:0:0:0:0:0:0:1 - - [27/Nov/2023:19:34:09 +0100] "GET /favicon.ico HTTP/1.1" 200 37
0:0:0:0:0:0:0:1 - - [27/Nov/2023:19:34:20 +0100] "POST /login HTTP/1.1" 302 -
0:0:0:0:0:0:0:1 - - [27/Nov/2023:19:34:20 +0100] "GET /welcome HTTP/1.1" 302 -
0:0:0:0:0:0:0:1 - - [27/Nov/2023:19:34:20 +0100] "GET /welcome/admin?lang=de HTTP/1.1" 200 4666
0:0:0:0:0:0:0:1 - - [27/Nov/2023:19:34:20 +0100] "GET /webjars/bootstrap/5.3.2/js/bootstrap.bundle.min.js HTTP/1.1" 200 80663
0:0:0:0:0:0:0:1 - - [27/Nov/2023:19:34:20 +0100] "GET /webjars/jquery/3.7.1/jquery.min.js HTTP/1.1" 200 87533
0:0:0:0:0:0:0:1 - - [27/Nov/2023:19:34:20 +0100] "GET /webjars/bootstrap/5.3.2/css/bootstrap.min.css HTTP/1.1" 200 232948
0:0:0:0:0:0:0:1 - - [27/Nov/2023:19:34:20 +0100] "GET /favicon.ico HTTP/1.1" 200 37
0:0:0:0:0:0:0:1 - - [27/Nov/2023:19:34:46 +0100] "GET /favicon.ico HTTP/1.1" 200 37
0:0:0:0:0:0:0:1 - - [27/Nov/2023:19:49:02 +0100] "GET /logout HTTP/1.1" 302 -
0:0:0:0:0:0:0:1 - - [27/Nov/2023:19:49:02 +0100] "GET /login?logout HTTP/1.1" 200 2625
0:0:0:0:0:0:0:1 - - [27/Nov/2023:19:49:02 +0100] "GET /webjars/bootstrap/5.3.2/js/bootstrap.bundle.min.js HTTP/1.1" 200 80663
0:0:0:0:0:0:0:1 - - [27/Nov/2023:19:49:02 +0100] "GET /webjars/jquery/3.7.1/jquery.min.js HTTP/1.1" 200 87533
0:0:0:0:0:0:0:1 - - [27/Nov/2023:19:49:02 +0100] "GET /webjars/bootstrap/5.3.2/css/bootstrap.min.css HTTP/1.1" 200 232948
0:0:0:0:0:0:0:1 - - [27/Nov/2023:19:49:02 +0100] "GET /favicon.ico HTTP/1.1" 200 37
0:0:0:0:0:0:0:1 - - [27/Nov/2023:19:49:18 +0100] "POST /login HTTP/1.1" 302 -
0:0:0:0:0:0:0:1 - - [27/Nov/2023:19:49:18 +0100] "GET /welcome HTTP/1.1" 302 -
0:0:0:0:0:0:0:1 - - [27/Nov/2023:19:49:18 +0100] "GET /welcome/admin?lang=de HTTP/1.1" 200 4666
0:0:0:0:0:0:0:1 - - [27/Nov/2023:19:49:18 +0100] "GET /webjars/bootstrap/5.3.2/js/bootstrap.bundle.min.js HTTP/1.1" 200 80663
0:0:0:0:0:0:0:1 - - [27/Nov/2023:19:49:18 +0100] "GET /webjars/jquery/3.7.1/jquery.min.js HTTP/1.1" 200 87533
0:0:0:0:0:0:0:1 - - [27/Nov/2023:19:49:18 +0100] "GET /webjars/bootstrap/5.3.2/css/bootstrap.min.css HTTP/1.1" 200 232948
0:0:0:0:0:0:0:1 - - [27/Nov/2023:19:49:18 +0100] "GET /favicon.ico HTTP/1.1" 200 37
0:0:0:0:0:0:0:1 - - [27/Nov/2023:19:50:57 +0100] "GET /logout HTTP/1.1" 302 -
0:0:0:0:0:0:0:1 - - [27/Nov/2023:19:50:57 +0100] "GET /login?logout HTTP/1.1" 200 2625
0:0:0:0:0:0:0:1 - - [27/Nov/2023:19:50:57 +0100] "GET /webjars/bootstrap/5.3.2/js/bootstrap.bundle.min.js HTTP/1.1" 200 80663
0:0:0:0:0:0:0:1 - - [27/Nov/2023:19:50:57 +0100] "GET /webjars/jquery/3.7.1/jquery.min.js HTTP/1.1" 200 87533
0:0:0:0:0:0:0:1 - - [27/Nov/2023:19:50:57 +0100] "GET /webjars/bootstrap/5.3.2/css/bootstrap.min.css HTTP/1.1" 200 232948
0:0:0:0:0:0:0:1 - - [27/Nov/2023:19:50:57 +0100] "GET /favicon.ico HTTP/1.1" 200 37
0:0:0:0:0:0:0:1 - - [27/Nov/2023:19:53:31 +0100] "POST /login HTTP/1.1" 302 -
0:0:0:0:0:0:0:1 - - [27/Nov/2023:19:53:31 +0100] "GET /welcome HTTP/1.1" 302 -
0:0:0:0:0:0:0:1 - - [27/Nov/2023:19:53:32 +0100] "GET /welcome/admin?lang=de HTTP/1.1" 200 4666
0:0:0:0:0:0:0:1 - - [27/Nov/2023:19:53:32 +0100] "GET /webjars/bootstrap/5.3.2/js/bootstrap.bundle.min.js HTTP/1.1" 200 80663
0:0:0:0:0:0:0:1 - - [27/Nov/2023:19:53:32 +0100] "GET /webjars/jquery/3.7.1/jquery.min.js HTTP/1.1" 200 87533
0:0:0:0:0:0:0:1 - - [27/Nov/2023:19:53:32 +0100] "GET /webjars/bootstrap/5.3.2/css/bootstrap.min.css HTTP/1.1" 200 232948
0:0:0:0:0:0:0:1 - - [27/Nov/2023:19:53:32 +0100] "GET /favicon.ico HTTP/1.1" 200 37
0:0:0:0:0:0:0:1 - - [27/Nov/2023:19:55:52 +0100] "GET /favicon.ico HTTP/1.1" 200 37
0:0:0:0:0:0:0:1 - - [27/Nov/2023:19:56:12 +0100] "GET /roles HTTP/1.1" 200 4149
0:0:0:0:0:0:0:1 - - [27/Nov/2023:19:56:12 +0100] "GET /webjars/bootstrap/5.3.2/js/bootstrap.bundle.min.js HTTP/1.1" 200 80663
0:0:0:0:0:0:0:1 - - [27/Nov/2023:19:56:12 +0100] "GET /webjars/jquery/3.7.1/jquery.min.js HTTP/1.1" 200 87533
0:0:0:0:0:0:0:1 - - [27/Nov/2023:19:56:12 +0100] "GET /webjars/bootstrap/5.3.2/css/bootstrap.min.css HTTP/1.1" 200 232948
0:0:0:0:0:0:0:1 - - [27/Nov/2023:19:56:12 +0100] "GET /favicon.ico HTTP/1.1" 200 37
0:0:0:0:0:0:0:1 - - [27/Nov/2023:19:56:15 +0100] "POST /addrole HTTP/1.1" 302 -
0:0:0:0:0:0:0:1 - - [27/Nov/2023:19:56:15 +0100] "GET /roles HTTP/1.1" 200 4149
0:0:0:0:0:0:0:1 - - [27/Nov/2023:19:56:15 +0100] "GET /webjars/jquery/3.7.1/jquery.min.js HTTP/1.1" 200 87533
0:0:0:0:0:0:0:1 - - [27/Nov/2023:19:56:15 +0100] "GET /webjars/bootstrap/5.3.2/css/bootstrap.min.css HTTP/1.1" 200 232948
0:0:0:0:0:0:0:1 - - [27/Nov/2023:19:56:15 +0100] "GET /webjars/bootstrap/5.3.2/js/bootstrap.bundle.min.js HTTP/1.1" 200 80663
0:0:0:0:0:0:0:1 - - [27/Nov/2023:19:56:15 +0100] "GET /favicon.ico HTTP/1.1" 200 37
0:0:0:0:0:0:0:1 - - [27/Nov/2023:19:56:16 +0100] "POST /addrole HTTP/1.1" 302 -
0:0:0:0:0:0:0:1 - - [27/Nov/2023:19:56:16 +0100] "GET /roles HTTP/1.1" 200 4149
0:0:0:0:0:0:0:1 - - [27/Nov/2023:19:56:16 +0100] "GET /webjars/bootstrap/5.3.2/js/bootstrap.bundle.min.js HTTP/1.1" 200 80663
0:0:0:0:0:0:0:1 - - [27/Nov/2023:19:56:16 +0100] "GET /webjars/jquery/3.7.1/jquery.min.js HTTP/1.1" 200 87533
0:0:0:0:0:0:0:1 - - [27/Nov/2023:19:56:16 +0100] "GET /webjars/bootstrap/5.3.2/css/bootstrap.min.css HTTP/1.1" 200 232948
0:0:0:0:0:0:0:1 - - [27/Nov/2023:19:56:16 +0100] "GET /favicon.ico HTTP/1.1" 200 37
0:0:0:0:0:0:0:1 - - [27/Nov/2023:19:56:17 +0100] "POST /addrole HTTP/1.1" 302 -
0:0:0:0:0:0:0:1 - - [27/Nov/2023:19:56:17 +0100] "GET /roles HTTP/1.1" 200 4149
0:0:0:0:0:0:0:1 - - [27/Nov/2023:19:56:17 +0100] "GET /webjars/jquery/3.7.1/jquery.min.js HTTP/1.1" 200 87533
0:0:0:0:0:0:0:1 - - [27/Nov/2023:19:56:17 +0100] "GET /webjars/bootstrap/5.3.2/js/bootstrap.bundle.min.js HTTP/1.1" 200 80663
0:0:0:0:0:0:0:1 - - [27/Nov/2023:19:56:17 +0100] "GET /webjars/bootstrap/5.3.2/css/bootstrap.min.css HTTP/1.1" 200 232948
0:0:0:0:0:0:0:1 - - [27/Nov/2023:19:56:17 +0100] "GET /favicon.ico HTTP/1.1" 200 37
0:0:0:0:0:0:0:1 - - [27/Nov/2023:19:56:18 +0100] "POST /addrole HTTP/1.1" 302 -
0:0:0:0:0:0:0:1 - - [27/Nov/2023:19:56:18 +0100] "GET /roles HTTP/1.1" 200 4149
0:0:0:0:0:0:0:1 - - [27/Nov/2023:19:56:18 +0100] "GET /webjars/jquery/3.7.1/jquery.min.js HTTP/1.1" 200 87533
0:0:0:0:0:0:0:1 - - [27/Nov/2023:19:56:18 +0100] "GET /webjars/bootstrap/5.3.2/js/bootstrap.bundle.min.js HTTP/1.1" 200 80663
0:0:0:0:0:0:0:1 - - [27/Nov/2023:19:56:18 +0100] "GET /webjars/bootstrap/5.3.2/css/bootstrap.min.css HTTP/1.1" 200 232948
0:0:0:0:0:0:0:1 - - [27/Nov/2023:19:56:18 +0100] "GET /favicon.ico HTTP/1.1" 200 37
0:0:0:0:0:0:0:1 - - [27/Nov/2023:19:56:22 +0100] "GET /welcome HTTP/1.1" 302 -
0:0:0:0:0:0:0:1 - - [27/Nov/2023:19:56:22 +0100] "GET /welcome/admin?lang=de HTTP/1.1" 200 4666
0:0:0:0:0:0:0:1 - - [27/Nov/2023:19:56:22 +0100] "GET /webjars/bootstrap/5.3.2/js/bootstrap.bundle.min.js HTTP/1.1" 200 80663
0:0:0:0:0:0:0:1 - - [27/Nov/2023:19:56:22 +0100] "GET /webjars/jquery/3.7.1/jquery.min.js HTTP/1.1" 200 87533
0:0:0:0:0:0:0:1 - - [27/Nov/2023:19:56:22 +0100] "GET /webjars/bootstrap/5.3.2/css/bootstrap.min.css HTTP/1.1" 200 232948
0:0:0:0:0:0:0:1 - - [27/Nov/2023:19:56:22 +0100] "GET /favicon.ico HTTP/1.1" 200 37
0:0:0:0:0:0:0:1 - - [27/Nov/2023:19:56:24 +0100] "GET /roles HTTP/1.1" 200 4149
0:0:0:0:0:0:0:1 - - [27/Nov/2023:19:56:24 +0100] "GET /webjars/bootstrap/5.3.2/js/bootstrap.bundle.min.js HTTP/1.1" 200 80663
0:0:0:0:0:0:0:1 - - [27/Nov/2023:19:56:24 +0100] "GET /webjars/bootstrap/5.3.2/css/bootstrap.min.css HTTP/1.1" 200 232948
0:0:0:0:0:0:0:1 - - [27/Nov/2023:19:56:24 +0100] "GET /webjars/jquery/3.7.1/jquery.min.js HTTP/1.1" 200 87533
0:0:0:0:0:0:0:1 - - [27/Nov/2023:19:56:24 +0100] "GET /favicon.ico HTTP/1.1" 200 37
0:0:0:0:0:0:0:1 - - [27/Nov/2023:19:56:27 +0100] "GET /user HTTP/1.1" 200 4200
0:0:0:0:0:0:0:1 - - [27/Nov/2023:19:56:27 +0100] "GET /webjars/jquery/3.7.1/jquery.min.js HTTP/1.1" 200 87533
0:0:0:0:0:0:0:1 - - [27/Nov/2023:19:56:27 +0100] "GET /webjars/bootstrap/5.3.2/js/bootstrap.bundle.min.js HTTP/1.1" 200 80663
0:0:0:0:0:0:0:1 - - [27/Nov/2023:19:56:27 +0100] "GET /webjars/bootstrap/5.3.2/css/bootstrap.min.css HTTP/1.1" 200 232948
0:0:0:0:0:0:0:1 - - [27/Nov/2023:19:56:27 +0100] "GET /favicon.ico HTTP/1.1" 200 37
0:0:0:0:0:0:0:1 - - [27/Nov/2023:19:56:38 +0100] "GET /welcome HTTP/1.1" 302 -
0:0:0:0:0:0:0:1 - - [27/Nov/2023:19:56:39 +0100] "GET /welcome/admin?lang=de HTTP/1.1" 200 4666
0:0:0:0:0:0:0:1 - - [27/Nov/2023:19:56:39 +0100] "GET /webjars/bootstrap/5.3.2/css/bootstrap.min.css HTTP/1.1" 200 232948
0:0:0:0:0:0:0:1 - - [27/Nov/2023:19:56:39 +0100] "GET /webjars/jquery/3.7.1/jquery.min.js HTTP/1.1" 200 87533
0:0:0:0:0:0:0:1 - - [27/Nov/2023:19:56:39 +0100] "GET /webjars/bootstrap/5.3.2/js/bootstrap.bundle.min.js HTTP/1.1" 200 80663
0:0:0:0:0:0:0:1 - - [27/Nov/2023:19:56:39 +0100] "GET /favicon.ico HTTP/1.1" 200 37
0:0:0:0:0:0:0:1 - - [27/Nov/2023:19:56:44 +0100] "GET /favicon.ico HTTP/1.1" 200 37
0:0:0:0:0:0:0:1 - - [27/Nov/2023:19:58:54 +0100] "GET /welcome/admin?lang=en HTTP/1.1" 200 4637
0:0:0:0:0:0:0:1 - - [27/Nov/2023:19:58:54 +0100] "GET /webjars/bootstrap/5.3.2/js/bootstrap.bundle.min.js HTTP/1.1" 200 80663
0:0:0:0:0:0:0:1 - - [27/Nov/2023:19:58:54 +0100] "GET /webjars/jquery/3.7.1/jquery.min.js HTTP/1.1" 200 87533
0:0:0:0:0:0:0:1 - - [27/Nov/2023:19:58:54 +0100] "GET /webjars/bootstrap/5.3.2/css/bootstrap.min.css HTTP/1.1" 200 232948
0:0:0:0:0:0:0:1 - - [27/Nov/2023:19:58:54 +0100] "GET /favicon.ico HTTP/1.1" 200 37
0:0:0:0:0:0:0:1 - - [27/Nov/2023:20:03:26 +0100] "GET /welcome/admin?lang=de HTTP/1.1" 200 4666
0:0:0:0:0:0:0:1 - - [27/Nov/2023:20:03:26 +0100] "GET /webjars/bootstrap/5.3.2/js/bootstrap.bundle.min.js HTTP/1.1" 200 80663
0:0:0:0:0:0:0:1 - - [27/Nov/2023:20:03:26 +0100] "GET /webjars/jquery/3.7.1/jquery.min.js HTTP/1.1" 200 87533
0:0:0:0:0:0:0:1 - - [27/Nov/2023:20:03:26 +0100] "GET /webjars/bootstrap/5.3.2/css/bootstrap.min.css HTTP/1.1" 200 232948
0:0:0:0:0:0:0:1 - - [27/Nov/2023:20:03:26 +0100] "GET /favicon.ico HTTP/1.1" 200 37
