0:0:0:0:0:0:0:1 - - [07/Dec/2023:11:07:54 +0100] "GET /login/register HTTP/1.1" 200 3893
0:0:0:0:0:0:0:1 - - [07/Dec/2023:11:07:54 +0100] "GET /webjars/jquery/3.7.1/jquery.min.js HTTP/1.1" 200 87533
0:0:0:0:0:0:0:1 - - [07/Dec/2023:11:07:54 +0100] "GET /webjars/bootstrap/5.3.2/js/bootstrap.bundle.min.js HTTP/1.1" 200 80663
0:0:0:0:0:0:0:1 - - [07/Dec/2023:11:07:54 +0100] "GET /webjars/bootstrap/5.3.2/css/bootstrap.min.css HTTP/1.1" 200 232948
0:0:0:0:0:0:0:1 - - [07/Dec/2023:11:07:55 +0100] "GET /favicon.ico HTTP/1.1" 200 37
0:0:0:0:0:0:0:1 - - [07/Dec/2023:15:58:40 +0100] "GET /login/register HTTP/1.1" 200 3912
0:0:0:0:0:0:0:1 - - [07/Dec/2023:15:58:40 +0100] "GET /webjars/bootstrap/5.3.2/js/bootstrap.bundle.min.js HTTP/1.1" 200 80663
0:0:0:0:0:0:0:1 - - [07/Dec/2023:15:58:40 +0100] "GET /webjars/jquery/3.7.1/jquery.min.js HTTP/1.1" 200 87533
0:0:0:0:0:0:0:1 - - [07/Dec/2023:15:58:40 +0100] "GET /webjars/bootstrap/5.3.2/css/bootstrap.min.css HTTP/1.1" 200 232948
0:0:0:0:0:0:0:1 - - [07/Dec/2023:15:58:40 +0100] "GET /favicon.ico HTTP/1.1" 200 37
0:0:0:0:0:0:0:1 - - [07/Dec/2023:16:03:47 +0100] "GET /login/register HTTP/1.1" 200 3898
0:0:0:0:0:0:0:1 - - [07/Dec/2023:16:03:47 +0100] "GET /webjars/bootstrap/5.3.2/js/bootstrap.bundle.min.js HTTP/1.1" 200 80663
0:0:0:0:0:0:0:1 - - [07/Dec/2023:16:03:47 +0100] "GET /webjars/jquery/3.7.1/jquery.min.js HTTP/1.1" 200 87533
0:0:0:0:0:0:0:1 - - [07/Dec/2023:16:03:47 +0100] "GET /webjars/bootstrap/5.3.2/css/bootstrap.min.css HTTP/1.1" 200 232948
0:0:0:0:0:0:0:1 - - [07/Dec/2023:16:03:48 +0100] "GET /favicon.ico HTTP/1.1" 200 37
0:0:0:0:0:0:0:1 - - [07/Dec/2023:16:14:07 +0100] "GET /webjars/bootstrap/5.3.2/css/bootstrap.min.css HTTP/1.1" 200 232948
0:0:0:0:0:0:0:1 - - [07/Dec/2023:16:14:07 +0100] "GET /webjars/jquery/3.7.1/jquery.min.js HTTP/1.1" 200 87533
0:0:0:0:0:0:0:1 - - [07/Dec/2023:16:14:07 +0100] "GET /webjars/bootstrap/5.3.2/js/bootstrap.bundle.min.js HTTP/1.1" 200 80663
0:0:0:0:0:0:0:1 - - [07/Dec/2023:16:14:07 +0100] "GET /favicon.ico HTTP/1.1" 200 37
0:0:0:0:0:0:0:1 - - [07/Dec/2023:16:14:07 +0100] "GET /login/register HTTP/1.1" 200 3886
127.0.0.1 - - [07/Dec/2023:16:14:07 +0100] "GET /webjars/bootstrap/5.3.2/js/bootstrap.bundle.min.js HTTP/1.1" 200 80663
127.0.0.1 - - [07/Dec/2023:16:14:07 +0100] "GET /webjars/jquery/3.7.1/jquery.min.js HTTP/1.1" 200 87533
0:0:0:0:0:0:0:1 - - [07/Dec/2023:16:14:07 +0100] "GET /webjars/bootstrap/5.3.2/css/bootstrap.min.css HTTP/1.1" 200 232948
0:0:0:0:0:0:0:1 - - [07/Dec/2023:16:14:07 +0100] "GET /favicon.ico HTTP/1.1" 200 37
0:0:0:0:0:0:0:1 - - [07/Dec/2023:16:14:08 +0100] "GET /login/register HTTP/1.1" 200 3886
127.0.0.1 - - [07/Dec/2023:16:14:08 +0100] "GET /webjars/bootstrap/5.3.2/js/bootstrap.bundle.min.js HTTP/1.1" 200 80663
127.0.0.1 - - [07/Dec/2023:16:14:08 +0100] "GET /webjars/jquery/3.7.1/jquery.min.js HTTP/1.1" 200 87533
0:0:0:0:0:0:0:1 - - [07/Dec/2023:16:14:08 +0100] "GET /webjars/bootstrap/5.3.2/css/bootstrap.min.css HTTP/1.1" 200 232948
0:0:0:0:0:0:0:1 - - [07/Dec/2023:16:14:08 +0100] "GET /favicon.ico HTTP/1.1" 200 37
0:0:0:0:0:0:0:1 - - [07/Dec/2023:16:14:08 +0100] "GET /login/register HTTP/1.1" 200 3886
127.0.0.1 - - [07/Dec/2023:16:14:08 +0100] "GET /webjars/bootstrap/5.3.2/js/bootstrap.bundle.min.js HTTP/1.1" 200 80663
127.0.0.1 - - [07/Dec/2023:16:14:08 +0100] "GET /webjars/jquery/3.7.1/jquery.min.js HTTP/1.1" 200 87533
0:0:0:0:0:0:0:1 - - [07/Dec/2023:16:14:08 +0100] "GET /webjars/bootstrap/5.3.2/css/bootstrap.min.css HTTP/1.1" 200 232948
0:0:0:0:0:0:0:1 - - [07/Dec/2023:16:14:08 +0100] "GET /favicon.ico HTTP/1.1" 200 37
0:0:0:0:0:0:0:1 - - [07/Dec/2023:16:14:08 +0100] "GET /login/register HTTP/1.1" 200 3886
127.0.0.1 - - [07/Dec/2023:16:14:08 +0100] "GET /webjars/jquery/3.7.1/jquery.min.js HTTP/1.1" 200 87533
127.0.0.1 - - [07/Dec/2023:16:14:08 +0100] "GET /webjars/bootstrap/5.3.2/js/bootstrap.bundle.min.js HTTP/1.1" 200 80663
0:0:0:0:0:0:0:1 - - [07/Dec/2023:16:14:08 +0100] "GET /webjars/bootstrap/5.3.2/css/bootstrap.min.css HTTP/1.1" 200 232948
0:0:0:0:0:0:0:1 - - [07/Dec/2023:16:14:08 +0100] "GET /favicon.ico HTTP/1.1" 200 37
0:0:0:0:0:0:0:1 - - [07/Dec/2023:16:29:43 +0100] "GET /login/register HTTP/1.1" 200 3684
0:0:0:0:0:0:0:1 - - [07/Dec/2023:16:29:43 +0100] "GET /webjars/jquery/3.7.1/jquery.min.js HTTP/1.1" 200 87533
0:0:0:0:0:0:0:1 - - [07/Dec/2023:16:29:43 +0100] "GET /webjars/bootstrap/5.3.2/js/bootstrap.bundle.min.js HTTP/1.1" 200 80663
0:0:0:0:0:0:0:1 - - [07/Dec/2023:16:29:43 +0100] "GET /webjars/bootstrap/5.3.2/css/bootstrap.min.css HTTP/1.1" 200 232948
0:0:0:0:0:0:0:1 - - [07/Dec/2023:16:29:43 +0100] "GET /favicon.ico HTTP/1.1" 200 37
0:0:0:0:0:0:0:1 - - [07/Dec/2023:16:30:59 +0100] "GET /login/register HTTP/1.1" 200 3587
0:0:0:0:0:0:0:1 - - [07/Dec/2023:16:30:59 +0100] "GET /webjars/bootstrap/5.3.2/js/bootstrap.bundle.min.js HTTP/1.1" 200 80663
0:0:0:0:0:0:0:1 - - [07/Dec/2023:16:30:59 +0100] "GET /webjars/jquery/3.7.1/jquery.min.js HTTP/1.1" 200 87533
0:0:0:0:0:0:0:1 - - [07/Dec/2023:16:30:59 +0100] "GET /webjars/bootstrap/5.3.2/css/bootstrap.min.css HTTP/1.1" 200 232948
0:0:0:0:0:0:0:1 - - [07/Dec/2023:16:30:59 +0100] "GET /favicon.ico HTTP/1.1" 200 37
0:0:0:0:0:0:0:1 - - [07/Dec/2023:16:31:36 +0100] "GET /login/register HTTP/1.1" 200 3608
0:0:0:0:0:0:0:1 - - [07/Dec/2023:16:31:36 +0100] "GET /webjars/jquery/3.7.1/jquery.min.js HTTP/1.1" 200 87533
0:0:0:0:0:0:0:1 - - [07/Dec/2023:16:31:36 +0100] "GET /webjars/bootstrap/5.3.2/js/bootstrap.bundle.min.js HTTP/1.1" 200 80663
0:0:0:0:0:0:0:1 - - [07/Dec/2023:16:31:36 +0100] "GET /webjars/bootstrap/5.3.2/css/bootstrap.min.css HTTP/1.1" 200 232948
0:0:0:0:0:0:0:1 - - [07/Dec/2023:16:31:37 +0100] "GET /favicon.ico HTTP/1.1" 200 37
0:0:0:0:0:0:0:1 - - [07/Dec/2023:16:31:38 +0100] "GET /login/register HTTP/1.1" 200 3593
0:0:0:0:0:0:0:1 - - [07/Dec/2023:16:31:38 +0100] "GET /webjars/bootstrap/5.3.2/js/bootstrap.bundle.min.js HTTP/1.1" 200 80663
0:0:0:0:0:0:0:1 - - [07/Dec/2023:16:31:38 +0100] "GET /webjars/jquery/3.7.1/jquery.min.js HTTP/1.1" 200 87533
0:0:0:0:0:0:0:1 - - [07/Dec/2023:16:31:38 +0100] "GET /webjars/bootstrap/5.3.2/css/bootstrap.min.css HTTP/1.1" 200 232948
0:0:0:0:0:0:0:1 - - [07/Dec/2023:16:31:38 +0100] "GET /favicon.ico HTTP/1.1" 200 37
0:0:0:0:0:0:0:1 - - [07/Dec/2023:16:33:36 +0100] "GET /login/register HTTP/1.1" 200 3593
127.0.0.1 - - [07/Dec/2023:16:33:36 +0100] "GET /webjars/bootstrap/5.3.2/js/bootstrap.bundle.min.js HTTP/1.1" 200 80663
127.0.0.1 - - [07/Dec/2023:16:33:36 +0100] "GET /webjars/jquery/3.7.1/jquery.min.js HTTP/1.1" 200 87533
0:0:0:0:0:0:0:1 - - [07/Dec/2023:16:33:36 +0100] "GET /webjars/bootstrap/5.3.2/css/bootstrap.min.css HTTP/1.1" 200 232948
0:0:0:0:0:0:0:1 - - [07/Dec/2023:16:33:36 +0100] "GET /favicon.ico HTTP/1.1" 200 37
0:0:0:0:0:0:0:1 - - [07/Dec/2023:16:33:36 +0100] "GET /login/register HTTP/1.1" 200 3593
127.0.0.1 - - [07/Dec/2023:16:33:36 +0100] "GET /webjars/bootstrap/5.3.2/js/bootstrap.bundle.min.js HTTP/1.1" 200 80663
127.0.0.1 - - [07/Dec/2023:16:33:36 +0100] "GET /webjars/jquery/3.7.1/jquery.min.js HTTP/1.1" 200 87533
0:0:0:0:0:0:0:1 - - [07/Dec/2023:16:33:36 +0100] "GET /webjars/bootstrap/5.3.2/css/bootstrap.min.css HTTP/1.1" 200 232948
0:0:0:0:0:0:0:1 - - [07/Dec/2023:16:33:36 +0100] "GET /favicon.ico HTTP/1.1" 200 37
0:0:0:0:0:0:0:1 - - [07/Dec/2023:16:33:37 +0100] "GET /login/register HTTP/1.1" 200 3593
127.0.0.1 - - [07/Dec/2023:16:33:37 +0100] "GET /webjars/bootstrap/5.3.2/js/bootstrap.bundle.min.js HTTP/1.1" 200 80663
127.0.0.1 - - [07/Dec/2023:16:33:37 +0100] "GET /webjars/jquery/3.7.1/jquery.min.js HTTP/1.1" 200 87533
0:0:0:0:0:0:0:1 - - [07/Dec/2023:16:33:37 +0100] "GET /webjars/bootstrap/5.3.2/css/bootstrap.min.css HTTP/1.1" 200 232948
0:0:0:0:0:0:0:1 - - [07/Dec/2023:16:33:37 +0100] "GET /favicon.ico HTTP/1.1" 200 37
0:0:0:0:0:0:0:1 - - [07/Dec/2023:16:33:37 +0100] "GET /login/register HTTP/1.1" 200 3593
127.0.0.1 - - [07/Dec/2023:16:33:37 +0100] "GET /webjars/bootstrap/5.3.2/js/bootstrap.bundle.min.js HTTP/1.1" 200 80663
127.0.0.1 - - [07/Dec/2023:16:33:37 +0100] "GET /webjars/jquery/3.7.1/jquery.min.js HTTP/1.1" 200 87533
0:0:0:0:0:0:0:1 - - [07/Dec/2023:16:33:37 +0100] "GET /webjars/bootstrap/5.3.2/css/bootstrap.min.css HTTP/1.1" 200 232948
0:0:0:0:0:0:0:1 - - [07/Dec/2023:16:33:37 +0100] "GET /favicon.ico HTTP/1.1" 200 37
0:0:0:0:0:0:0:1 - - [07/Dec/2023:16:33:37 +0100] "GET /login/register HTTP/1.1" 200 3593
127.0.0.1 - - [07/Dec/2023:16:33:37 +0100] "GET /webjars/bootstrap/5.3.2/js/bootstrap.bundle.min.js HTTP/1.1" 200 80663
127.0.0.1 - - [07/Dec/2023:16:33:37 +0100] "GET /webjars/jquery/3.7.1/jquery.min.js HTTP/1.1" 200 87533
0:0:0:0:0:0:0:1 - - [07/Dec/2023:16:33:37 +0100] "GET /webjars/bootstrap/5.3.2/css/bootstrap.min.css HTTP/1.1" 200 232948
0:0:0:0:0:0:0:1 - - [07/Dec/2023:16:33:37 +0100] "GET /favicon.ico HTTP/1.1" 200 37
0:0:0:0:0:0:0:1 - - [07/Dec/2023:16:33:37 +0100] "GET /login/register HTTP/1.1" 200 3593
127.0.0.1 - - [07/Dec/2023:16:33:37 +0100] "GET /webjars/bootstrap/5.3.2/js/bootstrap.bundle.min.js HTTP/1.1" 200 80663
127.0.0.1 - - [07/Dec/2023:16:33:37 +0100] "GET /webjars/jquery/3.7.1/jquery.min.js HTTP/1.1" 200 87533
0:0:0:0:0:0:0:1 - - [07/Dec/2023:16:33:37 +0100] "GET /webjars/bootstrap/5.3.2/css/bootstrap.min.css HTTP/1.1" 200 232948
0:0:0:0:0:0:0:1 - - [07/Dec/2023:16:33:37 +0100] "GET /favicon.ico HTTP/1.1" 200 37
0:0:0:0:0:0:0:1 - - [07/Dec/2023:16:33:37 +0100] "GET /login/register HTTP/1.1" 200 3593
127.0.0.1 - - [07/Dec/2023:16:33:37 +0100] "GET /webjars/bootstrap/5.3.2/js/bootstrap.bundle.min.js HTTP/1.1" 200 80663
127.0.0.1 - - [07/Dec/2023:16:33:37 +0100] "GET /webjars/jquery/3.7.1/jquery.min.js HTTP/1.1" 200 87533
0:0:0:0:0:0:0:1 - - [07/Dec/2023:16:33:37 +0100] "GET /webjars/bootstrap/5.3.2/css/bootstrap.min.css HTTP/1.1" 200 232948
0:0:0:0:0:0:0:1 - - [07/Dec/2023:16:33:37 +0100] "GET /favicon.ico HTTP/1.1" 200 37
0:0:0:0:0:0:0:1 - - [07/Dec/2023:16:33:37 +0100] "GET /login/register HTTP/1.1" 200 3593
127.0.0.1 - - [07/Dec/2023:16:33:38 +0100] "GET /webjars/bootstrap/5.3.2/js/bootstrap.bundle.min.js HTTP/1.1" 200 80663
127.0.0.1 - - [07/Dec/2023:16:33:38 +0100] "GET /webjars/jquery/3.7.1/jquery.min.js HTTP/1.1" 200 87533
0:0:0:0:0:0:0:1 - - [07/Dec/2023:16:33:38 +0100] "GET /webjars/bootstrap/5.3.2/css/bootstrap.min.css HTTP/1.1" 200 232948
0:0:0:0:0:0:0:1 - - [07/Dec/2023:16:33:38 +0100] "GET /favicon.ico HTTP/1.1" 200 37
0:0:0:0:0:0:0:1 - - [07/Dec/2023:16:34:13 +0100] "GET /login/register HTTP/1.1" 200 3593
127.0.0.1 - - [07/Dec/2023:16:34:13 +0100] "GET /webjars/bootstrap/5.3.2/js/bootstrap.bundle.min.js HTTP/1.1" 200 80663
127.0.0.1 - - [07/Dec/2023:16:34:13 +0100] "GET /webjars/jquery/3.7.1/jquery.min.js HTTP/1.1" 200 87533
0:0:0:0:0:0:0:1 - - [07/Dec/2023:16:34:13 +0100] "GET /webjars/bootstrap/5.3.2/css/bootstrap.min.css HTTP/1.1" 200 232948
0:0:0:0:0:0:0:1 - - [07/Dec/2023:16:34:13 +0100] "GET /favicon.ico HTTP/1.1" 200 37
0:0:0:0:0:0:0:1 - - [07/Dec/2023:16:34:13 +0100] "GET /login/register HTTP/1.1" 200 3593
127.0.0.1 - - [07/Dec/2023:16:34:13 +0100] "GET /webjars/bootstrap/5.3.2/js/bootstrap.bundle.min.js HTTP/1.1" 200 80663
127.0.0.1 - - [07/Dec/2023:16:34:13 +0100] "GET /webjars/jquery/3.7.1/jquery.min.js HTTP/1.1" 200 87533
0:0:0:0:0:0:0:1 - - [07/Dec/2023:16:34:13 +0100] "GET /webjars/bootstrap/5.3.2/css/bootstrap.min.css HTTP/1.1" 200 232948
0:0:0:0:0:0:0:1 - - [07/Dec/2023:16:34:13 +0100] "GET /favicon.ico HTTP/1.1" 200 37
0:0:0:0:0:0:0:1 - - [07/Dec/2023:16:34:14 +0100] "GET /login/register HTTP/1.1" 200 3593
127.0.0.1 - - [07/Dec/2023:16:34:14 +0100] "GET /webjars/jquery/3.7.1/jquery.min.js HTTP/1.1" 200 87533
127.0.0.1 - - [07/Dec/2023:16:34:14 +0100] "GET /webjars/bootstrap/5.3.2/js/bootstrap.bundle.min.js HTTP/1.1" 200 80663
0:0:0:0:0:0:0:1 - - [07/Dec/2023:16:34:14 +0100] "GET /webjars/bootstrap/5.3.2/css/bootstrap.min.css HTTP/1.1" 200 232948
0:0:0:0:0:0:0:1 - - [07/Dec/2023:16:34:14 +0100] "GET /favicon.ico HTTP/1.1" 200 37
0:0:0:0:0:0:0:1 - - [07/Dec/2023:16:34:14 +0100] "GET /login/register HTTP/1.1" 200 3593
127.0.0.1 - - [07/Dec/2023:16:34:14 +0100] "GET /webjars/bootstrap/5.3.2/js/bootstrap.bundle.min.js HTTP/1.1" 200 80663
127.0.0.1 - - [07/Dec/2023:16:34:14 +0100] "GET /webjars/jquery/3.7.1/jquery.min.js HTTP/1.1" 200 87533
0:0:0:0:0:0:0:1 - - [07/Dec/2023:16:34:14 +0100] "GET /webjars/bootstrap/5.3.2/css/bootstrap.min.css HTTP/1.1" 200 232948
0:0:0:0:0:0:0:1 - - [07/Dec/2023:16:34:14 +0100] "GET /favicon.ico HTTP/1.1" 200 37
0:0:0:0:0:0:0:1 - - [07/Dec/2023:16:34:14 +0100] "GET /login/register HTTP/1.1" 200 3593
127.0.0.1 - - [07/Dec/2023:16:34:14 +0100] "GET /webjars/bootstrap/5.3.2/js/bootstrap.bundle.min.js HTTP/1.1" 200 80663
127.0.0.1 - - [07/Dec/2023:16:34:14 +0100] "GET /webjars/jquery/3.7.1/jquery.min.js HTTP/1.1" 200 87533
0:0:0:0:0:0:0:1 - - [07/Dec/2023:16:34:14 +0100] "GET /webjars/bootstrap/5.3.2/css/bootstrap.min.css HTTP/1.1" 200 232948
0:0:0:0:0:0:0:1 - - [07/Dec/2023:16:34:14 +0100] "GET /favicon.ico HTTP/1.1" 200 37
0:0:0:0:0:0:0:1 - - [07/Dec/2023:16:34:40 +0100] "GET /login/register HTTP/1.1" 200 3593
127.0.0.1 - - [07/Dec/2023:16:34:40 +0100] "GET /webjars/bootstrap/5.3.2/js/bootstrap.bundle.min.js HTTP/1.1" 200 80663
127.0.0.1 - - [07/Dec/2023:16:34:40 +0100] "GET /webjars/jquery/3.7.1/jquery.min.js HTTP/1.1" 200 87533
0:0:0:0:0:0:0:1 - - [07/Dec/2023:16:34:40 +0100] "GET /webjars/bootstrap/5.3.2/css/bootstrap.min.css HTTP/1.1" 200 232948
0:0:0:0:0:0:0:1 - - [07/Dec/2023:16:34:40 +0100] "GET /favicon.ico HTTP/1.1" 200 37
0:0:0:0:0:0:0:1 - - [07/Dec/2023:16:34:42 +0100] "GET /login/register HTTP/1.1" 200 3593
127.0.0.1 - - [07/Dec/2023:16:34:42 +0100] "GET /webjars/bootstrap/5.3.2/js/bootstrap.bundle.min.js HTTP/1.1" 200 80663
127.0.0.1 - - [07/Dec/2023:16:34:42 +0100] "GET /webjars/jquery/3.7.1/jquery.min.js HTTP/1.1" 200 87533
0:0:0:0:0:0:0:1 - - [07/Dec/2023:16:34:42 +0100] "GET /webjars/bootstrap/5.3.2/css/bootstrap.min.css HTTP/1.1" 200 232948
0:0:0:0:0:0:0:1 - - [07/Dec/2023:16:34:42 +0100] "GET /favicon.ico HTTP/1.1" 200 37
0:0:0:0:0:0:0:1 - - [07/Dec/2023:16:34:50 +0100] "GET /login/register HTTP/1.1" 200 3593
127.0.0.1 - - [07/Dec/2023:16:34:50 +0100] "GET /webjars/bootstrap/5.3.2/js/bootstrap.bundle.min.js HTTP/1.1" 200 80663
127.0.0.1 - - [07/Dec/2023:16:34:50 +0100] "GET /webjars/jquery/3.7.1/jquery.min.js HTTP/1.1" 200 87533
0:0:0:0:0:0:0:1 - - [07/Dec/2023:16:34:50 +0100] "GET /webjars/bootstrap/5.3.2/css/bootstrap.min.css HTTP/1.1" 200 232948
0:0:0:0:0:0:0:1 - - [07/Dec/2023:16:34:50 +0100] "GET /favicon.ico HTTP/1.1" 200 37
0:0:0:0:0:0:0:1 - - [07/Dec/2023:16:40:32 +0100] "GET /login/register HTTP/1.1" 200 3592
0:0:0:0:0:0:0:1 - - [07/Dec/2023:16:40:32 +0100] "GET /webjars/jquery/3.7.1/jquery.min.js HTTP/1.1" 200 87533
0:0:0:0:0:0:0:1 - - [07/Dec/2023:16:40:32 +0100] "GET /webjars/bootstrap/5.3.2/js/bootstrap.bundle.min.js HTTP/1.1" 200 80663
0:0:0:0:0:0:0:1 - - [07/Dec/2023:16:40:32 +0100] "GET /webjars/bootstrap/5.3.2/css/bootstrap.min.css HTTP/1.1" 200 232948
0:0:0:0:0:0:0:1 - - [07/Dec/2023:16:40:32 +0100] "GET /favicon.ico HTTP/1.1" 200 37
0:0:0:0:0:0:0:1 - - [07/Dec/2023:16:42:51 +0100] "GET /login/register HTTP/1.1" 200 3592
0:0:0:0:0:0:0:1 - - [07/Dec/2023:16:42:51 +0100] "GET /webjars/jquery/3.7.1/jquery.min.js HTTP/1.1" 200 87533
0:0:0:0:0:0:0:1 - - [07/Dec/2023:16:42:51 +0100] "GET /webjars/bootstrap/5.3.2/js/bootstrap.bundle.min.js HTTP/1.1" 200 80663
0:0:0:0:0:0:0:1 - - [07/Dec/2023:16:42:51 +0100] "GET /webjars/bootstrap/5.3.2/css/bootstrap.min.css HTTP/1.1" 200 232948
0:0:0:0:0:0:0:1 - - [07/Dec/2023:16:42:51 +0100] "GET /favicon.ico HTTP/1.1" 200 37
0:0:0:0:0:0:0:1 - - [07/Dec/2023:16:42:52 +0100] "GET /login/register HTTP/1.1" 200 3592
0:0:0:0:0:0:0:1 - - [07/Dec/2023:16:42:52 +0100] "GET /webjars/bootstrap/5.3.2/js/bootstrap.bundle.min.js HTTP/1.1" 200 80663
0:0:0:0:0:0:0:1 - - [07/Dec/2023:16:42:52 +0100] "GET /webjars/jquery/3.7.1/jquery.min.js HTTP/1.1" 200 87533
0:0:0:0:0:0:0:1 - - [07/Dec/2023:16:42:52 +0100] "GET /webjars/bootstrap/5.3.2/css/bootstrap.min.css HTTP/1.1" 200 232948
0:0:0:0:0:0:0:1 - - [07/Dec/2023:16:42:52 +0100] "GET /favicon.ico HTTP/1.1" 200 37
0:0:0:0:0:0:0:1 - - [07/Dec/2023:16:42:52 +0100] "GET /login/register HTTP/1.1" 200 3592
0:0:0:0:0:0:0:1 - - [07/Dec/2023:16:42:52 +0100] "GET /webjars/jquery/3.7.1/jquery.min.js HTTP/1.1" 200 87533
0:0:0:0:0:0:0:1 - - [07/Dec/2023:16:42:52 +0100] "GET /webjars/bootstrap/5.3.2/js/bootstrap.bundle.min.js HTTP/1.1" 200 80663
0:0:0:0:0:0:0:1 - - [07/Dec/2023:16:42:52 +0100] "GET /webjars/bootstrap/5.3.2/css/bootstrap.min.css HTTP/1.1" 200 232948
0:0:0:0:0:0:0:1 - - [07/Dec/2023:16:42:52 +0100] "GET /favicon.ico HTTP/1.1" 200 37
0:0:0:0:0:0:0:1 - - [07/Dec/2023:16:42:52 +0100] "GET /login/register HTTP/1.1" 200 3592
0:0:0:0:0:0:0:1 - - [07/Dec/2023:16:42:52 +0100] "GET /webjars/bootstrap/5.3.2/js/bootstrap.bundle.min.js HTTP/1.1" 200 80663
0:0:0:0:0:0:0:1 - - [07/Dec/2023:16:42:52 +0100] "GET /webjars/jquery/3.7.1/jquery.min.js HTTP/1.1" 200 87533
0:0:0:0:0:0:0:1 - - [07/Dec/2023:16:42:52 +0100] "GET /webjars/bootstrap/5.3.2/css/bootstrap.min.css HTTP/1.1" 200 232948
0:0:0:0:0:0:0:1 - - [07/Dec/2023:16:42:52 +0100] "GET /favicon.ico HTTP/1.1" 200 37
0:0:0:0:0:0:0:1 - - [07/Dec/2023:16:42:52 +0100] "GET /login/register HTTP/1.1" 200 3592
0:0:0:0:0:0:0:1 - - [07/Dec/2023:16:42:53 +0100] "GET /webjars/bootstrap/5.3.2/js/bootstrap.bundle.min.js HTTP/1.1" 200 80663
0:0:0:0:0:0:0:1 - - [07/Dec/2023:16:42:53 +0100] "GET /webjars/jquery/3.7.1/jquery.min.js HTTP/1.1" 200 87533
0:0:0:0:0:0:0:1 - - [07/Dec/2023:16:42:53 +0100] "GET /webjars/bootstrap/5.3.2/css/bootstrap.min.css HTTP/1.1" 200 232948
0:0:0:0:0:0:0:1 - - [07/Dec/2023:16:42:53 +0100] "GET /favicon.ico HTTP/1.1" 200 37
0:0:0:0:0:0:0:1 - - [07/Dec/2023:16:42:53 +0100] "GET /login/register HTTP/1.1" 200 3592
0:0:0:0:0:0:0:1 - - [07/Dec/2023:16:42:53 +0100] "GET /webjars/bootstrap/5.3.2/js/bootstrap.bundle.min.js HTTP/1.1" 200 80663
0:0:0:0:0:0:0:1 - - [07/Dec/2023:16:42:53 +0100] "GET /webjars/jquery/3.7.1/jquery.min.js HTTP/1.1" 200 87533
0:0:0:0:0:0:0:1 - - [07/Dec/2023:16:42:53 +0100] "GET /webjars/bootstrap/5.3.2/css/bootstrap.min.css HTTP/1.1" 200 232948
0:0:0:0:0:0:0:1 - - [07/Dec/2023:16:42:53 +0100] "GET /favicon.ico HTTP/1.1" 200 37
0:0:0:0:0:0:0:1 - - [07/Dec/2023:16:42:53 +0100] "GET /login/register HTTP/1.1" 200 3592
0:0:0:0:0:0:0:1 - - [07/Dec/2023:16:42:53 +0100] "GET /webjars/bootstrap/5.3.2/js/bootstrap.bundle.min.js HTTP/1.1" 200 80663
0:0:0:0:0:0:0:1 - - [07/Dec/2023:16:42:53 +0100] "GET /webjars/jquery/3.7.1/jquery.min.js HTTP/1.1" 200 87533
0:0:0:0:0:0:0:1 - - [07/Dec/2023:16:42:53 +0100] "GET /webjars/bootstrap/5.3.2/css/bootstrap.min.css HTTP/1.1" 200 232948
0:0:0:0:0:0:0:1 - - [07/Dec/2023:16:42:53 +0100] "GET /favicon.ico HTTP/1.1" 200 37
0:0:0:0:0:0:0:1 - - [07/Dec/2023:16:48:14 +0100] "POST /register/save HTTP/1.1" 302 -
0:0:0:0:0:0:0:1 - - [07/Dec/2023:16:48:14 +0100] "GET /login HTTP/1.1" 200 3419
0:0:0:0:0:0:0:1 - - [07/Dec/2023:16:48:14 +0100] "GET /webjars/jquery/3.7.1/jquery.min.js HTTP/1.1" 200 87533
0:0:0:0:0:0:0:1 - - [07/Dec/2023:16:48:14 +0100] "GET /webjars/bootstrap/5.3.2/js/bootstrap.bundle.min.js HTTP/1.1" 200 80663
0:0:0:0:0:0:0:1 - - [07/Dec/2023:16:48:14 +0100] "GET /webjars/bootstrap/5.3.2/css/bootstrap.min.css HTTP/1.1" 200 232948
0:0:0:0:0:0:0:1 - - [07/Dec/2023:16:48:14 +0100] "GET /favicon.ico HTTP/1.1" 200 37
0:0:0:0:0:0:0:1 - - [07/Dec/2023:16:48:28 +0100] "POST /login HTTP/1.1" 302 -
0:0:0:0:0:0:0:1 - - [07/Dec/2023:16:48:28 +0100] "GET /failure HTTP/1.1" 200 1927
0:0:0:0:0:0:0:1 - - [07/Dec/2023:16:48:28 +0100] "GET /webjars/jquery/3.7.1/jquery.min.js HTTP/1.1" 200 87533
0:0:0:0:0:0:0:1 - - [07/Dec/2023:16:48:28 +0100] "GET /webjars/bootstrap/5.3.2/js/bootstrap.bundle.min.js HTTP/1.1" 200 80663
0:0:0:0:0:0:0:1 - - [07/Dec/2023:16:48:28 +0100] "GET /webjars/bootstrap/5.3.2/css/bootstrap.min.css HTTP/1.1" 200 232948
0:0:0:0:0:0:0:1 - - [07/Dec/2023:16:48:28 +0100] "GET /favicon.ico HTTP/1.1" 200 37
0:0:0:0:0:0:0:1 - - [07/Dec/2023:16:48:34 +0100] "GET /login HTTP/1.1" 200 3419
0:0:0:0:0:0:0:1 - - [07/Dec/2023:16:48:34 +0100] "GET /webjars/bootstrap/5.3.2/js/bootstrap.bundle.min.js HTTP/1.1" 200 80663
0:0:0:0:0:0:0:1 - - [07/Dec/2023:16:48:34 +0100] "GET /webjars/jquery/3.7.1/jquery.min.js HTTP/1.1" 200 87533
0:0:0:0:0:0:0:1 - - [07/Dec/2023:16:48:34 +0100] "GET /webjars/bootstrap/5.3.2/css/bootstrap.min.css HTTP/1.1" 200 232948
0:0:0:0:0:0:0:1 - - [07/Dec/2023:16:48:34 +0100] "GET /favicon.ico HTTP/1.1" 200 37
0:0:0:0:0:0:0:1 - - [07/Dec/2023:16:48:41 +0100] "POST /login HTTP/1.1" 302 -
0:0:0:0:0:0:0:1 - - [07/Dec/2023:16:48:41 +0100] "GET /failure HTTP/1.1" 200 1927
0:0:0:0:0:0:0:1 - - [07/Dec/2023:16:48:41 +0100] "GET /webjars/bootstrap/5.3.2/js/bootstrap.bundle.min.js HTTP/1.1" 200 80663
0:0:0:0:0:0:0:1 - - [07/Dec/2023:16:48:41 +0100] "GET /webjars/bootstrap/5.3.2/css/bootstrap.min.css HTTP/1.1" 200 232948
0:0:0:0:0:0:0:1 - - [07/Dec/2023:16:48:41 +0100] "GET /webjars/jquery/3.7.1/jquery.min.js HTTP/1.1" 200 87533
0:0:0:0:0:0:0:1 - - [07/Dec/2023:16:48:42 +0100] "GET /favicon.ico HTTP/1.1" 200 37
0:0:0:0:0:0:0:1 - - [07/Dec/2023:16:48:51 +0100] "GET /login HTTP/1.1" 200 3419
0:0:0:0:0:0:0:1 - - [07/Dec/2023:16:48:51 +0100] "GET /webjars/bootstrap/5.3.2/css/bootstrap.min.css HTTP/1.1" 200 232948
0:0:0:0:0:0:0:1 - - [07/Dec/2023:16:48:51 +0100] "GET /webjars/bootstrap/5.3.2/js/bootstrap.bundle.min.js HTTP/1.1" 200 80663
0:0:0:0:0:0:0:1 - - [07/Dec/2023:16:48:51 +0100] "GET /webjars/jquery/3.7.1/jquery.min.js HTTP/1.1" 200 87533
0:0:0:0:0:0:0:1 - - [07/Dec/2023:16:48:51 +0100] "GET /favicon.ico HTTP/1.1" 200 37
0:0:0:0:0:0:0:1 - - [07/Dec/2023:16:56:40 +0100] "GET /login/register HTTP/1.1" 200 3844
0:0:0:0:0:0:0:1 - - [07/Dec/2023:16:56:40 +0100] "GET /webjars/jquery/3.7.1/jquery.min.js HTTP/1.1" 200 87533
0:0:0:0:0:0:0:1 - - [07/Dec/2023:16:56:40 +0100] "GET /webjars/bootstrap/5.3.2/css/bootstrap.min.css HTTP/1.1" 200 232948
0:0:0:0:0:0:0:1 - - [07/Dec/2023:16:56:40 +0100] "GET /webjars/bootstrap/5.3.2/js/bootstrap.bundle.min.js HTTP/1.1" 200 80663
0:0:0:0:0:0:0:1 - - [07/Dec/2023:16:56:40 +0100] "GET /favicon.ico HTTP/1.1" 200 37
0:0:0:0:0:0:0:1 - - [07/Dec/2023:16:56:58 +0100] "POST /register/save HTTP/1.1" 302 -
0:0:0:0:0:0:0:1 - - [07/Dec/2023:16:56:58 +0100] "GET /login HTTP/1.1" 200 3419
0:0:0:0:0:0:0:1 - - [07/Dec/2023:16:56:58 +0100] "GET /webjars/bootstrap/5.3.2/css/bootstrap.min.css HTTP/1.1" 200 232948
0:0:0:0:0:0:0:1 - - [07/Dec/2023:16:56:58 +0100] "GET /webjars/bootstrap/5.3.2/js/bootstrap.bundle.min.js HTTP/1.1" 200 80663
0:0:0:0:0:0:0:1 - - [07/Dec/2023:16:56:58 +0100] "GET /webjars/jquery/3.7.1/jquery.min.js HTTP/1.1" 200 87533
0:0:0:0:0:0:0:1 - - [07/Dec/2023:16:56:59 +0100] "GET /favicon.ico HTTP/1.1" 200 37
0:0:0:0:0:0:0:1 - - [07/Dec/2023:17:04:39 +0100] "GET /login/register HTTP/1.1" 200 3826
0:0:0:0:0:0:0:1 - - [07/Dec/2023:17:04:39 +0100] "GET /webjars/bootstrap/5.3.2/css/bootstrap.min.css HTTP/1.1" 200 232948
0:0:0:0:0:0:0:1 - - [07/Dec/2023:17:04:39 +0100] "GET /webjars/bootstrap/5.3.2/js/bootstrap.bundle.min.js HTTP/1.1" 200 80663
0:0:0:0:0:0:0:1 - - [07/Dec/2023:17:04:39 +0100] "GET /webjars/jquery/3.7.1/jquery.min.js HTTP/1.1" 200 87533
0:0:0:0:0:0:0:1 - - [07/Dec/2023:17:04:39 +0100] "GET /favicon.ico HTTP/1.1" 200 37
0:0:0:0:0:0:0:1 - - [07/Dec/2023:17:04:41 +0100] "GET /login HTTP/1.1" 200 3419
0:0:0:0:0:0:0:1 - - [07/Dec/2023:17:04:41 +0100] "GET /webjars/jquery/3.7.1/jquery.min.js HTTP/1.1" 200 87533
0:0:0:0:0:0:0:1 - - [07/Dec/2023:17:04:41 +0100] "GET /webjars/bootstrap/5.3.2/css/bootstrap.min.css HTTP/1.1" 200 232948
0:0:0:0:0:0:0:1 - - [07/Dec/2023:17:04:41 +0100] "GET /webjars/bootstrap/5.3.2/js/bootstrap.bundle.min.js HTTP/1.1" 200 80663
0:0:0:0:0:0:0:1 - - [07/Dec/2023:17:04:41 +0100] "GET /favicon.ico HTTP/1.1" 200 37
0:0:0:0:0:0:0:1 - - [07/Dec/2023:17:04:46 +0100] "GET /login/register HTTP/1.1" 200 3826
0:0:0:0:0:0:0:1 - - [07/Dec/2023:17:04:46 +0100] "GET /webjars/jquery/3.7.1/jquery.min.js HTTP/1.1" 200 87533
0:0:0:0:0:0:0:1 - - [07/Dec/2023:17:04:46 +0100] "GET /webjars/bootstrap/5.3.2/js/bootstrap.bundle.min.js HTTP/1.1" 200 80663
0:0:0:0:0:0:0:1 - - [07/Dec/2023:17:04:46 +0100] "GET /webjars/bootstrap/5.3.2/css/bootstrap.min.css HTTP/1.1" 200 232948
0:0:0:0:0:0:0:1 - - [07/Dec/2023:17:04:46 +0100] "GET /favicon.ico HTTP/1.1" 200 37
0:0:0:0:0:0:0:1 - - [07/Dec/2023:17:09:54 +0100] "GET /login/register HTTP/1.1" 200 3832
0:0:0:0:0:0:0:1 - - [07/Dec/2023:17:09:54 +0100] "GET /webjars/jquery/3.7.1/jquery.min.js HTTP/1.1" 200 87533
0:0:0:0:0:0:0:1 - - [07/Dec/2023:17:09:54 +0100] "GET /webjars/bootstrap/5.3.2/js/bootstrap.bundle.min.js HTTP/1.1" 200 80663
0:0:0:0:0:0:0:1 - - [07/Dec/2023:17:09:54 +0100] "GET /webjars/bootstrap/5.3.2/css/bootstrap.min.css HTTP/1.1" 200 232948
0:0:0:0:0:0:0:1 - - [07/Dec/2023:17:09:54 +0100] "GET /favicon.ico HTTP/1.1" 200 37
0:0:0:0:0:0:0:1 - - [07/Dec/2023:17:10:32 +0100] "POST /login/register/save HTTP/1.1" 302 -
0:0:0:0:0:0:0:1 - - [07/Dec/2023:17:10:32 +0100] "GET /login HTTP/1.1" 200 3419
0:0:0:0:0:0:0:1 - - [07/Dec/2023:17:10:32 +0100] "GET /webjars/bootstrap/5.3.2/js/bootstrap.bundle.min.js HTTP/1.1" 200 80663
0:0:0:0:0:0:0:1 - - [07/Dec/2023:17:10:32 +0100] "GET /webjars/jquery/3.7.1/jquery.min.js HTTP/1.1" 200 87533
0:0:0:0:0:0:0:1 - - [07/Dec/2023:17:10:32 +0100] "GET /webjars/bootstrap/5.3.2/css/bootstrap.min.css HTTP/1.1" 200 232948
0:0:0:0:0:0:0:1 - - [07/Dec/2023:17:10:32 +0100] "GET /favicon.ico HTTP/1.1" 200 37
0:0:0:0:0:0:0:1 - - [07/Dec/2023:17:10:51 +0100] "GET /login/register HTTP/1.1" 200 3832
0:0:0:0:0:0:0:1 - - [07/Dec/2023:17:10:51 +0100] "GET /webjars/bootstrap/5.3.2/css/bootstrap.min.css HTTP/1.1" 200 232948
0:0:0:0:0:0:0:1 - - [07/Dec/2023:17:10:51 +0100] "GET /webjars/bootstrap/5.3.2/js/bootstrap.bundle.min.js HTTP/1.1" 200 80663
0:0:0:0:0:0:0:1 - - [07/Dec/2023:17:10:51 +0100] "GET /webjars/jquery/3.7.1/jquery.min.js HTTP/1.1" 200 87533
0:0:0:0:0:0:0:1 - - [07/Dec/2023:17:10:52 +0100] "GET /favicon.ico HTTP/1.1" 200 37
0:0:0:0:0:0:0:1 - - [07/Dec/2023:17:18:19 +0100] "GET / HTTP/1.1" 302 -
0:0:0:0:0:0:0:1 - - [07/Dec/2023:17:18:20 +0100] "GET /login HTTP/1.1" 200 3419
0:0:0:0:0:0:0:1 - - [07/Dec/2023:17:18:20 +0100] "GET /webjars/bootstrap/5.3.2/css/bootstrap.min.css HTTP/1.1" 200 232948
0:0:0:0:0:0:0:1 - - [07/Dec/2023:17:18:20 +0100] "GET /webjars/bootstrap/5.3.2/js/bootstrap.bundle.min.js HTTP/1.1" 200 80663
0:0:0:0:0:0:0:1 - - [07/Dec/2023:17:18:20 +0100] "GET /webjars/jquery/3.7.1/jquery.min.js HTTP/1.1" 200 87533
0:0:0:0:0:0:0:1 - - [07/Dec/2023:17:18:20 +0100] "GET /favicon.ico HTTP/1.1" 200 37
0:0:0:0:0:0:0:1 - - [07/Dec/2023:17:18:22 +0100] "GET /login/register HTTP/1.1" 200 3832
0:0:0:0:0:0:0:1 - - [07/Dec/2023:17:18:22 +0100] "GET /webjars/jquery/3.7.1/jquery.min.js HTTP/1.1" 200 87533
0:0:0:0:0:0:0:1 - - [07/Dec/2023:17:18:22 +0100] "GET /webjars/bootstrap/5.3.2/css/bootstrap.min.css HTTP/1.1" 200 232948
0:0:0:0:0:0:0:1 - - [07/Dec/2023:17:18:22 +0100] "GET /webjars/bootstrap/5.3.2/js/bootstrap.bundle.min.js HTTP/1.1" 200 80663
0:0:0:0:0:0:0:1 - - [07/Dec/2023:17:18:22 +0100] "GET /favicon.ico HTTP/1.1" 200 37
0:0:0:0:0:0:0:1 - - [07/Dec/2023:17:18:49 +0100] "POST /login/register/save HTTP/1.1" 302 -
0:0:0:0:0:0:0:1 - - [07/Dec/2023:17:18:49 +0100] "GET /login/register?success HTTP/1.1" 200 3958
0:0:0:0:0:0:0:1 - - [07/Dec/2023:17:18:49 +0100] "GET /webjars/jquery/3.7.1/jquery.min.js HTTP/1.1" 200 87533
0:0:0:0:0:0:0:1 - - [07/Dec/2023:17:18:49 +0100] "GET /webjars/bootstrap/5.3.2/js/bootstrap.bundle.min.js HTTP/1.1" 200 80663
0:0:0:0:0:0:0:1 - - [07/Dec/2023:17:18:49 +0100] "GET /webjars/bootstrap/5.3.2/css/bootstrap.min.css HTTP/1.1" 200 232948
0:0:0:0:0:0:0:1 - - [07/Dec/2023:17:18:49 +0100] "GET /favicon.ico HTTP/1.1" 200 37
0:0:0:0:0:0:0:1 - - [07/Dec/2023:17:19:24 +0100] "GET /login HTTP/1.1" 200 3419
0:0:0:0:0:0:0:1 - - [07/Dec/2023:17:19:24 +0100] "GET /webjars/jquery/3.7.1/jquery.min.js HTTP/1.1" 200 87533
0:0:0:0:0:0:0:1 - - [07/Dec/2023:17:19:24 +0100] "GET /webjars/bootstrap/5.3.2/js/bootstrap.bundle.min.js HTTP/1.1" 200 80663
0:0:0:0:0:0:0:1 - - [07/Dec/2023:17:19:24 +0100] "GET /webjars/bootstrap/5.3.2/css/bootstrap.min.css HTTP/1.1" 200 232948
0:0:0:0:0:0:0:1 - - [07/Dec/2023:17:19:24 +0100] "GET /favicon.ico HTTP/1.1" 200 37
0:0:0:0:0:0:0:1 - - [07/Dec/2023:17:19:32 +0100] "POST /login HTTP/1.1" 302 -
0:0:0:0:0:0:0:1 - - [07/Dec/2023:17:19:33 +0100] "GET /failure HTTP/1.1" 200 1927
0:0:0:0:0:0:0:1 - - [07/Dec/2023:17:19:33 +0100] "GET /webjars/bootstrap/5.3.2/js/bootstrap.bundle.min.js HTTP/1.1" 200 80663
0:0:0:0:0:0:0:1 - - [07/Dec/2023:17:19:33 +0100] "GET /webjars/jquery/3.7.1/jquery.min.js HTTP/1.1" 200 87533
0:0:0:0:0:0:0:1 - - [07/Dec/2023:17:19:33 +0100] "GET /webjars/bootstrap/5.3.2/css/bootstrap.min.css HTTP/1.1" 200 232948
0:0:0:0:0:0:0:1 - - [07/Dec/2023:17:19:33 +0100] "GET /favicon.ico HTTP/1.1" 200 37
0:0:0:0:0:0:0:1 - - [07/Dec/2023:17:19:36 +0100] "GET /login HTTP/1.1" 200 3419
0:0:0:0:0:0:0:1 - - [07/Dec/2023:17:19:36 +0100] "GET /webjars/jquery/3.7.1/jquery.min.js HTTP/1.1" 200 87533
0:0:0:0:0:0:0:1 - - [07/Dec/2023:17:19:36 +0100] "GET /webjars/bootstrap/5.3.2/js/bootstrap.bundle.min.js HTTP/1.1" 200 80663
0:0:0:0:0:0:0:1 - - [07/Dec/2023:17:19:36 +0100] "GET /webjars/bootstrap/5.3.2/css/bootstrap.min.css HTTP/1.1" 200 232948
0:0:0:0:0:0:0:1 - - [07/Dec/2023:17:19:36 +0100] "GET /favicon.ico HTTP/1.1" 200 37
0:0:0:0:0:0:0:1 - - [07/Dec/2023:17:19:47 +0100] "POST /login HTTP/1.1" 302 -
0:0:0:0:0:0:0:1 - - [07/Dec/2023:17:19:47 +0100] "GET /failure HTTP/1.1" 200 1927
0:0:0:0:0:0:0:1 - - [07/Dec/2023:17:19:47 +0100] "GET /webjars/bootstrap/5.3.2/js/bootstrap.bundle.min.js HTTP/1.1" 200 80663
0:0:0:0:0:0:0:1 - - [07/Dec/2023:17:19:47 +0100] "GET /webjars/bootstrap/5.3.2/css/bootstrap.min.css HTTP/1.1" 200 232948
0:0:0:0:0:0:0:1 - - [07/Dec/2023:17:19:47 +0100] "GET /webjars/jquery/3.7.1/jquery.min.js HTTP/1.1" 200 87533
0:0:0:0:0:0:0:1 - - [07/Dec/2023:17:19:47 +0100] "GET /favicon.ico HTTP/1.1" 200 37
0:0:0:0:0:0:0:1 - - [07/Dec/2023:17:19:49 +0100] "GET /login HTTP/1.1" 200 3419
0:0:0:0:0:0:0:1 - - [07/Dec/2023:17:19:49 +0100] "GET /webjars/bootstrap/5.3.2/js/bootstrap.bundle.min.js HTTP/1.1" 200 80663
0:0:0:0:0:0:0:1 - - [07/Dec/2023:17:19:49 +0100] "GET /webjars/bootstrap/5.3.2/css/bootstrap.min.css HTTP/1.1" 200 232948
0:0:0:0:0:0:0:1 - - [07/Dec/2023:17:19:49 +0100] "GET /webjars/jquery/3.7.1/jquery.min.js HTTP/1.1" 200 87533
0:0:0:0:0:0:0:1 - - [07/Dec/2023:17:19:49 +0100] "GET /favicon.ico HTTP/1.1" 200 37
0:0:0:0:0:0:0:1 - - [07/Dec/2023:18:07:31 +0100] "POST /login HTTP/1.1" 302 -
0:0:0:0:0:0:0:1 - - [07/Dec/2023:18:07:31 +0100] "GET /welcome HTTP/1.1" 302 -
0:0:0:0:0:0:0:1 - - [07/Dec/2023:18:07:32 +0100] "GET /welcome/admin?lang=de HTTP/1.1" 200 7042
0:0:0:0:0:0:0:1 - - [07/Dec/2023:18:07:32 +0100] "GET /webjars/bootstrap/5.3.2/js/bootstrap.bundle.min.js HTTP/1.1" 200 80663
0:0:0:0:0:0:0:1 - - [07/Dec/2023:18:07:32 +0100] "GET /webjars/jquery/3.7.1/jquery.min.js HTTP/1.1" 200 87533
0:0:0:0:0:0:0:1 - - [07/Dec/2023:18:07:32 +0100] "GET /webjars/bootstrap/5.3.2/css/bootstrap.min.css HTTP/1.1" 200 232948
0:0:0:0:0:0:0:1 - - [07/Dec/2023:18:07:32 +0100] "GET /favicon.ico HTTP/1.1" 200 37
0:0:0:0:0:0:0:1 - - [07/Dec/2023:18:07:38 +0100] "GET /favicon.ico HTTP/1.1" 200 37
0:0:0:0:0:0:0:1 - - [07/Dec/2023:20:55:50 +0100] "GET /logout HTTP/1.1" 302 -
0:0:0:0:0:0:0:1 - - [07/Dec/2023:20:55:50 +0100] "GET /login?logout HTTP/1.1" 200 3531
0:0:0:0:0:0:0:1 - - [07/Dec/2023:20:55:50 +0100] "GET /webjars/jquery/3.7.1/jquery.min.js HTTP/1.1" 200 87533
0:0:0:0:0:0:0:1 - - [07/Dec/2023:20:55:50 +0100] "GET /webjars/bootstrap/5.3.2/js/bootstrap.bundle.min.js HTTP/1.1" 200 80663
0:0:0:0:0:0:0:1 - - [07/Dec/2023:20:55:50 +0100] "GET /webjars/bootstrap/5.3.2/css/bootstrap.min.css HTTP/1.1" 200 232948
0:0:0:0:0:0:0:1 - - [07/Dec/2023:20:55:50 +0100] "GET /favicon.ico HTTP/1.1" 200 37
0:0:0:0:0:0:0:1 - - [07/Dec/2023:20:55:53 +0100] "GET /login/register HTTP/1.1" 200 3832
0:0:0:0:0:0:0:1 - - [07/Dec/2023:20:55:53 +0100] "GET /webjars/bootstrap/5.3.2/js/bootstrap.bundle.min.js HTTP/1.1" 200 80663
0:0:0:0:0:0:0:1 - - [07/Dec/2023:20:55:53 +0100] "GET /webjars/jquery/3.7.1/jquery.min.js HTTP/1.1" 200 87533
0:0:0:0:0:0:0:1 - - [07/Dec/2023:20:55:53 +0100] "GET /webjars/bootstrap/5.3.2/css/bootstrap.min.css HTTP/1.1" 200 232948
0:0:0:0:0:0:0:1 - - [07/Dec/2023:20:55:53 +0100] "GET /favicon.ico HTTP/1.1" 200 37
0:0:0:0:0:0:0:1 - - [07/Dec/2023:20:56:20 +0100] "POST /login/register/save HTTP/1.1" 302 -
0:0:0:0:0:0:0:1 - - [07/Dec/2023:20:56:20 +0100] "GET /login/register?success HTTP/1.1" 200 3958
0:0:0:0:0:0:0:1 - - [07/Dec/2023:20:56:20 +0100] "GET /webjars/jquery/3.7.1/jquery.min.js HTTP/1.1" 200 87533
0:0:0:0:0:0:0:1 - - [07/Dec/2023:20:56:20 +0100] "GET /webjars/bootstrap/5.3.2/js/bootstrap.bundle.min.js HTTP/1.1" 200 80663
0:0:0:0:0:0:0:1 - - [07/Dec/2023:20:56:20 +0100] "GET /webjars/bootstrap/5.3.2/css/bootstrap.min.css HTTP/1.1" 200 232948
0:0:0:0:0:0:0:1 - - [07/Dec/2023:20:56:20 +0100] "GET /favicon.ico HTTP/1.1" 200 37
0:0:0:0:0:0:0:1 - - [07/Dec/2023:20:56:26 +0100] "GET /login HTTP/1.1" 200 3419
0:0:0:0:0:0:0:1 - - [07/Dec/2023:20:56:26 +0100] "GET /webjars/jquery/3.7.1/jquery.min.js HTTP/1.1" 200 87533
0:0:0:0:0:0:0:1 - - [07/Dec/2023:20:56:26 +0100] "GET /webjars/bootstrap/5.3.2/js/bootstrap.bundle.min.js HTTP/1.1" 200 80663
0:0:0:0:0:0:0:1 - - [07/Dec/2023:20:56:26 +0100] "GET /webjars/bootstrap/5.3.2/css/bootstrap.min.css HTTP/1.1" 200 232948
0:0:0:0:0:0:0:1 - - [07/Dec/2023:20:56:27 +0100] "GET /favicon.ico HTTP/1.1" 200 37
0:0:0:0:0:0:0:1 - - [07/Dec/2023:20:56:35 +0100] "POST /login HTTP/1.1" 302 -
0:0:0:0:0:0:0:1 - - [07/Dec/2023:20:56:35 +0100] "GET /welcome HTTP/1.1" 302 -
0:0:0:0:0:0:0:1 - - [07/Dec/2023:20:56:35 +0100] "GET /welcome/user?lang=de HTTP/1.1" 200 2429
0:0:0:0:0:0:0:1 - - [07/Dec/2023:20:56:35 +0100] "GET /webjars/bootstrap/5.3.2/js/bootstrap.bundle.min.js HTTP/1.1" 200 80663
0:0:0:0:0:0:0:1 - - [07/Dec/2023:20:56:35 +0100] "GET /webjars/jquery/3.7.1/jquery.min.js HTTP/1.1" 200 87533
0:0:0:0:0:0:0:1 - - [07/Dec/2023:20:56:35 +0100] "GET /webjars/bootstrap/5.3.2/css/bootstrap.min.css HTTP/1.1" 200 232948
0:0:0:0:0:0:0:1 - - [07/Dec/2023:20:56:35 +0100] "GET /favicon.ico HTTP/1.1" 200 37
0:0:0:0:0:0:0:1 - - [07/Dec/2023:20:56:41 +0100] "GET /logout HTTP/1.1" 302 -
0:0:0:0:0:0:0:1 - - [07/Dec/2023:20:56:41 +0100] "GET /login?logout HTTP/1.1" 200 3531
0:0:0:0:0:0:0:1 - - [07/Dec/2023:20:56:41 +0100] "GET /webjars/bootstrap/5.3.2/js/bootstrap.bundle.min.js HTTP/1.1" 200 80663
0:0:0:0:0:0:0:1 - - [07/Dec/2023:20:56:41 +0100] "GET /webjars/jquery/3.7.1/jquery.min.js HTTP/1.1" 200 87533
0:0:0:0:0:0:0:1 - - [07/Dec/2023:20:56:41 +0100] "GET /webjars/bootstrap/5.3.2/css/bootstrap.min.css HTTP/1.1" 200 232948
0:0:0:0:0:0:0:1 - - [07/Dec/2023:20:56:41 +0100] "GET /favicon.ico HTTP/1.1" 200 37
0:0:0:0:0:0:0:1 - - [07/Dec/2023:20:56:54 +0100] "POST /login HTTP/1.1" 302 -
0:0:0:0:0:0:0:1 - - [07/Dec/2023:20:56:54 +0100] "GET /welcome HTTP/1.1" 302 -
0:0:0:0:0:0:0:1 - - [07/Dec/2023:20:56:54 +0100] "GET /welcome/admin?lang=de HTTP/1.1" 200 8028
0:0:0:0:0:0:0:1 - - [07/Dec/2023:20:56:54 +0100] "GET /webjars/jquery/3.7.1/jquery.min.js HTTP/1.1" 200 87533
0:0:0:0:0:0:0:1 - - [07/Dec/2023:20:56:54 +0100] "GET /webjars/bootstrap/5.3.2/js/bootstrap.bundle.min.js HTTP/1.1" 200 80663
0:0:0:0:0:0:0:1 - - [07/Dec/2023:20:56:54 +0100] "GET /webjars/bootstrap/5.3.2/css/bootstrap.min.css HTTP/1.1" 200 232948
0:0:0:0:0:0:0:1 - - [07/Dec/2023:20:56:54 +0100] "GET /favicon.ico HTTP/1.1" 200 37
0:0:0:0:0:0:0:1 - - [07/Dec/2023:20:56:58 +0100] "GET /favicon.ico HTTP/1.1" 200 37
0:0:0:0:0:0:0:1 - - [07/Dec/2023:20:57:25 +0100] "GET /rolesfromuser?id=4&lang=de HTTP/1.1" 200 4474
0:0:0:0:0:0:0:1 - - [07/Dec/2023:20:57:25 +0100] "GET /webjars/bootstrap/5.3.2/js/bootstrap.bundle.min.js HTTP/1.1" 200 80663
0:0:0:0:0:0:0:1 - - [07/Dec/2023:20:57:25 +0100] "GET /webjars/jquery/3.7.1/jquery.min.js HTTP/1.1" 200 87533
0:0:0:0:0:0:0:1 - - [07/Dec/2023:20:57:25 +0100] "GET /webjars/bootstrap/5.3.2/css/bootstrap.min.css HTTP/1.1" 200 232948
0:0:0:0:0:0:0:1 - - [07/Dec/2023:20:57:25 +0100] "GET /favicon.ico HTTP/1.1" 200 37
0:0:0:0:0:0:0:1 - - [07/Dec/2023:20:57:40 +0100] "GET /welcome HTTP/1.1" 302 -
0:0:0:0:0:0:0:1 - - [07/Dec/2023:20:57:40 +0100] "GET /welcome/admin?lang=de HTTP/1.1" 200 8028
0:0:0:0:0:0:0:1 - - [07/Dec/2023:20:57:40 +0100] "GET /webjars/bootstrap/5.3.2/js/bootstrap.bundle.min.js HTTP/1.1" 200 80663
0:0:0:0:0:0:0:1 - - [07/Dec/2023:20:57:40 +0100] "GET /webjars/bootstrap/5.3.2/css/bootstrap.min.css HTTP/1.1" 200 232948
0:0:0:0:0:0:0:1 - - [07/Dec/2023:20:57:40 +0100] "GET /webjars/jquery/3.7.1/jquery.min.js HTTP/1.1" 200 87533
0:0:0:0:0:0:0:1 - - [07/Dec/2023:20:57:41 +0100] "GET /favicon.ico HTTP/1.1" 200 37
0:0:0:0:0:0:0:1 - - [07/Dec/2023:20:57:42 +0100] "GET /roles HTTP/1.1" 200 4767
0:0:0:0:0:0:0:1 - - [07/Dec/2023:20:57:42 +0100] "GET /webjars/jquery/3.7.1/jquery.min.js HTTP/1.1" 200 87533
0:0:0:0:0:0:0:1 - - [07/Dec/2023:20:57:42 +0100] "GET /webjars/bootstrap/5.3.2/js/bootstrap.bundle.min.js HTTP/1.1" 200 80663
0:0:0:0:0:0:0:1 - - [07/Dec/2023:20:57:42 +0100] "GET /webjars/bootstrap/5.3.2/css/bootstrap.min.css HTTP/1.1" 200 232948
0:0:0:0:0:0:0:1 - - [07/Dec/2023:20:57:42 +0100] "GET /favicon.ico HTTP/1.1" 200 37
0:0:0:0:0:0:0:1 - - [07/Dec/2023:20:57:51 +0100] "GET /welcome HTTP/1.1" 302 -
0:0:0:0:0:0:0:1 - - [07/Dec/2023:20:57:51 +0100] "GET /welcome/admin?lang=de HTTP/1.1" 200 8028
0:0:0:0:0:0:0:1 - - [07/Dec/2023:20:57:51 +0100] "GET /webjars/bootstrap/5.3.2/js/bootstrap.bundle.min.js HTTP/1.1" 200 80663
0:0:0:0:0:0:0:1 - - [07/Dec/2023:20:57:51 +0100] "GET /webjars/jquery/3.7.1/jquery.min.js HTTP/1.1" 200 87533
0:0:0:0:0:0:0:1 - - [07/Dec/2023:20:57:51 +0100] "GET /webjars/bootstrap/5.3.2/css/bootstrap.min.css HTTP/1.1" 200 232948
0:0:0:0:0:0:0:1 - - [07/Dec/2023:20:57:51 +0100] "GET /favicon.ico HTTP/1.1" 200 37
0:0:0:0:0:0:0:1 - - [07/Dec/2023:21:03:36 +0100] "GET /logout HTTP/1.1" 302 -
0:0:0:0:0:0:0:1 - - [07/Dec/2023:21:03:36 +0100] "GET /login?logout HTTP/1.1" 200 3532
0:0:0:0:0:0:0:1 - - [07/Dec/2023:21:03:36 +0100] "GET /webjars/bootstrap/5.3.2/js/bootstrap.bundle.min.js HTTP/1.1" 200 80663
0:0:0:0:0:0:0:1 - - [07/Dec/2023:21:03:36 +0100] "GET /webjars/jquery/3.7.1/jquery.min.js HTTP/1.1" 200 87533
0:0:0:0:0:0:0:1 - - [07/Dec/2023:21:03:36 +0100] "GET /webjars/bootstrap/5.3.2/css/bootstrap.min.css HTTP/1.1" 200 232948
0:0:0:0:0:0:0:1 - - [07/Dec/2023:21:03:36 +0100] "GET /favicon.ico HTTP/1.1" 200 37
0:0:0:0:0:0:0:1 - - [07/Dec/2023:21:03:49 +0100] "POST /login HTTP/1.1" 302 -
0:0:0:0:0:0:0:1 - - [07/Dec/2023:21:03:49 +0100] "GET /welcome HTTP/1.1" 302 -
0:0:0:0:0:0:0:1 - - [07/Dec/2023:21:03:49 +0100] "GET /welcome/admin?lang=de HTTP/1.1" 200 6059
0:0:0:0:0:0:0:1 - - [07/Dec/2023:21:03:49 +0100] "GET /webjars/jquery/3.7.1/jquery.min.js HTTP/1.1" 200 87533
0:0:0:0:0:0:0:1 - - [07/Dec/2023:21:03:49 +0100] "GET /webjars/bootstrap/5.3.2/js/bootstrap.bundle.min.js HTTP/1.1" 200 80663
0:0:0:0:0:0:0:1 - - [07/Dec/2023:21:03:49 +0100] "GET /webjars/bootstrap/5.3.2/css/bootstrap.min.css HTTP/1.1" 200 232948
0:0:0:0:0:0:0:1 - - [07/Dec/2023:21:03:49 +0100] "GET /favicon.ico HTTP/1.1" 200 37
0:0:0:0:0:0:0:1 - - [07/Dec/2023:21:03:51 +0100] "GET /logout HTTP/1.1" 302 -
0:0:0:0:0:0:0:1 - - [07/Dec/2023:21:03:51 +0100] "GET /login?logout HTTP/1.1" 200 3532
0:0:0:0:0:0:0:1 - - [07/Dec/2023:21:03:51 +0100] "GET /webjars/jquery/3.7.1/jquery.min.js HTTP/1.1" 200 87533
0:0:0:0:0:0:0:1 - - [07/Dec/2023:21:03:51 +0100] "GET /webjars/bootstrap/5.3.2/js/bootstrap.bundle.min.js HTTP/1.1" 200 80663
0:0:0:0:0:0:0:1 - - [07/Dec/2023:21:03:51 +0100] "GET /webjars/bootstrap/5.3.2/css/bootstrap.min.css HTTP/1.1" 200 232948
0:0:0:0:0:0:0:1 - - [07/Dec/2023:21:03:51 +0100] "GET /favicon.ico HTTP/1.1" 200 37
0:0:0:0:0:0:0:1 - - [07/Dec/2023:21:03:54 +0100] "GET /login/register HTTP/1.1" 200 3832
0:0:0:0:0:0:0:1 - - [07/Dec/2023:21:03:54 +0100] "GET /webjars/jquery/3.7.1/jquery.min.js HTTP/1.1" 200 87533
0:0:0:0:0:0:0:1 - - [07/Dec/2023:21:03:54 +0100] "GET /webjars/bootstrap/5.3.2/js/bootstrap.bundle.min.js HTTP/1.1" 200 80663
0:0:0:0:0:0:0:1 - - [07/Dec/2023:21:03:54 +0100] "GET /webjars/bootstrap/5.3.2/css/bootstrap.min.css HTTP/1.1" 200 232948
0:0:0:0:0:0:0:1 - - [07/Dec/2023:21:03:54 +0100] "GET /favicon.ico HTTP/1.1" 200 37
0:0:0:0:0:0:0:1 - - [07/Dec/2023:21:04:08 +0100] "POST /login/register/save HTTP/1.1" 302 -
0:0:0:0:0:0:0:1 - - [07/Dec/2023:21:04:08 +0100] "GET /login/register?success HTTP/1.1" 200 3958
0:0:0:0:0:0:0:1 - - [07/Dec/2023:21:04:08 +0100] "GET /webjars/bootstrap/5.3.2/js/bootstrap.bundle.min.js HTTP/1.1" 200 80663
0:0:0:0:0:0:0:1 - - [07/Dec/2023:21:04:08 +0100] "GET /webjars/jquery/3.7.1/jquery.min.js HTTP/1.1" 200 87533
0:0:0:0:0:0:0:1 - - [07/Dec/2023:21:04:08 +0100] "GET /webjars/bootstrap/5.3.2/css/bootstrap.min.css HTTP/1.1" 200 232948
0:0:0:0:0:0:0:1 - - [07/Dec/2023:21:04:08 +0100] "GET /favicon.ico HTTP/1.1" 200 37
0:0:0:0:0:0:0:1 - - [07/Dec/2023:21:04:20 +0100] "GET /login HTTP/1.1" 200 3420
0:0:0:0:0:0:0:1 - - [07/Dec/2023:21:04:20 +0100] "GET /webjars/bootstrap/5.3.2/js/bootstrap.bundle.min.js HTTP/1.1" 200 80663
0:0:0:0:0:0:0:1 - - [07/Dec/2023:21:04:20 +0100] "GET /webjars/jquery/3.7.1/jquery.min.js HTTP/1.1" 200 87533
0:0:0:0:0:0:0:1 - - [07/Dec/2023:21:04:20 +0100] "GET /webjars/bootstrap/5.3.2/css/bootstrap.min.css HTTP/1.1" 200 232948
0:0:0:0:0:0:0:1 - - [07/Dec/2023:21:04:20 +0100] "GET /favicon.ico HTTP/1.1" 200 37
0:0:0:0:0:0:0:1 - - [07/Dec/2023:21:04:27 +0100] "POST /login HTTP/1.1" 302 -
0:0:0:0:0:0:0:1 - - [07/Dec/2023:21:04:27 +0100] "GET /welcome HTTP/1.1" 302 -
0:0:0:0:0:0:0:1 - - [07/Dec/2023:21:04:27 +0100] "GET /welcome/user?lang=de HTTP/1.1" 200 2429
0:0:0:0:0:0:0:1 - - [07/Dec/2023:21:04:27 +0100] "GET /webjars/bootstrap/5.3.2/css/bootstrap.min.css HTTP/1.1" 200 232948
0:0:0:0:0:0:0:1 - - [07/Dec/2023:21:04:27 +0100] "GET /webjars/jquery/3.7.1/jquery.min.js HTTP/1.1" 200 87533
0:0:0:0:0:0:0:1 - - [07/Dec/2023:21:04:27 +0100] "GET /webjars/bootstrap/5.3.2/js/bootstrap.bundle.min.js HTTP/1.1" 200 80663
0:0:0:0:0:0:0:1 - - [07/Dec/2023:21:04:27 +0100] "GET /favicon.ico HTTP/1.1" 200 37
0:0:0:0:0:0:0:1 - - [07/Dec/2023:21:05:44 +0100] "GET /welcome/user?lang=en HTTP/1.1" 200 2423
0:0:0:0:0:0:0:1 - - [07/Dec/2023:21:05:44 +0100] "GET /webjars/jquery/3.7.1/jquery.min.js HTTP/1.1" 200 87533
0:0:0:0:0:0:0:1 - - [07/Dec/2023:21:05:44 +0100] "GET /webjars/bootstrap/5.3.2/css/bootstrap.min.css HTTP/1.1" 200 232948
0:0:0:0:0:0:0:1 - - [07/Dec/2023:21:05:44 +0100] "GET /webjars/bootstrap/5.3.2/js/bootstrap.bundle.min.js HTTP/1.1" 200 80663
0:0:0:0:0:0:0:1 - - [07/Dec/2023:21:05:44 +0100] "GET /favicon.ico HTTP/1.1" 200 37
0:0:0:0:0:0:0:1 - - [07/Dec/2023:21:05:46 +0100] "GET /logout HTTP/1.1" 302 -
0:0:0:0:0:0:0:1 - - [07/Dec/2023:21:05:46 +0100] "GET /login?logout HTTP/1.1" 200 3532
0:0:0:0:0:0:0:1 - - [07/Dec/2023:21:05:46 +0100] "GET /webjars/jquery/3.7.1/jquery.min.js HTTP/1.1" 200 87533
0:0:0:0:0:0:0:1 - - [07/Dec/2023:21:05:46 +0100] "GET /webjars/bootstrap/5.3.2/js/bootstrap.bundle.min.js HTTP/1.1" 200 80663
0:0:0:0:0:0:0:1 - - [07/Dec/2023:21:05:46 +0100] "GET /webjars/bootstrap/5.3.2/css/bootstrap.min.css HTTP/1.1" 200 232948
0:0:0:0:0:0:0:1 - - [07/Dec/2023:21:05:46 +0100] "GET /favicon.ico HTTP/1.1" 200 37
0:0:0:0:0:0:0:1 - - [07/Dec/2023:21:05:55 +0100] "POST /login HTTP/1.1" 302 -
0:0:0:0:0:0:0:1 - - [07/Dec/2023:21:05:55 +0100] "GET /welcome HTTP/1.1" 302 -
0:0:0:0:0:0:0:1 - - [07/Dec/2023:21:05:55 +0100] "GET /welcome/admin?lang=de HTTP/1.1" 200 7042
0:0:0:0:0:0:0:1 - - [07/Dec/2023:21:05:55 +0100] "GET /webjars/bootstrap/5.3.2/js/bootstrap.bundle.min.js HTTP/1.1" 200 80663
0:0:0:0:0:0:0:1 - - [07/Dec/2023:21:05:55 +0100] "GET /webjars/jquery/3.7.1/jquery.min.js HTTP/1.1" 200 87533
0:0:0:0:0:0:0:1 - - [07/Dec/2023:21:05:55 +0100] "GET /webjars/bootstrap/5.3.2/css/bootstrap.min.css HTTP/1.1" 200 232948
0:0:0:0:0:0:0:1 - - [07/Dec/2023:21:05:55 +0100] "GET /favicon.ico HTTP/1.1" 200 37
0:0:0:0:0:0:0:1 - - [07/Dec/2023:21:06:04 +0100] "GET /favicon.ico HTTP/1.1" 200 37
0:0:0:0:0:0:0:1 - - [07/Dec/2023:21:07:28 +0100] "GET /rolesfromuser?id=3&lang=de HTTP/1.1" 200 3845
0:0:0:0:0:0:0:1 - - [07/Dec/2023:21:07:28 +0100] "GET /webjars/bootstrap/5.3.2/css/bootstrap.min.css HTTP/1.1" 200 232948
0:0:0:0:0:0:0:1 - - [07/Dec/2023:21:07:28 +0100] "GET /webjars/bootstrap/5.3.2/js/bootstrap.bundle.min.js HTTP/1.1" 200 80663
0:0:0:0:0:0:0:1 - - [07/Dec/2023:21:07:28 +0100] "GET /webjars/jquery/3.7.1/jquery.min.js HTTP/1.1" 200 87533
0:0:0:0:0:0:0:1 - - [07/Dec/2023:21:07:28 +0100] "GET /favicon.ico HTTP/1.1" 200 37
0:0:0:0:0:0:0:1 - - [07/Dec/2023:21:07:31 +0100] "GET /welcome HTTP/1.1" 302 -
0:0:0:0:0:0:0:1 - - [07/Dec/2023:21:07:31 +0100] "GET /welcome/admin?lang=de HTTP/1.1" 200 7042
0:0:0:0:0:0:0:1 - - [07/Dec/2023:21:07:31 +0100] "GET /webjars/bootstrap/5.3.2/css/bootstrap.min.css HTTP/1.1" 200 232948
0:0:0:0:0:0:0:1 - - [07/Dec/2023:21:07:31 +0100] "GET /webjars/bootstrap/5.3.2/js/bootstrap.bundle.min.js HTTP/1.1" 200 80663
0:0:0:0:0:0:0:1 - - [07/Dec/2023:21:07:31 +0100] "GET /webjars/jquery/3.7.1/jquery.min.js HTTP/1.1" 200 87533
0:0:0:0:0:0:0:1 - - [07/Dec/2023:21:07:31 +0100] "GET /favicon.ico HTTP/1.1" 200 37
0:0:0:0:0:0:0:1 - - [07/Dec/2023:21:07:52 +0100] "GET /rolesfromuser?id=2&lang=de HTTP/1.1" 200 3844
0:0:0:0:0:0:0:1 - - [07/Dec/2023:21:07:52 +0100] "GET /webjars/bootstrap/5.3.2/css/bootstrap.min.css HTTP/1.1" 200 232948
0:0:0:0:0:0:0:1 - - [07/Dec/2023:21:07:52 +0100] "GET /webjars/jquery/3.7.1/jquery.min.js HTTP/1.1" 200 87533
0:0:0:0:0:0:0:1 - - [07/Dec/2023:21:07:52 +0100] "GET /webjars/bootstrap/5.3.2/js/bootstrap.bundle.min.js HTTP/1.1" 200 80663
0:0:0:0:0:0:0:1 - - [07/Dec/2023:21:07:52 +0100] "GET /favicon.ico HTTP/1.1" 200 37
0:0:0:0:0:0:0:1 - - [07/Dec/2023:21:08:01 +0100] "GET /welcome HTTP/1.1" 302 -
0:0:0:0:0:0:0:1 - - [07/Dec/2023:21:08:01 +0100] "GET /welcome/admin?lang=de HTTP/1.1" 200 7042
0:0:0:0:0:0:0:1 - - [07/Dec/2023:21:08:01 +0100] "GET /webjars/jquery/3.7.1/jquery.min.js HTTP/1.1" 200 87533
0:0:0:0:0:0:0:1 - - [07/Dec/2023:21:08:01 +0100] "GET /webjars/bootstrap/5.3.2/js/bootstrap.bundle.min.js HTTP/1.1" 200 80663
0:0:0:0:0:0:0:1 - - [07/Dec/2023:21:08:01 +0100] "GET /webjars/bootstrap/5.3.2/css/bootstrap.min.css HTTP/1.1" 200 232948
0:0:0:0:0:0:0:1 - - [07/Dec/2023:21:08:01 +0100] "GET /favicon.ico HTTP/1.1" 200 37
0:0:0:0:0:0:0:1 - - [07/Dec/2023:21:08:23 +0100] "GET /favicon.ico HTTP/1.1" 200 37
0:0:0:0:0:0:0:1 - - [07/Dec/2023:21:23:05 +0100] "GET /logout HTTP/1.1" 302 -
0:0:0:0:0:0:0:1 - - [07/Dec/2023:21:23:06 +0100] "GET /login?logout HTTP/1.1" 200 3532
0:0:0:0:0:0:0:1 - - [07/Dec/2023:21:23:06 +0100] "GET /webjars/bootstrap/5.3.2/js/bootstrap.bundle.min.js HTTP/1.1" 200 80663
0:0:0:0:0:0:0:1 - - [07/Dec/2023:21:23:06 +0100] "GET /webjars/jquery/3.7.1/jquery.min.js HTTP/1.1" 200 87533
0:0:0:0:0:0:0:1 - - [07/Dec/2023:21:23:06 +0100] "GET /webjars/bootstrap/5.3.2/css/bootstrap.min.css HTTP/1.1" 200 232948
0:0:0:0:0:0:0:1 - - [07/Dec/2023:21:23:06 +0100] "GET /favicon.ico HTTP/1.1" 200 37
0:0:0:0:0:0:0:1 - - [07/Dec/2023:21:23:12 +0100] "POST /login HTTP/1.1" 302 -
0:0:0:0:0:0:0:1 - - [07/Dec/2023:21:23:12 +0100] "GET /welcome HTTP/1.1" 302 -
0:0:0:0:0:0:0:1 - - [07/Dec/2023:21:23:13 +0100] "GET /welcome/admin?lang=de HTTP/1.1" 200 7042
0:0:0:0:0:0:0:1 - - [07/Dec/2023:21:23:13 +0100] "GET /webjars/jquery/3.7.1/jquery.min.js HTTP/1.1" 200 87533
0:0:0:0:0:0:0:1 - - [07/Dec/2023:21:23:13 +0100] "GET /webjars/bootstrap/5.3.2/js/bootstrap.bundle.min.js HTTP/1.1" 200 80663
0:0:0:0:0:0:0:1 - - [07/Dec/2023:21:23:13 +0100] "GET /webjars/bootstrap/5.3.2/css/bootstrap.min.css HTTP/1.1" 200 232948
0:0:0:0:0:0:0:1 - - [07/Dec/2023:21:23:13 +0100] "GET /favicon.ico HTTP/1.1" 200 37
0:0:0:0:0:0:0:1 - - [07/Dec/2023:21:23:15 +0100] "GET /favicon.ico HTTP/1.1" 200 37
0:0:0:0:0:0:0:1 - - [07/Dec/2023:21:25:20 +0100] "GET /welcome/admin?lang=de HTTP/1.1" 200 7064
0:0:0:0:0:0:0:1 - - [07/Dec/2023:21:25:21 +0100] "GET /webjars/jquery/3.7.1/jquery.min.js HTTP/1.1" 200 87533
0:0:0:0:0:0:0:1 - - [07/Dec/2023:21:25:21 +0100] "GET /webjars/bootstrap/5.3.2/js/bootstrap.bundle.min.js HTTP/1.1" 200 80663
0:0:0:0:0:0:0:1 - - [07/Dec/2023:21:25:21 +0100] "GET /webjars/bootstrap/5.3.2/css/bootstrap.min.css HTTP/1.1" 200 232948
0:0:0:0:0:0:0:1 - - [07/Dec/2023:21:25:21 +0100] "GET /favicon.ico HTTP/1.1" 200 37
0:0:0:0:0:0:0:1 - - [07/Dec/2023:21:25:30 +0100] "GET /delete?id=3 HTTP/1.1" 405 1685
0:0:0:0:0:0:0:1 - - [07/Dec/2023:21:25:30 +0100] "GET /webjars/bootstrap/5.3.2/js/bootstrap.bundle.min.js HTTP/1.1" 200 80663
0:0:0:0:0:0:0:1 - - [07/Dec/2023:21:25:30 +0100] "GET /webjars/jquery/3.7.1/jquery.min.js HTTP/1.1" 200 87533
0:0:0:0:0:0:0:1 - - [07/Dec/2023:21:25:30 +0100] "GET /webjars/bootstrap/5.3.2/css/bootstrap.min.css HTTP/1.1" 200 232948
0:0:0:0:0:0:0:1 - - [07/Dec/2023:21:25:30 +0100] "GET /favicon.ico HTTP/1.1" 200 37
0:0:0:0:0:0:0:1 - - [07/Dec/2023:21:25:36 +0100] "GET /login HTTP/1.1" 200 3420
0:0:0:0:0:0:0:1 - - [07/Dec/2023:21:25:36 +0100] "GET /webjars/jquery/3.7.1/jquery.min.js HTTP/1.1" 200 87533
0:0:0:0:0:0:0:1 - - [07/Dec/2023:21:25:36 +0100] "GET /webjars/bootstrap/5.3.2/js/bootstrap.bundle.min.js HTTP/1.1" 200 80663
0:0:0:0:0:0:0:1 - - [07/Dec/2023:21:25:36 +0100] "GET /webjars/bootstrap/5.3.2/css/bootstrap.min.css HTTP/1.1" 200 232948
0:0:0:0:0:0:0:1 - - [07/Dec/2023:21:25:36 +0100] "GET /favicon.ico HTTP/1.1" 200 37
0:0:0:0:0:0:0:1 - - [07/Dec/2023:21:25:48 +0100] "POST /login HTTP/1.1" 302 -
0:0:0:0:0:0:0:1 - - [07/Dec/2023:21:25:48 +0100] "GET /welcome HTTP/1.1" 302 -
0:0:0:0:0:0:0:1 - - [07/Dec/2023:21:25:48 +0100] "GET /welcome/admin?lang=de HTTP/1.1" 200 7064
0:0:0:0:0:0:0:1 - - [07/Dec/2023:21:25:48 +0100] "GET /webjars/bootstrap/5.3.2/js/bootstrap.bundle.min.js HTTP/1.1" 200 80663
0:0:0:0:0:0:0:1 - - [07/Dec/2023:21:25:48 +0100] "GET /webjars/bootstrap/5.3.2/css/bootstrap.min.css HTTP/1.1" 200 232948
0:0:0:0:0:0:0:1 - - [07/Dec/2023:21:25:48 +0100] "GET /webjars/jquery/3.7.1/jquery.min.js HTTP/1.1" 200 87533
0:0:0:0:0:0:0:1 - - [07/Dec/2023:21:25:48 +0100] "GET /favicon.ico HTTP/1.1" 200 37
0:0:0:0:0:0:0:1 - - [07/Dec/2023:21:26:06 +0100] "GET /welcome/admin?lang=de HTTP/1.1" 200 7064
0:0:0:0:0:0:0:1 - - [07/Dec/2023:21:26:06 +0100] "GET /webjars/jquery/3.7.1/jquery.min.js HTTP/1.1" 200 87533
0:0:0:0:0:0:0:1 - - [07/Dec/2023:21:26:06 +0100] "GET /webjars/bootstrap/5.3.2/js/bootstrap.bundle.min.js HTTP/1.1" 200 80663
0:0:0:0:0:0:0:1 - - [07/Dec/2023:21:26:06 +0100] "GET /webjars/bootstrap/5.3.2/css/bootstrap.min.css HTTP/1.1" 200 232948
0:0:0:0:0:0:0:1 - - [07/Dec/2023:21:26:07 +0100] "GET /favicon.ico HTTP/1.1" 200 37
0:0:0:0:0:0:0:1 - - [07/Dec/2023:21:26:11 +0100] "GET /delete?id=2 HTTP/1.1" 405 1685
0:0:0:0:0:0:0:1 - - [07/Dec/2023:21:26:11 +0100] "GET /webjars/bootstrap/5.3.2/js/bootstrap.bundle.min.js HTTP/1.1" 200 80663
0:0:0:0:0:0:0:1 - - [07/Dec/2023:21:26:11 +0100] "GET /webjars/jquery/3.7.1/jquery.min.js HTTP/1.1" 200 87533
0:0:0:0:0:0:0:1 - - [07/Dec/2023:21:26:11 +0100] "GET /webjars/bootstrap/5.3.2/css/bootstrap.min.css HTTP/1.1" 200 232948
0:0:0:0:0:0:0:1 - - [07/Dec/2023:21:26:11 +0100] "GET /favicon.ico HTTP/1.1" 200 37
0:0:0:0:0:0:0:1 - - [07/Dec/2023:21:26:15 +0100] "GET /login HTTP/1.1" 200 3420
0:0:0:0:0:0:0:1 - - [07/Dec/2023:21:26:15 +0100] "GET /webjars/bootstrap/5.3.2/css/bootstrap.min.css HTTP/1.1" 200 232948
0:0:0:0:0:0:0:1 - - [07/Dec/2023:21:26:15 +0100] "GET /webjars/bootstrap/5.3.2/js/bootstrap.bundle.min.js HTTP/1.1" 200 80663
0:0:0:0:0:0:0:1 - - [07/Dec/2023:21:26:15 +0100] "GET /webjars/jquery/3.7.1/jquery.min.js HTTP/1.1" 200 87533
0:0:0:0:0:0:0:1 - - [07/Dec/2023:21:26:15 +0100] "GET /favicon.ico HTTP/1.1" 200 37
0:0:0:0:0:0:0:1 - - [07/Dec/2023:21:28:44 +0100] "POST /login HTTP/1.1" 302 -
0:0:0:0:0:0:0:1 - - [07/Dec/2023:21:28:44 +0100] "GET /welcome HTTP/1.1" 302 -
0:0:0:0:0:0:0:1 - - [07/Dec/2023:21:28:44 +0100] "GET /welcome/admin?lang=de HTTP/1.1" 200 7064
0:0:0:0:0:0:0:1 - - [07/Dec/2023:21:28:44 +0100] "GET /webjars/bootstrap/5.3.2/css/bootstrap.min.css HTTP/1.1" 200 232948
0:0:0:0:0:0:0:1 - - [07/Dec/2023:21:28:45 +0100] "GET /webjars/bootstrap/5.3.2/js/bootstrap.bundle.min.js HTTP/1.1" 200 80663
0:0:0:0:0:0:0:1 - - [07/Dec/2023:21:28:45 +0100] "GET /webjars/jquery/3.7.1/jquery.min.js HTTP/1.1" 200 87533
0:0:0:0:0:0:0:1 - - [07/Dec/2023:21:28:45 +0100] "GET /favicon.ico HTTP/1.1" 200 37
0:0:0:0:0:0:0:1 - - [07/Dec/2023:21:28:51 +0100] "GET /delete?id=2 HTTP/1.1" 405 1685
0:0:0:0:0:0:0:1 - - [07/Dec/2023:21:28:51 +0100] "GET /webjars/jquery/3.7.1/jquery.min.js HTTP/1.1" 200 87533
0:0:0:0:0:0:0:1 - - [07/Dec/2023:21:28:51 +0100] "GET /webjars/bootstrap/5.3.2/js/bootstrap.bundle.min.js HTTP/1.1" 200 80663
0:0:0:0:0:0:0:1 - - [07/Dec/2023:21:28:51 +0100] "GET /webjars/bootstrap/5.3.2/css/bootstrap.min.css HTTP/1.1" 200 232948
0:0:0:0:0:0:0:1 - - [07/Dec/2023:21:28:51 +0100] "GET /favicon.ico HTTP/1.1" 200 37
0:0:0:0:0:0:0:1 - - [07/Dec/2023:21:28:55 +0100] "GET /login HTTP/1.1" 200 3420
0:0:0:0:0:0:0:1 - - [07/Dec/2023:21:28:55 +0100] "GET /webjars/bootstrap/5.3.2/css/bootstrap.min.css HTTP/1.1" 200 232948
0:0:0:0:0:0:0:1 - - [07/Dec/2023:21:28:55 +0100] "GET /webjars/jquery/3.7.1/jquery.min.js HTTP/1.1" 200 87533
0:0:0:0:0:0:0:1 - - [07/Dec/2023:21:28:55 +0100] "GET /webjars/bootstrap/5.3.2/js/bootstrap.bundle.min.js HTTP/1.1" 200 80663
0:0:0:0:0:0:0:1 - - [07/Dec/2023:21:28:55 +0100] "GET /favicon.ico HTTP/1.1" 200 37
0:0:0:0:0:0:0:1 - - [07/Dec/2023:21:29:01 +0100] "POST /login HTTP/1.1" 302 -
0:0:0:0:0:0:0:1 - - [07/Dec/2023:21:29:01 +0100] "GET /welcome HTTP/1.1" 302 -
0:0:0:0:0:0:0:1 - - [07/Dec/2023:21:29:01 +0100] "GET /welcome/admin?lang=de HTTP/1.1" 200 7064
0:0:0:0:0:0:0:1 - - [07/Dec/2023:21:29:01 +0100] "GET /webjars/bootstrap/5.3.2/css/bootstrap.min.css HTTP/1.1" 200 232948
0:0:0:0:0:0:0:1 - - [07/Dec/2023:21:29:01 +0100] "GET /webjars/jquery/3.7.1/jquery.min.js HTTP/1.1" 200 87533
0:0:0:0:0:0:0:1 - - [07/Dec/2023:21:29:01 +0100] "GET /webjars/bootstrap/5.3.2/js/bootstrap.bundle.min.js HTTP/1.1" 200 80663
0:0:0:0:0:0:0:1 - - [07/Dec/2023:21:29:01 +0100] "GET /favicon.ico HTTP/1.1" 200 37
0:0:0:0:0:0:0:1 - - [07/Dec/2023:21:31:52 +0100] "GET /delete?id=2 HTTP/1.1" 405 1685
0:0:0:0:0:0:0:1 - - [07/Dec/2023:21:31:52 +0100] "GET /webjars/bootstrap/5.3.2/css/bootstrap.min.css HTTP/1.1" 200 232948
0:0:0:0:0:0:0:1 - - [07/Dec/2023:21:31:52 +0100] "GET /webjars/bootstrap/5.3.2/js/bootstrap.bundle.min.js HTTP/1.1" 200 80663
0:0:0:0:0:0:0:1 - - [07/Dec/2023:21:31:52 +0100] "GET /webjars/jquery/3.7.1/jquery.min.js HTTP/1.1" 200 87533
0:0:0:0:0:0:0:1 - - [07/Dec/2023:21:31:52 +0100] "GET /favicon.ico HTTP/1.1" 200 37
0:0:0:0:0:0:0:1 - - [07/Dec/2023:21:31:55 +0100] "GET /login HTTP/1.1" 200 3420
0:0:0:0:0:0:0:1 - - [07/Dec/2023:21:31:55 +0100] "GET /webjars/bootstrap/5.3.2/js/bootstrap.bundle.min.js HTTP/1.1" 200 80663
0:0:0:0:0:0:0:1 - - [07/Dec/2023:21:31:55 +0100] "GET /webjars/jquery/3.7.1/jquery.min.js HTTP/1.1" 200 87533
0:0:0:0:0:0:0:1 - - [07/Dec/2023:21:31:55 +0100] "GET /webjars/bootstrap/5.3.2/css/bootstrap.min.css HTTP/1.1" 200 232948
0:0:0:0:0:0:0:1 - - [07/Dec/2023:21:31:55 +0100] "GET /favicon.ico HTTP/1.1" 200 37
0:0:0:0:0:0:0:1 - - [07/Dec/2023:21:32:02 +0100] "POST /login HTTP/1.1" 302 -
0:0:0:0:0:0:0:1 - - [07/Dec/2023:21:32:02 +0100] "GET /welcome HTTP/1.1" 302 -
0:0:0:0:0:0:0:1 - - [07/Dec/2023:21:32:03 +0100] "GET /welcome/admin?lang=de HTTP/1.1" 200 7064
0:0:0:0:0:0:0:1 - - [07/Dec/2023:21:32:03 +0100] "GET /webjars/bootstrap/5.3.2/js/bootstrap.bundle.min.js HTTP/1.1" 200 80663
0:0:0:0:0:0:0:1 - - [07/Dec/2023:21:32:03 +0100] "GET /webjars/jquery/3.7.1/jquery.min.js HTTP/1.1" 200 87533
0:0:0:0:0:0:0:1 - - [07/Dec/2023:21:32:03 +0100] "GET /webjars/bootstrap/5.3.2/css/bootstrap.min.css HTTP/1.1" 200 232948
0:0:0:0:0:0:0:1 - - [07/Dec/2023:21:32:03 +0100] "GET /favicon.ico HTTP/1.1" 200 37
0:0:0:0:0:0:0:1 - - [07/Dec/2023:21:32:24 +0100] "GET /delete?id=2 HTTP/1.1" 405 1685
0:0:0:0:0:0:0:1 - - [07/Dec/2023:21:32:24 +0100] "GET /webjars/jquery/3.7.1/jquery.min.js HTTP/1.1" 200 87533
0:0:0:0:0:0:0:1 - - [07/Dec/2023:21:32:24 +0100] "GET /webjars/bootstrap/5.3.2/js/bootstrap.bundle.min.js HTTP/1.1" 200 80663
0:0:0:0:0:0:0:1 - - [07/Dec/2023:21:32:24 +0100] "GET /webjars/bootstrap/5.3.2/css/bootstrap.min.css HTTP/1.1" 200 232948
0:0:0:0:0:0:0:1 - - [07/Dec/2023:21:32:24 +0100] "GET /favicon.ico HTTP/1.1" 200 37
0:0:0:0:0:0:0:1 - - [07/Dec/2023:21:34:27 +0100] "GET /login HTTP/1.1" 200 3420
0:0:0:0:0:0:0:1 - - [07/Dec/2023:21:34:27 +0100] "GET /webjars/bootstrap/5.3.2/css/bootstrap.min.css HTTP/1.1" 200 232948
127.0.0.1 - - [07/Dec/2023:21:34:27 +0100] "GET /webjars/jquery/3.7.1/jquery.min.js HTTP/1.1" 200 87533
127.0.0.1 - - [07/Dec/2023:21:34:27 +0100] "GET /webjars/bootstrap/5.3.2/js/bootstrap.bundle.min.js HTTP/1.1" 200 80663
0:0:0:0:0:0:0:1 - - [07/Dec/2023:21:34:27 +0100] "GET /favicon.ico HTTP/1.1" 200 37
0:0:0:0:0:0:0:1 - - [07/Dec/2023:21:34:35 +0100] "POST /login HTTP/1.1" 302 -
0:0:0:0:0:0:0:1 - - [07/Dec/2023:21:34:35 +0100] "GET /welcome HTTP/1.1" 302 -
0:0:0:0:0:0:0:1 - - [07/Dec/2023:21:34:36 +0100] "GET /welcome/admin?lang=de HTTP/1.1" 200 7072
127.0.0.1 - - [07/Dec/2023:21:34:36 +0100] "GET /webjars/bootstrap/5.3.2/js/bootstrap.bundle.min.js HTTP/1.1" 200 80663
127.0.0.1 - - [07/Dec/2023:21:34:36 +0100] "GET /webjars/jquery/3.7.1/jquery.min.js HTTP/1.1" 200 87533
0:0:0:0:0:0:0:1 - - [07/Dec/2023:21:34:36 +0100] "GET /webjars/bootstrap/5.3.2/css/bootstrap.min.css HTTP/1.1" 200 232948
0:0:0:0:0:0:0:1 - - [07/Dec/2023:21:34:36 +0100] "GET /favicon.ico HTTP/1.1" 200 37
0:0:0:0:0:0:0:1 - - [07/Dec/2023:21:36:03 +0100] "GET /welcome/admin?lang=de HTTP/1.1" 200 7072
0:0:0:0:0:0:0:1 - - [07/Dec/2023:21:36:03 +0100] "GET /webjars/bootstrap/5.3.2/css/bootstrap.min.css HTTP/1.1" 200 232948
0:0:0:0:0:0:0:1 - - [07/Dec/2023:21:36:03 +0100] "GET /webjars/bootstrap/5.3.2/js/bootstrap.bundle.min.js HTTP/1.1" 200 80663
0:0:0:0:0:0:0:1 - - [07/Dec/2023:21:36:03 +0100] "GET /webjars/jquery/3.7.1/jquery.min.js HTTP/1.1" 200 87533
0:0:0:0:0:0:0:1 - - [07/Dec/2023:21:36:03 +0100] "GET /favicon.ico HTTP/1.1" 200 37
0:0:0:0:0:0:0:1 - - [07/Dec/2023:21:36:05 +0100] "GET /welcome/admin?lang=de HTTP/1.1" 200 7072
0:0:0:0:0:0:0:1 - - [07/Dec/2023:21:36:05 +0100] "GET /webjars/bootstrap/5.3.2/js/bootstrap.bundle.min.js HTTP/1.1" 200 80663
0:0:0:0:0:0:0:1 - - [07/Dec/2023:21:36:05 +0100] "GET /webjars/bootstrap/5.3.2/css/bootstrap.min.css HTTP/1.1" 200 232948
0:0:0:0:0:0:0:1 - - [07/Dec/2023:21:36:05 +0100] "GET /webjars/jquery/3.7.1/jquery.min.js HTTP/1.1" 200 87533
0:0:0:0:0:0:0:1 - - [07/Dec/2023:21:36:05 +0100] "GET /favicon.ico HTTP/1.1" 200 37
0:0:0:0:0:0:0:1 - - [07/Dec/2023:21:36:08 +0100] "GET /deleteuser?id=2 HTTP/1.1" 405 1685
0:0:0:0:0:0:0:1 - - [07/Dec/2023:21:36:08 +0100] "GET /webjars/bootstrap/5.3.2/js/bootstrap.bundle.min.js HTTP/1.1" 200 80663
0:0:0:0:0:0:0:1 - - [07/Dec/2023:21:36:08 +0100] "GET /webjars/jquery/3.7.1/jquery.min.js HTTP/1.1" 200 87533
0:0:0:0:0:0:0:1 - - [07/Dec/2023:21:36:08 +0100] "GET /webjars/bootstrap/5.3.2/css/bootstrap.min.css HTTP/1.1" 200 232948
0:0:0:0:0:0:0:1 - - [07/Dec/2023:21:36:08 +0100] "GET /favicon.ico HTTP/1.1" 200 37
0:0:0:0:0:0:0:1 - - [07/Dec/2023:21:36:12 +0100] "GET /login HTTP/1.1" 200 3420
0:0:0:0:0:0:0:1 - - [07/Dec/2023:21:36:12 +0100] "GET /webjars/bootstrap/5.3.2/js/bootstrap.bundle.min.js HTTP/1.1" 200 80663
0:0:0:0:0:0:0:1 - - [07/Dec/2023:21:36:12 +0100] "GET /webjars/bootstrap/5.3.2/css/bootstrap.min.css HTTP/1.1" 200 232948
0:0:0:0:0:0:0:1 - - [07/Dec/2023:21:36:12 +0100] "GET /webjars/jquery/3.7.1/jquery.min.js HTTP/1.1" 200 87533
0:0:0:0:0:0:0:1 - - [07/Dec/2023:21:36:12 +0100] "GET /favicon.ico HTTP/1.1" 200 37
0:0:0:0:0:0:0:1 - - [07/Dec/2023:21:38:22 +0100] "POST /login HTTP/1.1" 302 -
0:0:0:0:0:0:0:1 - - [07/Dec/2023:21:38:22 +0100] "GET /welcome HTTP/1.1" 302 -
0:0:0:0:0:0:0:1 - - [07/Dec/2023:21:38:23 +0100] "GET /welcome/admin?lang=de HTTP/1.1" 200 7072
0:0:0:0:0:0:0:1 - - [07/Dec/2023:21:38:23 +0100] "GET /webjars/bootstrap/5.3.2/js/bootstrap.bundle.min.js HTTP/1.1" 200 80663
0:0:0:0:0:0:0:1 - - [07/Dec/2023:21:38:23 +0100] "GET /webjars/jquery/3.7.1/jquery.min.js HTTP/1.1" 200 87533
0:0:0:0:0:0:0:1 - - [07/Dec/2023:21:38:23 +0100] "GET /webjars/bootstrap/5.3.2/css/bootstrap.min.css HTTP/1.1" 200 232948
0:0:0:0:0:0:0:1 - - [07/Dec/2023:21:38:23 +0100] "GET /favicon.ico HTTP/1.1" 200 37
0:0:0:0:0:0:0:1 - - [07/Dec/2023:21:38:29 +0100] "GET /deleteuser?id=2 HTTP/1.1" 302 -
0:0:0:0:0:0:0:1 - - [07/Dec/2023:21:38:29 +0100] "GET /welcome/admin?lang=de HTTP/1.1" 200 6229
0:0:0:0:0:0:0:1 - - [07/Dec/2023:21:38:29 +0100] "GET /webjars/bootstrap/5.3.2/css/bootstrap.min.css HTTP/1.1" 200 232948
0:0:0:0:0:0:0:1 - - [07/Dec/2023:21:38:29 +0100] "GET /webjars/bootstrap/5.3.2/js/bootstrap.bundle.min.js HTTP/1.1" 200 80663
0:0:0:0:0:0:0:1 - - [07/Dec/2023:21:38:29 +0100] "GET /webjars/jquery/3.7.1/jquery.min.js HTTP/1.1" 200 87533
0:0:0:0:0:0:0:1 - - [07/Dec/2023:21:38:30 +0100] "GET /favicon.ico HTTP/1.1" 200 37
0:0:0:0:0:0:0:1 - - [07/Dec/2023:21:39:01 +0100] "GET /logout HTTP/1.1" 302 -
0:0:0:0:0:0:0:1 - - [07/Dec/2023:21:39:01 +0100] "GET /login?logout HTTP/1.1" 200 3532
0:0:0:0:0:0:0:1 - - [07/Dec/2023:21:39:01 +0100] "GET /webjars/bootstrap/5.3.2/js/bootstrap.bundle.min.js HTTP/1.1" 200 80663
0:0:0:0:0:0:0:1 - - [07/Dec/2023:21:39:01 +0100] "GET /webjars/jquery/3.7.1/jquery.min.js HTTP/1.1" 200 87533
0:0:0:0:0:0:0:1 - - [07/Dec/2023:21:39:01 +0100] "GET /webjars/bootstrap/5.3.2/css/bootstrap.min.css HTTP/1.1" 200 232948
0:0:0:0:0:0:0:1 - - [07/Dec/2023:21:39:01 +0100] "GET /favicon.ico HTTP/1.1" 200 37
0:0:0:0:0:0:0:1 - - [07/Dec/2023:21:46:25 +0100] "GET /login/register HTTP/1.1" 200 3832
0:0:0:0:0:0:0:1 - - [07/Dec/2023:21:46:25 +0100] "GET /webjars/bootstrap/5.3.2/js/bootstrap.bundle.min.js HTTP/1.1" 200 80663
0:0:0:0:0:0:0:1 - - [07/Dec/2023:21:46:25 +0100] "GET /webjars/jquery/3.7.1/jquery.min.js HTTP/1.1" 200 87533
0:0:0:0:0:0:0:1 - - [07/Dec/2023:21:46:25 +0100] "GET /webjars/bootstrap/5.3.2/css/bootstrap.min.css HTTP/1.1" 200 232948
0:0:0:0:0:0:0:1 - - [07/Dec/2023:21:46:25 +0100] "GET /favicon.ico HTTP/1.1" 200 37
0:0:0:0:0:0:0:1 - - [07/Dec/2023:21:46:39 +0100] "POST /login/register/save HTTP/1.1" 302 -
0:0:0:0:0:0:0:1 - - [07/Dec/2023:21:46:39 +0100] "GET /login HTTP/1.1" 200 3420
0:0:0:0:0:0:0:1 - - [07/Dec/2023:21:46:39 +0100] "GET /webjars/jquery/3.7.1/jquery.min.js HTTP/1.1" 200 87533
0:0:0:0:0:0:0:1 - - [07/Dec/2023:21:46:39 +0100] "GET /webjars/bootstrap/5.3.2/css/bootstrap.min.css HTTP/1.1" 200 232948
0:0:0:0:0:0:0:1 - - [07/Dec/2023:21:46:39 +0100] "GET /webjars/bootstrap/5.3.2/js/bootstrap.bundle.min.js HTTP/1.1" 200 80663
0:0:0:0:0:0:0:1 - - [07/Dec/2023:21:46:39 +0100] "GET /favicon.ico HTTP/1.1" 200 37
0:0:0:0:0:0:0:1 - - [07/Dec/2023:21:46:45 +0100] "GET /login/register HTTP/1.1" 200 3832
0:0:0:0:0:0:0:1 - - [07/Dec/2023:21:46:45 +0100] "GET /webjars/jquery/3.7.1/jquery.min.js HTTP/1.1" 200 87533
0:0:0:0:0:0:0:1 - - [07/Dec/2023:21:46:45 +0100] "GET /webjars/bootstrap/5.3.2/js/bootstrap.bundle.min.js HTTP/1.1" 200 80663
0:0:0:0:0:0:0:1 - - [07/Dec/2023:21:46:45 +0100] "GET /webjars/bootstrap/5.3.2/css/bootstrap.min.css HTTP/1.1" 200 232948
0:0:0:0:0:0:0:1 - - [07/Dec/2023:21:46:45 +0100] "GET /favicon.ico HTTP/1.1" 200 37
0:0:0:0:0:0:0:1 - - [07/Dec/2023:21:46:47 +0100] "GET /login HTTP/1.1" 200 3420
0:0:0:0:0:0:0:1 - - [07/Dec/2023:21:46:47 +0100] "GET /webjars/jquery/3.7.1/jquery.min.js HTTP/1.1" 200 87533
0:0:0:0:0:0:0:1 - - [07/Dec/2023:21:46:47 +0100] "GET /webjars/bootstrap/5.3.2/css/bootstrap.min.css HTTP/1.1" 200 232948
0:0:0:0:0:0:0:1 - - [07/Dec/2023:21:46:47 +0100] "GET /webjars/bootstrap/5.3.2/js/bootstrap.bundle.min.js HTTP/1.1" 200 80663
0:0:0:0:0:0:0:1 - - [07/Dec/2023:21:46:47 +0100] "GET /favicon.ico HTTP/1.1" 200 37
0:0:0:0:0:0:0:1 - - [07/Dec/2023:21:46:55 +0100] "POST /login HTTP/1.1" 302 -
0:0:0:0:0:0:0:1 - - [07/Dec/2023:21:46:55 +0100] "GET /error HTTP/1.1" 403 -
0:0:0:0:0:0:0:1 - - [07/Dec/2023:21:46:56 +0100] "GET /error HTTP/1.1" 403 -
0:0:0:0:0:0:0:1 - - [07/Dec/2023:21:50:20 +0100] "GET / HTTP/1.1" 302 -
0:0:0:0:0:0:0:1 - - [07/Dec/2023:21:50:20 +0100] "GET /welcome/user?lang=de HTTP/1.1" 200 2429
0:0:0:0:0:0:0:1 - - [07/Dec/2023:21:50:20 +0100] "GET /webjars/bootstrap/5.3.2/js/bootstrap.bundle.min.js HTTP/1.1" 200 80663
0:0:0:0:0:0:0:1 - - [07/Dec/2023:21:50:20 +0100] "GET /webjars/bootstrap/5.3.2/css/bootstrap.min.css HTTP/1.1" 200 232948
0:0:0:0:0:0:0:1 - - [07/Dec/2023:21:50:20 +0100] "GET /webjars/jquery/3.7.1/jquery.min.js HTTP/1.1" 200 87533
0:0:0:0:0:0:0:1 - - [07/Dec/2023:21:50:20 +0100] "GET /favicon.ico HTTP/1.1" 200 37
0:0:0:0:0:0:0:1 - - [07/Dec/2023:21:50:24 +0100] "GET /logout HTTP/1.1" 302 -
0:0:0:0:0:0:0:1 - - [07/Dec/2023:21:50:24 +0100] "GET /login?logout HTTP/1.1" 200 3532
0:0:0:0:0:0:0:1 - - [07/Dec/2023:21:50:24 +0100] "GET /webjars/jquery/3.7.1/jquery.min.js HTTP/1.1" 200 87533
0:0:0:0:0:0:0:1 - - [07/Dec/2023:21:50:24 +0100] "GET /webjars/bootstrap/5.3.2/js/bootstrap.bundle.min.js HTTP/1.1" 200 80663
0:0:0:0:0:0:0:1 - - [07/Dec/2023:21:50:24 +0100] "GET /webjars/bootstrap/5.3.2/css/bootstrap.min.css HTTP/1.1" 200 232948
0:0:0:0:0:0:0:1 - - [07/Dec/2023:21:50:24 +0100] "GET /favicon.ico HTTP/1.1" 200 37
0:0:0:0:0:0:0:1 - - [07/Dec/2023:21:50:30 +0100] "POST /login HTTP/1.1" 302 -
0:0:0:0:0:0:0:1 - - [07/Dec/2023:21:50:30 +0100] "GET /welcome HTTP/1.1" 302 -
0:0:0:0:0:0:0:1 - - [07/Dec/2023:21:50:30 +0100] "GET /welcome/admin?lang=de HTTP/1.1" 200 7072
0:0:0:0:0:0:0:1 - - [07/Dec/2023:21:50:30 +0100] "GET /webjars/jquery/3.7.1/jquery.min.js HTTP/1.1" 200 87533
0:0:0:0:0:0:0:1 - - [07/Dec/2023:21:50:30 +0100] "GET /webjars/bootstrap/5.3.2/css/bootstrap.min.css HTTP/1.1" 200 232948
0:0:0:0:0:0:0:1 - - [07/Dec/2023:21:50:30 +0100] "GET /webjars/bootstrap/5.3.2/js/bootstrap.bundle.min.js HTTP/1.1" 200 80663
0:0:0:0:0:0:0:1 - - [07/Dec/2023:21:50:30 +0100] "GET /favicon.ico HTTP/1.1" 200 37
0:0:0:0:0:0:0:1 - - [07/Dec/2023:21:50:49 +0100] "GET /deleteuser?id=2 HTTP/1.1" 302 -
0:0:0:0:0:0:0:1 - - [07/Dec/2023:21:50:49 +0100] "GET /welcome/admin?lang=de HTTP/1.1" 200 6229
0:0:0:0:0:0:0:1 - - [07/Dec/2023:21:50:49 +0100] "GET /webjars/bootstrap/5.3.2/js/bootstrap.bundle.min.js HTTP/1.1" 200 80663
0:0:0:0:0:0:0:1 - - [07/Dec/2023:21:50:49 +0100] "GET /webjars/bootstrap/5.3.2/css/bootstrap.min.css HTTP/1.1" 200 232948
0:0:0:0:0:0:0:1 - - [07/Dec/2023:21:50:49 +0100] "GET /webjars/jquery/3.7.1/jquery.min.js HTTP/1.1" 200 87533
0:0:0:0:0:0:0:1 - - [07/Dec/2023:21:50:49 +0100] "GET /favicon.ico HTTP/1.1" 200 37
0:0:0:0:0:0:0:1 - - [07/Dec/2023:21:52:31 +0100] "GET /welcome/admin?lang=de HTTP/1.1" 302 -
0:0:0:0:0:0:0:1 - - [07/Dec/2023:21:52:31 +0100] "GET /login HTTP/1.1" 200 3420
0:0:0:0:0:0:0:1 - - [07/Dec/2023:21:52:31 +0100] "GET /webjars/bootstrap/5.3.2/js/bootstrap.bundle.min.js HTTP/1.1" 200 80663
0:0:0:0:0:0:0:1 - - [07/Dec/2023:21:52:31 +0100] "GET /webjars/jquery/3.7.1/jquery.min.js HTTP/1.1" 200 87533
0:0:0:0:0:0:0:1 - - [07/Dec/2023:21:52:31 +0100] "GET /webjars/bootstrap/5.3.2/css/bootstrap.min.css HTTP/1.1" 200 232948
0:0:0:0:0:0:0:1 - - [07/Dec/2023:21:52:31 +0100] "GET /favicon.ico HTTP/1.1" 200 37
0:0:0:0:0:0:0:1 - - [07/Dec/2023:21:52:44 +0100] "POST /login HTTP/1.1" 302 -
0:0:0:0:0:0:0:1 - - [07/Dec/2023:21:52:44 +0100] "GET /welcome/admin?lang=de HTTP/1.1" 200 6074
0:0:0:0:0:0:0:1 - - [07/Dec/2023:21:52:44 +0100] "GET /webjars/jquery/3.7.1/jquery.min.js HTTP/1.1" 200 87533
0:0:0:0:0:0:0:1 - - [07/Dec/2023:21:52:44 +0100] "GET /webjars/bootstrap/5.3.2/css/bootstrap.min.css HTTP/1.1" 200 232948
0:0:0:0:0:0:0:1 - - [07/Dec/2023:21:52:44 +0100] "GET /webjars/bootstrap/5.3.2/js/bootstrap.bundle.min.js HTTP/1.1" 200 80663
0:0:0:0:0:0:0:1 - - [07/Dec/2023:21:52:44 +0100] "GET /favicon.ico HTTP/1.1" 200 37
0:0:0:0:0:0:0:1 - - [07/Dec/2023:21:52:51 +0100] "GET /logout HTTP/1.1" 302 -
0:0:0:0:0:0:0:1 - - [07/Dec/2023:21:52:51 +0100] "GET /login?logout HTTP/1.1" 200 3532
0:0:0:0:0:0:0:1 - - [07/Dec/2023:21:52:51 +0100] "GET /webjars/bootstrap/5.3.2/js/bootstrap.bundle.min.js HTTP/1.1" 200 80663
0:0:0:0:0:0:0:1 - - [07/Dec/2023:21:52:51 +0100] "GET /webjars/jquery/3.7.1/jquery.min.js HTTP/1.1" 200 87533
0:0:0:0:0:0:0:1 - - [07/Dec/2023:21:52:51 +0100] "GET /webjars/bootstrap/5.3.2/css/bootstrap.min.css HTTP/1.1" 200 232948
0:0:0:0:0:0:0:1 - - [07/Dec/2023:21:52:51 +0100] "GET /favicon.ico HTTP/1.1" 200 37
0:0:0:0:0:0:0:1 - - [07/Dec/2023:21:53:03 +0100] "GET /login/register HTTP/1.1" 200 3832
0:0:0:0:0:0:0:1 - - [07/Dec/2023:21:53:03 +0100] "GET /webjars/jquery/3.7.1/jquery.min.js HTTP/1.1" 200 87533
0:0:0:0:0:0:0:1 - - [07/Dec/2023:21:53:03 +0100] "GET /webjars/bootstrap/5.3.2/js/bootstrap.bundle.min.js HTTP/1.1" 200 80663
0:0:0:0:0:0:0:1 - - [07/Dec/2023:21:53:03 +0100] "GET /webjars/bootstrap/5.3.2/css/bootstrap.min.css HTTP/1.1" 200 232948
0:0:0:0:0:0:0:1 - - [07/Dec/2023:21:53:03 +0100] "GET /favicon.ico HTTP/1.1" 200 37
0:0:0:0:0:0:0:1 - - [07/Dec/2023:21:53:21 +0100] "POST /login/register/save HTTP/1.1" 302 -
0:0:0:0:0:0:0:1 - - [07/Dec/2023:21:53:21 +0100] "GET /login/register?success HTTP/1.1" 200 3958
0:0:0:0:0:0:0:1 - - [07/Dec/2023:21:53:21 +0100] "GET /webjars/jquery/3.7.1/jquery.min.js HTTP/1.1" 200 87533
0:0:0:0:0:0:0:1 - - [07/Dec/2023:21:53:21 +0100] "GET /webjars/bootstrap/5.3.2/js/bootstrap.bundle.min.js HTTP/1.1" 200 80663
0:0:0:0:0:0:0:1 - - [07/Dec/2023:21:53:21 +0100] "GET /webjars/bootstrap/5.3.2/css/bootstrap.min.css HTTP/1.1" 200 232948
0:0:0:0:0:0:0:1 - - [07/Dec/2023:21:53:22 +0100] "GET /favicon.ico HTTP/1.1" 200 37
0:0:0:0:0:0:0:1 - - [07/Dec/2023:21:53:31 +0100] "GET /login HTTP/1.1" 200 3420
0:0:0:0:0:0:0:1 - - [07/Dec/2023:21:53:31 +0100] "GET /webjars/jquery/3.7.1/jquery.min.js HTTP/1.1" 200 87533
0:0:0:0:0:0:0:1 - - [07/Dec/2023:21:53:31 +0100] "GET /webjars/bootstrap/5.3.2/js/bootstrap.bundle.min.js HTTP/1.1" 200 80663
0:0:0:0:0:0:0:1 - - [07/Dec/2023:21:53:31 +0100] "GET /webjars/bootstrap/5.3.2/css/bootstrap.min.css HTTP/1.1" 200 232948
0:0:0:0:0:0:0:1 - - [07/Dec/2023:21:53:31 +0100] "GET /favicon.ico HTTP/1.1" 200 37
0:0:0:0:0:0:0:1 - - [07/Dec/2023:21:53:44 +0100] "POST /login HTTP/1.1" 302 -
0:0:0:0:0:0:0:1 - - [07/Dec/2023:21:53:44 +0100] "GET /welcome HTTP/1.1" 302 -
0:0:0:0:0:0:0:1 - - [07/Dec/2023:21:53:44 +0100] "GET /welcome/user?lang=de HTTP/1.1" 200 2429
0:0:0:0:0:0:0:1 - - [07/Dec/2023:21:53:44 +0100] "GET /webjars/jquery/3.7.1/jquery.min.js HTTP/1.1" 200 87533
0:0:0:0:0:0:0:1 - - [07/Dec/2023:21:53:44 +0100] "GET /webjars/bootstrap/5.3.2/js/bootstrap.bundle.min.js HTTP/1.1" 200 80663
0:0:0:0:0:0:0:1 - - [07/Dec/2023:21:53:44 +0100] "GET /webjars/bootstrap/5.3.2/css/bootstrap.min.css HTTP/1.1" 200 232948
0:0:0:0:0:0:0:1 - - [07/Dec/2023:21:53:45 +0100] "GET /favicon.ico HTTP/1.1" 200 37
0:0:0:0:0:0:0:1 - - [07/Dec/2023:21:53:50 +0100] "GET /logout HTTP/1.1" 302 -
0:0:0:0:0:0:0:1 - - [07/Dec/2023:21:53:50 +0100] "GET /login?logout HTTP/1.1" 200 3532
0:0:0:0:0:0:0:1 - - [07/Dec/2023:21:53:50 +0100] "GET /webjars/bootstrap/5.3.2/js/bootstrap.bundle.min.js HTTP/1.1" 200 80663
0:0:0:0:0:0:0:1 - - [07/Dec/2023:21:53:50 +0100] "GET /webjars/jquery/3.7.1/jquery.min.js HTTP/1.1" 200 87533
0:0:0:0:0:0:0:1 - - [07/Dec/2023:21:53:50 +0100] "GET /webjars/bootstrap/5.3.2/css/bootstrap.min.css HTTP/1.1" 200 232948
0:0:0:0:0:0:0:1 - - [07/Dec/2023:21:53:50 +0100] "GET /favicon.ico HTTP/1.1" 200 37
0:0:0:0:0:0:0:1 - - [07/Dec/2023:21:53:55 +0100] "POST /login HTTP/1.1" 302 -
0:0:0:0:0:0:0:1 - - [07/Dec/2023:21:53:55 +0100] "GET /welcome HTTP/1.1" 302 -
0:0:0:0:0:0:0:1 - - [07/Dec/2023:21:53:56 +0100] "GET /welcome/admin?lang=de HTTP/1.1" 200 7072
0:0:0:0:0:0:0:1 - - [07/Dec/2023:21:53:56 +0100] "GET /webjars/bootstrap/5.3.2/js/bootstrap.bundle.min.js HTTP/1.1" 200 80663
0:0:0:0:0:0:0:1 - - [07/Dec/2023:21:53:56 +0100] "GET /webjars/jquery/3.7.1/jquery.min.js HTTP/1.1" 200 87533
0:0:0:0:0:0:0:1 - - [07/Dec/2023:21:53:56 +0100] "GET /webjars/bootstrap/5.3.2/css/bootstrap.min.css HTTP/1.1" 200 232948
0:0:0:0:0:0:0:1 - - [07/Dec/2023:21:53:56 +0100] "GET /favicon.ico HTTP/1.1" 200 37
0:0:0:0:0:0:0:1 - - [07/Dec/2023:21:55:51 +0100] "GET /deleteuser?id=2 HTTP/1.1" 302 -
0:0:0:0:0:0:0:1 - - [07/Dec/2023:21:55:51 +0100] "GET /welcome/admin?lang=de HTTP/1.1" 200 6229
0:0:0:0:0:0:0:1 - - [07/Dec/2023:21:55:51 +0100] "GET /webjars/jquery/3.7.1/jquery.min.js HTTP/1.1" 200 87533
0:0:0:0:0:0:0:1 - - [07/Dec/2023:21:55:51 +0100] "GET /webjars/bootstrap/5.3.2/css/bootstrap.min.css HTTP/1.1" 200 232948
0:0:0:0:0:0:0:1 - - [07/Dec/2023:21:55:51 +0100] "GET /webjars/bootstrap/5.3.2/js/bootstrap.bundle.min.js HTTP/1.1" 200 80663
0:0:0:0:0:0:0:1 - - [07/Dec/2023:21:55:51 +0100] "GET /favicon.ico HTTP/1.1" 200 37
0:0:0:0:0:0:0:1 - - [07/Dec/2023:22:00:26 +0100] "GET /logout HTTP/1.1" 302 -
0:0:0:0:0:0:0:1 - - [07/Dec/2023:22:00:26 +0100] "GET /login?logout HTTP/1.1" 200 3532
0:0:0:0:0:0:0:1 - - [07/Dec/2023:22:00:26 +0100] "GET /webjars/bootstrap/5.3.2/js/bootstrap.bundle.min.js HTTP/1.1" 200 80663
0:0:0:0:0:0:0:1 - - [07/Dec/2023:22:00:26 +0100] "GET /webjars/jquery/3.7.1/jquery.min.js HTTP/1.1" 200 87533
0:0:0:0:0:0:0:1 - - [07/Dec/2023:22:00:26 +0100] "GET /webjars/bootstrap/5.3.2/css/bootstrap.min.css HTTP/1.1" 200 232948
0:0:0:0:0:0:0:1 - - [07/Dec/2023:22:00:27 +0100] "GET /favicon.ico HTTP/1.1" 200 37
0:0:0:0:0:0:0:1 - - [07/Dec/2023:22:00:34 +0100] "GET /login/register HTTP/1.1" 200 3832
0:0:0:0:0:0:0:1 - - [07/Dec/2023:22:00:34 +0100] "GET /webjars/bootstrap/5.3.2/js/bootstrap.bundle.min.js HTTP/1.1" 200 80663
0:0:0:0:0:0:0:1 - - [07/Dec/2023:22:00:34 +0100] "GET /webjars/jquery/3.7.1/jquery.min.js HTTP/1.1" 200 87533
0:0:0:0:0:0:0:1 - - [07/Dec/2023:22:00:34 +0100] "GET /webjars/bootstrap/5.3.2/css/bootstrap.min.css HTTP/1.1" 200 232948
0:0:0:0:0:0:0:1 - - [07/Dec/2023:22:00:34 +0100] "GET /favicon.ico HTTP/1.1" 200 37
0:0:0:0:0:0:0:1 - - [07/Dec/2023:22:00:48 +0100] "POST /login/register/save HTTP/1.1" 302 -
0:0:0:0:0:0:0:1 - - [07/Dec/2023:22:00:48 +0100] "GET /login/register?success HTTP/1.1" 200 3958
0:0:0:0:0:0:0:1 - - [07/Dec/2023:22:00:48 +0100] "GET /webjars/bootstrap/5.3.2/js/bootstrap.bundle.min.js HTTP/1.1" 200 80663
0:0:0:0:0:0:0:1 - - [07/Dec/2023:22:00:48 +0100] "GET /webjars/jquery/3.7.1/jquery.min.js HTTP/1.1" 200 87533
0:0:0:0:0:0:0:1 - - [07/Dec/2023:22:00:48 +0100] "GET /webjars/bootstrap/5.3.2/css/bootstrap.min.css HTTP/1.1" 200 232948
0:0:0:0:0:0:0:1 - - [07/Dec/2023:22:00:48 +0100] "GET /favicon.ico HTTP/1.1" 200 37
0:0:0:0:0:0:0:1 - - [07/Dec/2023:22:00:56 +0100] "GET /login HTTP/1.1" 200 3420
0:0:0:0:0:0:0:1 - - [07/Dec/2023:22:00:56 +0100] "GET /webjars/jquery/3.7.1/jquery.min.js HTTP/1.1" 200 87533
0:0:0:0:0:0:0:1 - - [07/Dec/2023:22:00:56 +0100] "GET /webjars/bootstrap/5.3.2/js/bootstrap.bundle.min.js HTTP/1.1" 200 80663
0:0:0:0:0:0:0:1 - - [07/Dec/2023:22:00:56 +0100] "GET /webjars/bootstrap/5.3.2/css/bootstrap.min.css HTTP/1.1" 200 232948
0:0:0:0:0:0:0:1 - - [07/Dec/2023:22:00:56 +0100] "GET /favicon.ico HTTP/1.1" 200 37
0:0:0:0:0:0:0:1 - - [07/Dec/2023:22:01:07 +0100] "POST /login HTTP/1.1" 302 -
0:0:0:0:0:0:0:1 - - [07/Dec/2023:22:01:07 +0100] "GET /welcome HTTP/1.1" 302 -
0:0:0:0:0:0:0:1 - - [07/Dec/2023:22:01:07 +0100] "GET /welcome/user?lang=de HTTP/1.1" 200 2429
0:0:0:0:0:0:0:1 - - [07/Dec/2023:22:01:07 +0100] "GET /webjars/bootstrap/5.3.2/js/bootstrap.bundle.min.js HTTP/1.1" 200 80663
0:0:0:0:0:0:0:1 - - [07/Dec/2023:22:01:07 +0100] "GET /webjars/bootstrap/5.3.2/css/bootstrap.min.css HTTP/1.1" 200 232948
0:0:0:0:0:0:0:1 - - [07/Dec/2023:22:01:07 +0100] "GET /webjars/jquery/3.7.1/jquery.min.js HTTP/1.1" 200 87533
0:0:0:0:0:0:0:1 - - [07/Dec/2023:22:01:08 +0100] "GET /favicon.ico HTTP/1.1" 200 37
0:0:0:0:0:0:0:1 - - [07/Dec/2023:22:01:11 +0100] "GET /logout HTTP/1.1" 302 -
0:0:0:0:0:0:0:1 - - [07/Dec/2023:22:01:11 +0100] "GET /login?logout HTTP/1.1" 200 3532
0:0:0:0:0:0:0:1 - - [07/Dec/2023:22:01:11 +0100] "GET /webjars/bootstrap/5.3.2/js/bootstrap.bundle.min.js HTTP/1.1" 200 80663
0:0:0:0:0:0:0:1 - - [07/Dec/2023:22:01:11 +0100] "GET /webjars/jquery/3.7.1/jquery.min.js HTTP/1.1" 200 87533
0:0:0:0:0:0:0:1 - - [07/Dec/2023:22:01:11 +0100] "GET /webjars/bootstrap/5.3.2/css/bootstrap.min.css HTTP/1.1" 200 232948
0:0:0:0:0:0:0:1 - - [07/Dec/2023:22:01:11 +0100] "GET /favicon.ico HTTP/1.1" 200 37
0:0:0:0:0:0:0:1 - - [07/Dec/2023:22:02:00 +0100] "POST /login HTTP/1.1" 302 -
0:0:0:0:0:0:0:1 - - [07/Dec/2023:22:02:00 +0100] "GET /welcome HTTP/1.1" 302 -
0:0:0:0:0:0:0:1 - - [07/Dec/2023:22:02:00 +0100] "GET /welcome/admin?lang=de HTTP/1.1" 200 7072
0:0:0:0:0:0:0:1 - - [07/Dec/2023:22:02:00 +0100] "GET /webjars/bootstrap/5.3.2/js/bootstrap.bundle.min.js HTTP/1.1" 200 80663
0:0:0:0:0:0:0:1 - - [07/Dec/2023:22:02:00 +0100] "GET /webjars/jquery/3.7.1/jquery.min.js HTTP/1.1" 200 87533
0:0:0:0:0:0:0:1 - - [07/Dec/2023:22:02:00 +0100] "GET /webjars/bootstrap/5.3.2/css/bootstrap.min.css HTTP/1.1" 200 232948
0:0:0:0:0:0:0:1 - - [07/Dec/2023:22:02:00 +0100] "GET /favicon.ico HTTP/1.1" 200 37
0:0:0:0:0:0:0:1 - - [07/Dec/2023:22:02:37 +0100] "GET /welcome/admin?lang=de HTTP/1.1" 200 7072
0:0:0:0:0:0:0:1 - - [07/Dec/2023:22:02:37 +0100] "GET /favicon.ico HTTP/1.1" 200 37
0:0:0:0:0:0:0:1 - - [07/Dec/2023:22:05:59 +0100] "GET /welcome/admin?lang=de HTTP/1.1" 200 7072
0:0:0:0:0:0:0:1 - - [07/Dec/2023:22:05:59 +0100] "GET /webjars/bootstrap/5.3.2/js/bootstrap.bundle.min.js HTTP/1.1" 200 80663
0:0:0:0:0:0:0:1 - - [07/Dec/2023:22:05:59 +0100] "GET /webjars/bootstrap/5.3.2/css/bootstrap.min.css HTTP/1.1" 200 232948
0:0:0:0:0:0:0:1 - - [07/Dec/2023:22:05:59 +0100] "GET /webjars/jquery/3.7.1/jquery.min.js HTTP/1.1" 200 87533
0:0:0:0:0:0:0:1 - - [07/Dec/2023:22:05:59 +0100] "GET /favicon.ico HTTP/1.1" 200 37
0:0:0:0:0:0:0:1 - - [07/Dec/2023:22:06:07 +0100] "GET /deleteuser?id=3 HTTP/1.1" 500 1660
0:0:0:0:0:0:0:1 - - [07/Dec/2023:22:06:07 +0100] "GET /webjars/bootstrap/5.3.2/js/bootstrap.bundle.min.js HTTP/1.1" 200 80663
0:0:0:0:0:0:0:1 - - [07/Dec/2023:22:06:07 +0100] "GET /webjars/jquery/3.7.1/jquery.min.js HTTP/1.1" 200 87533
0:0:0:0:0:0:0:1 - - [07/Dec/2023:22:06:07 +0100] "GET /webjars/bootstrap/5.3.2/css/bootstrap.min.css HTTP/1.1" 200 232948
0:0:0:0:0:0:0:1 - - [07/Dec/2023:22:06:07 +0100] "GET /favicon.ico HTTP/1.1" 200 37
0:0:0:0:0:0:0:1 - - [07/Dec/2023:22:06:11 +0100] "GET /login HTTP/1.1" 200 3420
0:0:0:0:0:0:0:1 - - [07/Dec/2023:22:06:11 +0100] "GET /webjars/jquery/3.7.1/jquery.min.js HTTP/1.1" 200 87533
0:0:0:0:0:0:0:1 - - [07/Dec/2023:22:06:11 +0100] "GET /webjars/bootstrap/5.3.2/js/bootstrap.bundle.min.js HTTP/1.1" 200 80663
0:0:0:0:0:0:0:1 - - [07/Dec/2023:22:06:11 +0100] "GET /webjars/bootstrap/5.3.2/css/bootstrap.min.css HTTP/1.1" 200 232948
0:0:0:0:0:0:0:1 - - [07/Dec/2023:22:06:11 +0100] "GET /favicon.ico HTTP/1.1" 200 37
0:0:0:0:0:0:0:1 - - [07/Dec/2023:22:06:16 +0100] "POST /login HTTP/1.1" 302 -
0:0:0:0:0:0:0:1 - - [07/Dec/2023:22:06:16 +0100] "GET /welcome HTTP/1.1" 302 -
0:0:0:0:0:0:0:1 - - [07/Dec/2023:22:06:16 +0100] "GET /welcome/admin?lang=de HTTP/1.1" 200 7072
0:0:0:0:0:0:0:1 - - [07/Dec/2023:22:06:16 +0100] "GET /webjars/bootstrap/5.3.2/js/bootstrap.bundle.min.js HTTP/1.1" 200 80663
0:0:0:0:0:0:0:1 - - [07/Dec/2023:22:06:16 +0100] "GET /webjars/bootstrap/5.3.2/css/bootstrap.min.css HTTP/1.1" 200 232948
0:0:0:0:0:0:0:1 - - [07/Dec/2023:22:06:16 +0100] "GET /webjars/jquery/3.7.1/jquery.min.js HTTP/1.1" 200 87533
0:0:0:0:0:0:0:1 - - [07/Dec/2023:22:06:16 +0100] "GET /favicon.ico HTTP/1.1" 200 37
0:0:0:0:0:0:0:1 - - [07/Dec/2023:22:06:30 +0100] "GET /deleteuser?id=3 HTTP/1.1" 500 1660
0:0:0:0:0:0:0:1 - - [07/Dec/2023:22:06:30 +0100] "GET /webjars/bootstrap/5.3.2/js/bootstrap.bundle.min.js HTTP/1.1" 200 80663
0:0:0:0:0:0:0:1 - - [07/Dec/2023:22:06:30 +0100] "GET /webjars/jquery/3.7.1/jquery.min.js HTTP/1.1" 200 87533
0:0:0:0:0:0:0:1 - - [07/Dec/2023:22:06:30 +0100] "GET /webjars/bootstrap/5.3.2/css/bootstrap.min.css HTTP/1.1" 200 232948
0:0:0:0:0:0:0:1 - - [07/Dec/2023:22:06:30 +0100] "GET /favicon.ico HTTP/1.1" 200 37
0:0:0:0:0:0:0:1 - - [07/Dec/2023:22:06:37 +0100] "GET /login HTTP/1.1" 200 3420
0:0:0:0:0:0:0:1 - - [07/Dec/2023:22:06:37 +0100] "GET /webjars/bootstrap/5.3.2/js/bootstrap.bundle.min.js HTTP/1.1" 200 80663
0:0:0:0:0:0:0:1 - - [07/Dec/2023:22:06:37 +0100] "GET /webjars/bootstrap/5.3.2/css/bootstrap.min.css HTTP/1.1" 200 232948
0:0:0:0:0:0:0:1 - - [07/Dec/2023:22:06:37 +0100] "GET /webjars/jquery/3.7.1/jquery.min.js HTTP/1.1" 200 87533
0:0:0:0:0:0:0:1 - - [07/Dec/2023:22:06:37 +0100] "GET /favicon.ico HTTP/1.1" 200 37
0:0:0:0:0:0:0:1 - - [07/Dec/2023:22:06:42 +0100] "POST /login HTTP/1.1" 302 -
0:0:0:0:0:0:0:1 - - [07/Dec/2023:22:06:42 +0100] "GET /welcome HTTP/1.1" 302 -
0:0:0:0:0:0:0:1 - - [07/Dec/2023:22:06:42 +0100] "GET /welcome/admin?lang=de HTTP/1.1" 200 7072
0:0:0:0:0:0:0:1 - - [07/Dec/2023:22:06:42 +0100] "GET /webjars/bootstrap/5.3.2/js/bootstrap.bundle.min.js HTTP/1.1" 200 80663
0:0:0:0:0:0:0:1 - - [07/Dec/2023:22:06:42 +0100] "GET /webjars/jquery/3.7.1/jquery.min.js HTTP/1.1" 200 87533
0:0:0:0:0:0:0:1 - - [07/Dec/2023:22:06:42 +0100] "GET /webjars/bootstrap/5.3.2/css/bootstrap.min.css HTTP/1.1" 200 232948
0:0:0:0:0:0:0:1 - - [07/Dec/2023:22:06:42 +0100] "GET /favicon.ico HTTP/1.1" 200 37
0:0:0:0:0:0:0:1 - - [07/Dec/2023:22:08:03 +0100] "GET /welcome/admin?lang=de HTTP/1.1" 200 7072
0:0:0:0:0:0:0:1 - - [07/Dec/2023:22:08:03 +0100] "GET /webjars/bootstrap/5.3.2/js/bootstrap.bundle.min.js HTTP/1.1" 200 80663
0:0:0:0:0:0:0:1 - - [07/Dec/2023:22:08:03 +0100] "GET /webjars/bootstrap/5.3.2/css/bootstrap.min.css HTTP/1.1" 200 232948
0:0:0:0:0:0:0:1 - - [07/Dec/2023:22:08:03 +0100] "GET /webjars/jquery/3.7.1/jquery.min.js HTTP/1.1" 200 87533
0:0:0:0:0:0:0:1 - - [07/Dec/2023:22:08:03 +0100] "GET /favicon.ico HTTP/1.1" 200 37
0:0:0:0:0:0:0:1 - - [07/Dec/2023:22:08:39 +0100] "GET /deleteuser?id=3 HTTP/1.1" 500 1660
0:0:0:0:0:0:0:1 - - [07/Dec/2023:22:08:39 +0100] "GET /webjars/bootstrap/5.3.2/js/bootstrap.bundle.min.js HTTP/1.1" 200 80663
0:0:0:0:0:0:0:1 - - [07/Dec/2023:22:08:39 +0100] "GET /webjars/jquery/3.7.1/jquery.min.js HTTP/1.1" 200 87533
0:0:0:0:0:0:0:1 - - [07/Dec/2023:22:08:39 +0100] "GET /webjars/bootstrap/5.3.2/css/bootstrap.min.css HTTP/1.1" 200 232948
0:0:0:0:0:0:0:1 - - [07/Dec/2023:22:08:39 +0100] "GET /favicon.ico HTTP/1.1" 200 37
0:0:0:0:0:0:0:1 - - [07/Dec/2023:22:16:55 +0100] "GET /login HTTP/1.1" 200 3420
0:0:0:0:0:0:0:1 - - [07/Dec/2023:22:16:55 +0100] "GET /webjars/bootstrap/5.3.2/js/bootstrap.bundle.min.js HTTP/1.1" 200 80663
0:0:0:0:0:0:0:1 - - [07/Dec/2023:22:16:55 +0100] "GET /webjars/jquery/3.7.1/jquery.min.js HTTP/1.1" 200 87533
0:0:0:0:0:0:0:1 - - [07/Dec/2023:22:16:55 +0100] "GET /webjars/bootstrap/5.3.2/css/bootstrap.min.css HTTP/1.1" 200 232948
0:0:0:0:0:0:0:1 - - [07/Dec/2023:22:16:55 +0100] "GET /favicon.ico HTTP/1.1" 200 37
0:0:0:0:0:0:0:1 - - [07/Dec/2023:22:17:00 +0100] "POST /login HTTP/1.1" 302 -
0:0:0:0:0:0:0:1 - - [07/Dec/2023:22:17:00 +0100] "GET /welcome HTTP/1.1" 302 -
0:0:0:0:0:0:0:1 - - [07/Dec/2023:22:17:00 +0100] "GET /welcome/admin?lang=de HTTP/1.1" 200 7072
0:0:0:0:0:0:0:1 - - [07/Dec/2023:22:17:00 +0100] "GET /webjars/bootstrap/5.3.2/js/bootstrap.bundle.min.js HTTP/1.1" 200 80663
0:0:0:0:0:0:0:1 - - [07/Dec/2023:22:17:00 +0100] "GET /webjars/jquery/3.7.1/jquery.min.js HTTP/1.1" 200 87533
0:0:0:0:0:0:0:1 - - [07/Dec/2023:22:17:00 +0100] "GET /webjars/bootstrap/5.3.2/css/bootstrap.min.css HTTP/1.1" 200 232948
0:0:0:0:0:0:0:1 - - [07/Dec/2023:22:17:00 +0100] "GET /favicon.ico HTTP/1.1" 200 37
0:0:0:0:0:0:0:1 - - [07/Dec/2023:22:17:11 +0100] "GET /deleteuser?id=3 HTTP/1.1" 302 -
0:0:0:0:0:0:0:1 - - [07/Dec/2023:22:17:11 +0100] "GET /welcome/admin?lang=de HTTP/1.1" 200 6074
0:0:0:0:0:0:0:1 - - [07/Dec/2023:22:17:11 +0100] "GET /webjars/jquery/3.7.1/jquery.min.js HTTP/1.1" 200 87533
0:0:0:0:0:0:0:1 - - [07/Dec/2023:22:17:11 +0100] "GET /webjars/bootstrap/5.3.2/css/bootstrap.min.css HTTP/1.1" 200 232948
0:0:0:0:0:0:0:1 - - [07/Dec/2023:22:17:11 +0100] "GET /webjars/bootstrap/5.3.2/js/bootstrap.bundle.min.js HTTP/1.1" 200 80663
0:0:0:0:0:0:0:1 - - [07/Dec/2023:22:17:12 +0100] "GET /favicon.ico HTTP/1.1" 200 37
0:0:0:0:0:0:0:1 - - [07/Dec/2023:22:18:14 +0100] "GET /welcome/admin?lang=de HTTP/1.1" 200 6096
0:0:0:0:0:0:0:1 - - [07/Dec/2023:22:18:14 +0100] "GET /webjars/bootstrap/5.3.2/js/bootstrap.bundle.min.js HTTP/1.1" 200 80663
0:0:0:0:0:0:0:1 - - [07/Dec/2023:22:18:14 +0100] "GET /webjars/jquery/3.7.1/jquery.min.js HTTP/1.1" 200 87533
0:0:0:0:0:0:0:1 - - [07/Dec/2023:22:18:14 +0100] "GET /webjars/bootstrap/5.3.2/css/bootstrap.min.css HTTP/1.1" 200 232948
0:0:0:0:0:0:0:1 - - [07/Dec/2023:22:18:14 +0100] "GET /favicon.ico HTTP/1.1" 200 37
0:0:0:0:0:0:0:1 - - [07/Dec/2023:22:20:13 +0100] "GET /roles HTTP/1.1" 200 4267
0:0:0:0:0:0:0:1 - - [07/Dec/2023:22:20:13 +0100] "GET /webjars/jquery/3.7.1/jquery.min.js HTTP/1.1" 200 87533
0:0:0:0:0:0:0:1 - - [07/Dec/2023:22:20:13 +0100] "GET /webjars/bootstrap/5.3.2/js/bootstrap.bundle.min.js HTTP/1.1" 200 80663
0:0:0:0:0:0:0:1 - - [07/Dec/2023:22:20:13 +0100] "GET /webjars/bootstrap/5.3.2/css/bootstrap.min.css HTTP/1.1" 200 232948
0:0:0:0:0:0:0:1 - - [07/Dec/2023:22:20:14 +0100] "GET /favicon.ico HTTP/1.1" 200 37
0:0:0:0:0:0:0:1 - - [07/Dec/2023:22:20:20 +0100] "POST /addrole HTTP/1.1" 302 -
0:0:0:0:0:0:0:1 - - [07/Dec/2023:22:20:20 +0100] "GET /roles HTTP/1.1" 200 4536
0:0:0:0:0:0:0:1 - - [07/Dec/2023:22:20:20 +0100] "GET /webjars/bootstrap/5.3.2/js/bootstrap.bundle.min.js HTTP/1.1" 200 80663
0:0:0:0:0:0:0:1 - - [07/Dec/2023:22:20:20 +0100] "GET /webjars/jquery/3.7.1/jquery.min.js HTTP/1.1" 200 87533
0:0:0:0:0:0:0:1 - - [07/Dec/2023:22:20:20 +0100] "GET /webjars/bootstrap/5.3.2/css/bootstrap.min.css HTTP/1.1" 200 232948
0:0:0:0:0:0:0:1 - - [07/Dec/2023:22:20:20 +0100] "GET /favicon.ico HTTP/1.1" 200 37
0:0:0:0:0:0:0:1 - - [07/Dec/2023:22:20:22 +0100] "GET /welcome HTTP/1.1" 302 -
0:0:0:0:0:0:0:1 - - [07/Dec/2023:22:20:22 +0100] "GET /welcome/admin?lang=de HTTP/1.1" 200 5984
0:0:0:0:0:0:0:1 - - [07/Dec/2023:22:20:22 +0100] "GET /webjars/bootstrap/5.3.2/js/bootstrap.bundle.min.js HTTP/1.1" 200 80663
0:0:0:0:0:0:0:1 - - [07/Dec/2023:22:20:22 +0100] "GET /webjars/jquery/3.7.1/jquery.min.js HTTP/1.1" 200 87533
0:0:0:0:0:0:0:1 - - [07/Dec/2023:22:20:22 +0100] "GET /webjars/bootstrap/5.3.2/css/bootstrap.min.css HTTP/1.1" 200 232948
0:0:0:0:0:0:0:1 - - [07/Dec/2023:22:20:22 +0100] "GET /favicon.ico HTTP/1.1" 200 37
0:0:0:0:0:0:0:1 - - [07/Dec/2023:22:20:26 +0100] "GET /rolesfromuser?id=1&lang=de HTTP/1.1" 200 4075
0:0:0:0:0:0:0:1 - - [07/Dec/2023:22:20:26 +0100] "GET /webjars/bootstrap/5.3.2/css/bootstrap.min.css HTTP/1.1" 200 232948
0:0:0:0:0:0:0:1 - - [07/Dec/2023:22:20:26 +0100] "GET /webjars/bootstrap/5.3.2/js/bootstrap.bundle.min.js HTTP/1.1" 200 80663
0:0:0:0:0:0:0:1 - - [07/Dec/2023:22:20:26 +0100] "GET /webjars/jquery/3.7.1/jquery.min.js HTTP/1.1" 200 87533
0:0:0:0:0:0:0:1 - - [07/Dec/2023:22:20:26 +0100] "GET /favicon.ico HTTP/1.1" 200 37
0:0:0:0:0:0:0:1 - - [07/Dec/2023:22:20:29 +0100] "POST /updateuserroles HTTP/1.1" 302 -
0:0:0:0:0:0:0:1 - - [07/Dec/2023:22:20:29 +0100] "GET /welcome HTTP/1.1" 302 -
0:0:0:0:0:0:0:1 - - [07/Dec/2023:22:20:29 +0100] "GET /welcome/admin?lang=de HTTP/1.1" 200 5992
0:0:0:0:0:0:0:1 - - [07/Dec/2023:22:20:29 +0100] "GET /webjars/jquery/3.7.1/jquery.min.js HTTP/1.1" 200 87533
0:0:0:0:0:0:0:1 - - [07/Dec/2023:22:20:29 +0100] "GET /webjars/bootstrap/5.3.2/css/bootstrap.min.css HTTP/1.1" 200 232948
0:0:0:0:0:0:0:1 - - [07/Dec/2023:22:20:29 +0100] "GET /webjars/bootstrap/5.3.2/js/bootstrap.bundle.min.js HTTP/1.1" 200 80663
0:0:0:0:0:0:0:1 - - [07/Dec/2023:22:20:29 +0100] "GET /favicon.ico HTTP/1.1" 200 37
0:0:0:0:0:0:0:1 - - [07/Dec/2023:22:20:40 +0100] "GET /rolesfromuser?id=1&lang=de HTTP/1.1" 200 4093
0:0:0:0:0:0:0:1 - - [07/Dec/2023:22:20:40 +0100] "GET /webjars/jquery/3.7.1/jquery.min.js HTTP/1.1" 200 87533
0:0:0:0:0:0:0:1 - - [07/Dec/2023:22:20:40 +0100] "GET /webjars/bootstrap/5.3.2/css/bootstrap.min.css HTTP/1.1" 200 232948
0:0:0:0:0:0:0:1 - - [07/Dec/2023:22:20:40 +0100] "GET /webjars/bootstrap/5.3.2/js/bootstrap.bundle.min.js HTTP/1.1" 200 80663
0:0:0:0:0:0:0:1 - - [07/Dec/2023:22:20:40 +0100] "GET /favicon.ico HTTP/1.1" 200 37
0:0:0:0:0:0:0:1 - - [07/Dec/2023:22:20:45 +0100] "POST /updateuserroles HTTP/1.1" 302 -
0:0:0:0:0:0:0:1 - - [07/Dec/2023:22:20:45 +0100] "GET /welcome HTTP/1.1" 302 -
0:0:0:0:0:0:0:1 - - [07/Dec/2023:22:20:45 +0100] "GET /welcome/admin?lang=de HTTP/1.1" 200 5984
0:0:0:0:0:0:0:1 - - [07/Dec/2023:22:20:45 +0100] "GET /webjars/jquery/3.7.1/jquery.min.js HTTP/1.1" 200 87533
0:0:0:0:0:0:0:1 - - [07/Dec/2023:22:20:45 +0100] "GET /webjars/bootstrap/5.3.2/css/bootstrap.min.css HTTP/1.1" 200 232948
0:0:0:0:0:0:0:1 - - [07/Dec/2023:22:20:45 +0100] "GET /webjars/bootstrap/5.3.2/js/bootstrap.bundle.min.js HTTP/1.1" 200 80663
0:0:0:0:0:0:0:1 - - [07/Dec/2023:22:20:45 +0100] "GET /favicon.ico HTTP/1.1" 200 37
0:0:0:0:0:0:0:1 - - [07/Dec/2023:22:21:46 +0100] "GET /logout HTTP/1.1" 302 -
0:0:0:0:0:0:0:1 - - [07/Dec/2023:22:21:46 +0100] "GET /login?logout HTTP/1.1" 200 3532
0:0:0:0:0:0:0:1 - - [07/Dec/2023:22:21:46 +0100] "GET /webjars/bootstrap/5.3.2/js/bootstrap.bundle.min.js HTTP/1.1" 200 80663
0:0:0:0:0:0:0:1 - - [07/Dec/2023:22:21:46 +0100] "GET /webjars/jquery/3.7.1/jquery.min.js HTTP/1.1" 200 87533
0:0:0:0:0:0:0:1 - - [07/Dec/2023:22:21:46 +0100] "GET /webjars/bootstrap/5.3.2/css/bootstrap.min.css HTTP/1.1" 200 232948
0:0:0:0:0:0:0:1 - - [07/Dec/2023:22:21:46 +0100] "GET /favicon.ico HTTP/1.1" 200 37
0:0:0:0:0:0:0:1 - - [07/Dec/2023:22:21:55 +0100] "POST /login HTTP/1.1" 302 -
0:0:0:0:0:0:0:1 - - [07/Dec/2023:22:21:55 +0100] "GET /welcome HTTP/1.1" 302 -
0:0:0:0:0:0:0:1 - - [07/Dec/2023:22:21:55 +0100] "GET /welcome/admin?lang=de HTTP/1.1" 200 5984
0:0:0:0:0:0:0:1 - - [07/Dec/2023:22:21:55 +0100] "GET /webjars/jquery/3.7.1/jquery.min.js HTTP/1.1" 200 87533
0:0:0:0:0:0:0:1 - - [07/Dec/2023:22:21:55 +0100] "GET /webjars/bootstrap/5.3.2/css/bootstrap.min.css HTTP/1.1" 200 232948
0:0:0:0:0:0:0:1 - - [07/Dec/2023:22:21:55 +0100] "GET /webjars/bootstrap/5.3.2/js/bootstrap.bundle.min.js HTTP/1.1" 200 80663
0:0:0:0:0:0:0:1 - - [07/Dec/2023:22:21:55 +0100] "GET /favicon.ico HTTP/1.1" 200 37
0:0:0:0:0:0:0:1 - - [07/Dec/2023:22:22:00 +0100] "GET /logout HTTP/1.1" 302 -
0:0:0:0:0:0:0:1 - - [07/Dec/2023:22:22:00 +0100] "GET /login?logout HTTP/1.1" 200 3532
0:0:0:0:0:0:0:1 - - [07/Dec/2023:22:22:00 +0100] "GET /webjars/bootstrap/5.3.2/js/bootstrap.bundle.min.js HTTP/1.1" 200 80663
0:0:0:0:0:0:0:1 - - [07/Dec/2023:22:22:00 +0100] "GET /webjars/jquery/3.7.1/jquery.min.js HTTP/1.1" 200 87533
0:0:0:0:0:0:0:1 - - [07/Dec/2023:22:22:00 +0100] "GET /webjars/bootstrap/5.3.2/css/bootstrap.min.css HTTP/1.1" 200 232948
0:0:0:0:0:0:0:1 - - [07/Dec/2023:22:22:00 +0100] "GET /favicon.ico HTTP/1.1" 200 37
0:0:0:0:0:0:0:1 - - [07/Dec/2023:22:22:02 +0100] "GET /login/register HTTP/1.1" 200 3832
0:0:0:0:0:0:0:1 - - [07/Dec/2023:22:22:02 +0100] "GET /webjars/bootstrap/5.3.2/js/bootstrap.bundle.min.js HTTP/1.1" 200 80663
0:0:0:0:0:0:0:1 - - [07/Dec/2023:22:22:02 +0100] "GET /webjars/jquery/3.7.1/jquery.min.js HTTP/1.1" 200 87533
0:0:0:0:0:0:0:1 - - [07/Dec/2023:22:22:02 +0100] "GET /webjars/bootstrap/5.3.2/css/bootstrap.min.css HTTP/1.1" 200 232948
0:0:0:0:0:0:0:1 - - [07/Dec/2023:22:22:02 +0100] "GET /favicon.ico HTTP/1.1" 200 37
0:0:0:0:0:0:0:1 - - [07/Dec/2023:22:22:18 +0100] "POST /login/register/save HTTP/1.1" 302 -
0:0:0:0:0:0:0:1 - - [07/Dec/2023:22:22:18 +0100] "GET /login/register?success HTTP/1.1" 200 3958
0:0:0:0:0:0:0:1 - - [07/Dec/2023:22:22:18 +0100] "GET /webjars/jquery/3.7.1/jquery.min.js HTTP/1.1" 200 87533
0:0:0:0:0:0:0:1 - - [07/Dec/2023:22:22:18 +0100] "GET /webjars/bootstrap/5.3.2/js/bootstrap.bundle.min.js HTTP/1.1" 200 80663
0:0:0:0:0:0:0:1 - - [07/Dec/2023:22:22:18 +0100] "GET /webjars/bootstrap/5.3.2/css/bootstrap.min.css HTTP/1.1" 200 232948
0:0:0:0:0:0:0:1 - - [07/Dec/2023:22:22:18 +0100] "GET /favicon.ico HTTP/1.1" 200 37
0:0:0:0:0:0:0:1 - - [07/Dec/2023:22:22:37 +0100] "GET /login HTTP/1.1" 200 3420
0:0:0:0:0:0:0:1 - - [07/Dec/2023:22:22:37 +0100] "GET /webjars/jquery/3.7.1/jquery.min.js HTTP/1.1" 200 87533
0:0:0:0:0:0:0:1 - - [07/Dec/2023:22:22:37 +0100] "GET /webjars/bootstrap/5.3.2/js/bootstrap.bundle.min.js HTTP/1.1" 200 80663
0:0:0:0:0:0:0:1 - - [07/Dec/2023:22:22:37 +0100] "GET /webjars/bootstrap/5.3.2/css/bootstrap.min.css HTTP/1.1" 200 232948
0:0:0:0:0:0:0:1 - - [07/Dec/2023:22:22:37 +0100] "GET /favicon.ico HTTP/1.1" 200 37
0:0:0:0:0:0:0:1 - - [07/Dec/2023:22:22:43 +0100] "POST /login HTTP/1.1" 302 -
0:0:0:0:0:0:0:1 - - [07/Dec/2023:22:22:43 +0100] "GET /welcome HTTP/1.1" 302 -
0:0:0:0:0:0:0:1 - - [07/Dec/2023:22:22:43 +0100] "GET /welcome/user?lang=de HTTP/1.1" 200 2429
0:0:0:0:0:0:0:1 - - [07/Dec/2023:22:22:43 +0100] "GET /webjars/bootstrap/5.3.2/js/bootstrap.bundle.min.js HTTP/1.1" 200 80663
0:0:0:0:0:0:0:1 - - [07/Dec/2023:22:22:43 +0100] "GET /webjars/jquery/3.7.1/jquery.min.js HTTP/1.1" 200 87533
0:0:0:0:0:0:0:1 - - [07/Dec/2023:22:22:43 +0100] "GET /webjars/bootstrap/5.3.2/css/bootstrap.min.css HTTP/1.1" 200 232948
0:0:0:0:0:0:0:1 - - [07/Dec/2023:22:22:43 +0100] "GET /favicon.ico HTTP/1.1" 200 37
