2023-11-23 22:23:28,644 INFO org.springframework.boot.StartupInfoLogger [restartedMain] Starting SecretsApplication using Java 17.0.9 with PID 15852 (C:\Privat\Secrets\target\classes started by SGaertners in C:\Privat\Secrets)
2023-11-23 22:23:28,646 INFO org.springframework.boot.SpringApplication [restartedMain] No active profile set, falling back to 1 default profile: "default"
2023-11-23 22:23:28,675 INFO org.springframework.boot.logging.DeferredLog [restartedMain] Devtools property defaults active! Set 'spring.devtools.add-properties' to 'false' to disable
2023-11-23 22:23:28,676 INFO org.springframework.boot.logging.DeferredLog [restartedMain] For additional web related logging consider setting the 'logging.level.web' property to 'DEBUG'
2023-11-23 22:23:29,104 INFO org.springframework.data.repository.config.RepositoryConfigurationDelegate [restartedMain] Bootstrapping Spring Data JPA repositories in DEFAULT mode.
2023-11-23 22:23:29,143 INFO org.springframework.data.repository.config.RepositoryConfigurationDelegate [restartedMain] Finished Spring Data repository scanning in 34 ms. Found 2 JPA repository interfaces.
2023-11-23 22:23:29,543 INFO org.springframework.boot.web.embedded.tomcat.TomcatWebServer [restartedMain] Tomcat initialized with port(s): 8080 (http)
2023-11-23 22:23:29,548 INFO org.apache.juli.logging.DirectJDKLog [restartedMain] Initializing ProtocolHandler ["http-nio-8080"]
2023-11-23 22:23:29,549 INFO org.apache.juli.logging.DirectJDKLog [restartedMain] Starting service [Tomcat]
2023-11-23 22:23:29,550 INFO org.apache.juli.logging.DirectJDKLog [restartedMain] Starting Servlet engine: [Apache Tomcat/10.1.16]
2023-11-23 22:23:29,601 INFO org.apache.juli.logging.DirectJDKLog [restartedMain] Initializing Spring embedded WebApplicationContext
2023-11-23 22:23:29,601 INFO org.springframework.boot.web.servlet.context.ServletWebServerApplicationContext [restartedMain] Root WebApplicationContext: initialization completed in 923 ms
2023-11-23 22:23:29,616 INFO de.sgs.secrets.SecretsApplication [restartedMain] httpSessionEventPublisher
2023-11-23 22:23:29,618 INFO de.sgs.secrets.SecretsApplication [restartedMain] httpSessionListener
2023-11-23 22:23:29,671 INFO com.zaxxer.hikari.HikariDataSource [restartedMain] HikariPool-1 - Starting...
2023-11-23 22:23:29,858 INFO com.zaxxer.hikari.pool.HikariPool [restartedMain] HikariPool-1 - Added connection com.mysql.cj.jdbc.ConnectionImpl@f22e2e3
2023-11-23 22:23:29,859 INFO com.zaxxer.hikari.HikariDataSource [restartedMain] HikariPool-1 - Start completed.
2023-11-23 22:23:29,923 INFO org.hibernate.jpa.internal.util.LogHelper [restartedMain] HHH000204: Processing PersistenceUnitInfo [name: default]
2023-11-23 22:23:29,954 INFO org.hibernate.Version [restartedMain] HHH000412: Hibernate ORM core version 6.2.13.Final
2023-11-23 22:23:29,955 INFO org.hibernate.cfg.Environment [restartedMain] HHH000406: Using bytecode reflection optimizer
2023-11-23 22:23:30,140 INFO org.springframework.orm.jpa.persistenceunit.SpringPersistenceUnitInfo [restartedMain] No LoadTimeWeaver setup: ignoring JPA class transformer
2023-11-23 22:23:30,706 INFO org.hibernate.engine.transaction.jta.platform.internal.JtaPlatformInitiator [restartedMain] HHH000489: No JTA platform available (set 'hibernate.transaction.jta.platform' to enable JTA platform integration)
2023-11-23 22:23:30,749 INFO org.springframework.orm.jpa.AbstractEntityManagerFactoryBean [restartedMain] Initialized JPA EntityManagerFactory for persistence unit 'default'
2023-11-23 22:23:30,955 WARN org.springframework.boot.autoconfigure.orm.jpa.JpaBaseConfiguration$JpaWebConfiguration [restartedMain] spring.jpa.open-in-view is enabled by default. Therefore, database queries may be performed during view rendering. Explicitly configure spring.jpa.open-in-view to disable this warning
2023-11-23 22:23:31,280 INFO org.springframework.security.web.DefaultSecurityFilterChain [restartedMain] Will secure any request with [org.springframework.security.web.session.DisableEncodeUrlFilter@5c24f65, org.springframework.security.web.context.request.async.WebAsyncManagerIntegrationFilter@7cbc5705, org.springframework.security.web.context.SecurityContextHolderFilter@4e08f45e, org.springframework.security.web.header.HeaderWriterFilter@19a7cc9d, org.springframework.security.web.csrf.CsrfFilter@6b0468fd, org.springframework.security.web.authentication.logout.LogoutFilter@6f642044, org.springframework.security.web.authentication.UsernamePasswordAuthenticationFilter@f9ae0b2, org.springframework.security.web.savedrequest.RequestCacheAwareFilter@3c4e3f85, org.springframework.security.web.servletapi.SecurityContextHolderAwareRequestFilter@775b27a8, org.springframework.security.web.authentication.AnonymousAuthenticationFilter@44c5a617, org.springframework.security.web.access.ExceptionTranslationFilter@172d52a4, org.springframework.security.web.access.intercept.AuthorizationFilter@5a1f808a]
2023-11-23 22:23:31,281 INFO de.sgs.secrets.SecretsApplication [restartedMain] sessionRegistry
2023-11-23 22:23:31,483 INFO org.springframework.boot.devtools.autoconfigure.OptionalLiveReloadServer [restartedMain] LiveReload server is running on port 35729
2023-11-23 22:23:31,499 INFO org.apache.juli.logging.DirectJDKLog [restartedMain] Starting ProtocolHandler ["http-nio-8080"]
2023-11-23 22:23:31,517 INFO org.springframework.boot.web.embedded.tomcat.TomcatWebServer [restartedMain] Tomcat started on port(s): 8080 (http) with context path ''
2023-11-23 22:23:31,525 INFO org.springframework.boot.StartupInfoLogger [restartedMain] Started SecretsApplication in 3.112 seconds (process running for 3.736)
2023-11-23 22:23:43,624 INFO org.apache.juli.logging.DirectJDKLog [http-nio-8080-exec-1] Initializing Spring DispatcherServlet 'dispatcherServlet'
2023-11-23 22:23:43,625 INFO org.springframework.web.servlet.FrameworkServlet [http-nio-8080-exec-1] Initializing Servlet 'dispatcherServlet'
2023-11-23 22:23:43,626 INFO org.springframework.web.servlet.FrameworkServlet [http-nio-8080-exec-1] Completed initialization in 1 ms
2023-11-23 22:23:43,636 DEBUG org.springframework.security.web.FilterChainProxy [http-nio-8080-exec-1] Securing GET /login?logout
2023-11-23 22:23:43,660 DEBUG org.springframework.security.web.FilterChainProxy [http-nio-8080-exec-1] Secured GET /login?logout
2023-11-23 22:23:43,917 DEBUG org.springframework.security.web.authentication.AnonymousAuthenticationFilter [http-nio-8080-exec-1] Set SecurityContextHolder to anonymous SecurityContext
2023-11-23 22:23:43,935 DEBUG org.springframework.security.web.FilterChainProxy [http-nio-8080-exec-2] Securing GET /webjars/bootstrap/5.3.2/css/bootstrap.min.css
2023-11-23 22:23:43,935 DEBUG org.springframework.security.web.FilterChainProxy [http-nio-8080-exec-4] Securing GET /webjars/bootstrap/5.3.2/js/bootstrap.min.js
2023-11-23 22:23:43,935 DEBUG org.springframework.security.web.FilterChainProxy [http-nio-8080-exec-3] Securing GET /webjars/jquery/3.7.1/jquery.min.js
2023-11-23 22:23:43,940 WARN org.springframework.web.servlet.handler.HandlerMappingIntrospector$CacheResultLogHelper [http-nio-8080-exec-2] Cache miss for REQUEST dispatch to '/webjars/bootstrap/5.3.2/css/bootstrap.min.css' (previous null). Performing MatchableHandlerMapping lookup. This is logged once only at WARN level, and every time at TRACE.
2023-11-23 22:23:43,944 DEBUG org.springframework.security.web.FilterChainProxy [http-nio-8080-exec-4] Secured GET /webjars/bootstrap/5.3.2/js/bootstrap.min.js
2023-11-23 22:23:43,944 DEBUG org.springframework.security.web.FilterChainProxy [http-nio-8080-exec-3] Secured GET /webjars/jquery/3.7.1/jquery.min.js
2023-11-23 22:23:43,944 DEBUG org.springframework.security.web.FilterChainProxy [http-nio-8080-exec-2] Secured GET /webjars/bootstrap/5.3.2/css/bootstrap.min.css
2023-11-23 22:23:43,964 DEBUG org.springframework.security.web.authentication.AnonymousAuthenticationFilter [http-nio-8080-exec-2] Set SecurityContextHolder to anonymous SecurityContext
2023-11-23 22:23:43,969 DEBUG org.springframework.security.web.authentication.AnonymousAuthenticationFilter [http-nio-8080-exec-3] Set SecurityContextHolder to anonymous SecurityContext
2023-11-23 22:23:43,970 DEBUG org.springframework.security.web.authentication.AnonymousAuthenticationFilter [http-nio-8080-exec-4] Set SecurityContextHolder to anonymous SecurityContext
2023-11-23 22:23:44,045 DEBUG org.springframework.security.web.FilterChainProxy [http-nio-8080-exec-5] Securing GET /favicon.ico
2023-11-23 22:23:44,053 DEBUG org.springframework.security.web.FilterChainProxy [http-nio-8080-exec-5] Secured GET /favicon.ico
2023-11-23 22:23:44,075 DEBUG org.springframework.security.web.authentication.AnonymousAuthenticationFilter [http-nio-8080-exec-5] Set SecurityContextHolder to anonymous SecurityContext
2023-11-23 22:23:50,680 DEBUG org.springframework.security.web.FilterChainProxy [http-nio-8080-exec-6] Securing POST /login
2023-11-23 22:23:50,941 DEBUG org.springframework.security.authentication.dao.AbstractUserDetailsAuthenticationProvider [http-nio-8080-exec-6] Authenticated user
2023-11-23 22:23:50,942 DEBUG org.springframework.security.web.authentication.session.AbstractSessionFixationProtectionStrategy [http-nio-8080-exec-6] Changed session id from e1d9887e-98cd-4c21-b99d-71e1fe2eb21c
2023-11-23 22:23:50,943 DEBUG org.springframework.security.web.csrf.CsrfAuthenticationStrategy [http-nio-8080-exec-6] Replaced CSRF Token
2023-11-23 22:23:50,944 DEBUG org.springframework.security.web.context.HttpSessionSecurityContextRepository [http-nio-8080-exec-6] Stored SecurityContextImpl [Authentication=UsernamePasswordAuthenticationToken [Principal=org.springframework.security.core.userdetails.User [Username=admin, Password=[PROTECTED], Enabled=true, AccountNonExpired=true, credentialsNonExpired=true, AccountNonLocked=true, Granted Authorities=[ROLE_ADMIN]], Credentials=[PROTECTED], Authenticated=true, Details=WebAuthenticationDetails [RemoteIpAddress=0:0:0:0:0:0:0:1, SessionId=e1d9887e-98cd-4c21-b99d-71e1fe2eb21c], Granted Authorities=[ROLE_ADMIN]]] to HttpSession [org.springframework.session.web.http.SessionRepositoryFilter$SessionRepositoryRequestWrapper$HttpSessionWrapper@6bc37a42]
2023-11-23 22:23:50,944 DEBUG org.springframework.security.web.authentication.AbstractAuthenticationProcessingFilter [http-nio-8080-exec-6] Set SecurityContextHolder to UsernamePasswordAuthenticationToken [Principal=org.springframework.security.core.userdetails.User [Username=admin, Password=[PROTECTED], Enabled=true, AccountNonExpired=true, credentialsNonExpired=true, AccountNonLocked=true, Granted Authorities=[ROLE_ADMIN]], Credentials=[PROTECTED], Authenticated=true, Details=WebAuthenticationDetails [RemoteIpAddress=0:0:0:0:0:0:0:1, SessionId=e1d9887e-98cd-4c21-b99d-71e1fe2eb21c], Granted Authorities=[ROLE_ADMIN]]
2023-11-23 22:23:50,945 DEBUG org.springframework.security.web.DefaultRedirectStrategy [http-nio-8080-exec-6] Redirecting to /welcome
2023-11-23 22:23:50,985 DEBUG org.springframework.security.web.FilterChainProxy [http-nio-8080-exec-7] Securing GET /welcome
2023-11-23 22:23:50,989 DEBUG org.springframework.security.web.FilterChainProxy [http-nio-8080-exec-7] Secured GET /welcome
2023-11-23 22:23:51,011 DEBUG org.springframework.security.web.context.HttpSessionSecurityContextRepository [http-nio-8080-exec-7] Retrieved SecurityContextImpl [Authentication=UsernamePasswordAuthenticationToken [Principal=org.springframework.security.core.userdetails.User [Username=admin, Password=[PROTECTED], Enabled=true, AccountNonExpired=true, credentialsNonExpired=true, AccountNonLocked=true, Granted Authorities=[ROLE_ADMIN]], Credentials=[PROTECTED], Authenticated=true, Details=WebAuthenticationDetails [RemoteIpAddress=0:0:0:0:0:0:0:1, SessionId=e1d9887e-98cd-4c21-b99d-71e1fe2eb21c], Granted Authorities=[ROLE_ADMIN]]]
2023-11-23 22:23:51,027 DEBUG org.springframework.security.web.FilterChainProxy [http-nio-8080-exec-9] Securing GET /webjars/jquery/3.7.1/jquery.min.js
2023-11-23 22:23:51,027 DEBUG org.springframework.security.web.FilterChainProxy [http-nio-8080-exec-8] Securing GET /webjars/bootstrap/5.3.2/css/bootstrap.min.css
2023-11-23 22:23:51,027 DEBUG org.springframework.security.web.FilterChainProxy [http-nio-8080-exec-10] Securing GET /webjars/bootstrap/5.3.2/js/bootstrap.min.js
2023-11-23 22:23:51,032 DEBUG org.springframework.security.web.FilterChainProxy [http-nio-8080-exec-10] Secured GET /webjars/bootstrap/5.3.2/js/bootstrap.min.js
2023-11-23 22:23:51,032 DEBUG org.springframework.security.web.FilterChainProxy [http-nio-8080-exec-9] Secured GET /webjars/jquery/3.7.1/jquery.min.js
2023-11-23 22:23:51,032 DEBUG org.springframework.security.web.FilterChainProxy [http-nio-8080-exec-8] Secured GET /webjars/bootstrap/5.3.2/css/bootstrap.min.css
2023-11-23 22:23:51,044 DEBUG org.springframework.security.web.context.HttpSessionSecurityContextRepository [http-nio-8080-exec-10] Retrieved SecurityContextImpl [Authentication=UsernamePasswordAuthenticationToken [Principal=org.springframework.security.core.userdetails.User [Username=admin, Password=[PROTECTED], Enabled=true, AccountNonExpired=true, credentialsNonExpired=true, AccountNonLocked=true, Granted Authorities=[ROLE_ADMIN]], Credentials=[PROTECTED], Authenticated=true, Details=WebAuthenticationDetails [RemoteIpAddress=0:0:0:0:0:0:0:1, SessionId=e1d9887e-98cd-4c21-b99d-71e1fe2eb21c], Granted Authorities=[ROLE_ADMIN]]]
2023-11-23 22:23:51,051 DEBUG org.springframework.security.web.context.HttpSessionSecurityContextRepository [http-nio-8080-exec-9] Retrieved SecurityContextImpl [Authentication=UsernamePasswordAuthenticationToken [Principal=org.springframework.security.core.userdetails.User [Username=admin, Password=[PROTECTED], Enabled=true, AccountNonExpired=true, credentialsNonExpired=true, AccountNonLocked=true, Granted Authorities=[ROLE_ADMIN]], Credentials=[PROTECTED], Authenticated=true, Details=WebAuthenticationDetails [RemoteIpAddress=0:0:0:0:0:0:0:1, SessionId=e1d9887e-98cd-4c21-b99d-71e1fe2eb21c], Granted Authorities=[ROLE_ADMIN]]]
2023-11-23 22:23:51,052 DEBUG org.springframework.security.web.context.HttpSessionSecurityContextRepository [http-nio-8080-exec-8] Retrieved SecurityContextImpl [Authentication=UsernamePasswordAuthenticationToken [Principal=org.springframework.security.core.userdetails.User [Username=admin, Password=[PROTECTED], Enabled=true, AccountNonExpired=true, credentialsNonExpired=true, AccountNonLocked=true, Granted Authorities=[ROLE_ADMIN]], Credentials=[PROTECTED], Authenticated=true, Details=WebAuthenticationDetails [RemoteIpAddress=0:0:0:0:0:0:0:1, SessionId=e1d9887e-98cd-4c21-b99d-71e1fe2eb21c], Granted Authorities=[ROLE_ADMIN]]]
2023-11-23 22:23:51,124 DEBUG org.springframework.security.web.FilterChainProxy [http-nio-8080-exec-1] Securing GET /favicon.ico
2023-11-23 22:23:51,131 DEBUG org.springframework.security.web.FilterChainProxy [http-nio-8080-exec-1] Secured GET /favicon.ico
2023-11-23 22:23:51,150 DEBUG org.springframework.security.web.context.HttpSessionSecurityContextRepository [http-nio-8080-exec-1] Retrieved SecurityContextImpl [Authentication=UsernamePasswordAuthenticationToken [Principal=org.springframework.security.core.userdetails.User [Username=admin, Password=[PROTECTED], Enabled=true, AccountNonExpired=true, credentialsNonExpired=true, AccountNonLocked=true, Granted Authorities=[ROLE_ADMIN]], Credentials=[PROTECTED], Authenticated=true, Details=WebAuthenticationDetails [RemoteIpAddress=0:0:0:0:0:0:0:1, SessionId=e1d9887e-98cd-4c21-b99d-71e1fe2eb21c], Granted Authorities=[ROLE_ADMIN]]]
